ARM GAS  C:\Users\euanm\AppData\Local\Temp\cc6Cetz9.s 			page 1


   1              		.syntax unified
   2              		.cpu cortex-m4
   3              		.eabi_attribute 27, 1
   4              		.eabi_attribute 28, 1
   5              		.fpu fpv4-sp-d16
   6              		.eabi_attribute 20, 1
   7              		.eabi_attribute 21, 1
   8              		.eabi_attribute 23, 3
   9              		.eabi_attribute 24, 1
  10              		.eabi_attribute 25, 1
  11              		.eabi_attribute 26, 1
  12              		.eabi_attribute 30, 2
  13              		.eabi_attribute 34, 1
  14              		.eabi_attribute 18, 4
  15              		.thumb
  16              		.syntax unified
  17              		.file	"hw_A200S.c"
  18              		.text
  19              	.Ltext0:
  20              		.cfi_sections	.debug_frame
  21              	.Letext0:
  22              		.section	.debug_line,"",%progbits
  23              	.Ldebug_line0:
  24              		.section	.debug_str,"MS",%progbits,1
  25              	.LASF0:
  26 0000 6877636F 		.ascii	"hwconf/hw_A200S.c\000"
  26      6E662F68 
  26      775F4132 
  26      3030532E 
  26      6300
  27              	.LASF1:
  28 0012 474E5520 		.ascii	"GNU C99 5.4.1 20160919 (release) [ARM/embedded-5-br"
  28      43393920 
  28      352E342E 
  28      31203230 
  28      31363039 
  29 0045 616E6368 		.ascii	"anch revision 240496] -mcpu=cortex-m4 -mfloat-abi=h"
  29      20726576 
  29      6973696F 
  29      6E203234 
  29      30343936 
  30 0078 61726420 		.ascii	"ard -mfpu=fpv4-sp-d16 -mno-thumb-interwork -mthumb "
  30      2D6D6670 
  30      753D6670 
  30      76342D73 
  30      702D6431 
  31 00ab 2D676764 		.ascii	"-ggdb -O2 -std=gnu99 -fomit-frame-pointer -falign-f"
  31      62202D4F 
  31      32202D73 
  31      74643D67 
  31      6E753939 
  32 00de 756E6374 		.ascii	"unctions=16 -ffunction-sections -fdata-sections -fn"
  32      696F6E73 
  32      3D313620 
  32      2D666675 
  32      6E637469 
  33 0111 6F2D636F 		.ascii	"o-common -fsingle-precision-constant\000"
ARM GAS  C:\Users\euanm\AppData\Local\Temp\cc6Cetz9.s 			page 2


  33      6D6D6F6E 
  33      202D6673 
  33      696E676C 
  33      652D7072 
  34              	.LASF2:
  35 0136 643A5C67 		.ascii	"d:\\git\\A450S\000"
  35      69745C41 
  35      34353053 
  35      00
  36              		.ident	"GCC: (GNU Tools for ARM Embedded Processors) 5.4.1 20160919 (release) [ARM/embedded-5-bran
ARM GAS  C:\Users\euanm\AppData\Local\Temp\cc6Cetz9.s 			page 3


DEFINED SYMBOLS
                            *ABS*:00000000 hw_A200S.c

NO UNDEFINED SYMBOLS
