ARM GAS  C:\Users\euanm\AppData\Local\Temp\ccnpiAo6.s 			page 1


   1              		.syntax unified
   2              		.cpu cortex-m4
   3              		.eabi_attribute 27, 1
   4              		.eabi_attribute 28, 1
   5              		.fpu fpv4-sp-d16
   6              		.eabi_attribute 20, 1
   7              		.eabi_attribute 21, 1
   8              		.eabi_attribute 23, 3
   9              		.eabi_attribute 24, 1
  10              		.eabi_attribute 25, 1
  11              		.eabi_attribute 26, 1
  12              		.eabi_attribute 30, 2
  13              		.eabi_attribute 34, 1
  14              		.eabi_attribute 18, 4
  15              		.thumb
  16              		.syntax unified
  17              		.file	"irq_handlers.c"
  18              		.text
  19              	.Ltext0:
  20              		.cfi_sections	.debug_frame
  21              		.section	.text.Vector88,"ax",%progbits
  22              		.align	2
  23              		.p2align 4,,15
  24              		.global	Vector88
  25              		.thumb
  26              		.thumb_func
  27              		.type	Vector88, %function
  28              	Vector88:
  29              	.LFB256:
  30              		.file 1 "irq_handlers.c"
  31              		.loc 1 36 0
  32              		.cfi_startproc
  33              		@ args = 0, pretend = 0, frame = 0
  34              		@ frame_needed = 0, uses_anonymous_args = 0
  35 0000 08B5     		push	{r3, lr}
  36              		.cfi_def_cfa_offset 8
  37              		.cfi_offset 3, -8
  38              		.cfi_offset 14, -4
  39              		.loc 1 38 0
  40 0002 40F20741 		movw	r1, #1031
  41 0006 0448     		ldr	r0, .L3
  42 0008 FFF7FEFF 		bl	ADC_ClearITPendingBit
  43              	.LVL0:
  44              		.loc 1 39 0
  45 000c FFF7FEFF 		bl	mc_interface_adc_inj_int_handler
  46              	.LVL1:
  47              		.loc 1 41 0
  48 0010 BDE80840 		pop	{r3, lr}
  49              		.cfi_restore 14
  50              		.cfi_restore 3
  51              		.cfi_def_cfa_offset 0
  52              		.loc 1 40 0
  53 0014 FFF7FEBF 		b	_port_irq_epilogue
  54              	.LVL2:
  55              	.L4:
  56              		.align	2
  57              	.L3:
ARM GAS  C:\Users\euanm\AppData\Local\Temp\ccnpiAo6.s 			page 2


  58 0018 00200140 		.word	1073815552
  59              		.cfi_endproc
  60              	.LFE256:
  61              		.size	Vector88, .-Vector88
  62              		.section	.text.VectorE0,"ax",%progbits
  63              		.align	2
  64              		.p2align 4,,15
  65              		.global	VectorE0
  66              		.thumb
  67              		.thumb_func
  68              		.type	VectorE0, %function
  69              	VectorE0:
  70              	.LFB257:
  71              		.loc 1 43 0
  72              		.cfi_startproc
  73              		@ args = 0, pretend = 0, frame = 0
  74              		@ frame_needed = 0, uses_anonymous_args = 0
  75 0000 08B5     		push	{r3, lr}
  76              		.cfi_def_cfa_offset 8
  77              		.cfi_offset 3, -8
  78              		.cfi_offset 14, -4
  79              		.loc 1 44 0
  80 0002 4FF40060 		mov	r0, #2048
  81 0006 FFF7FEFF 		bl	EXTI_GetITStatus
  82              	.LVL3:
  83 000a 00B9     		cbnz	r0, .L9
  84 000c 08BD     		pop	{r3, pc}
  85              	.L9:
  86              		.loc 1 45 0
  87 000e FFF7FEFF 		bl	encoder_reset
  88              	.LVL4:
  89              		.loc 1 48 0
  90 0012 4FF40060 		mov	r0, #2048
  91              		.loc 1 50 0
  92 0016 BDE80840 		pop	{r3, lr}
  93              		.cfi_restore 14
  94              		.cfi_restore 3
  95              		.cfi_def_cfa_offset 0
  96              		.loc 1 48 0
  97 001a FFF7FEBF 		b	EXTI_ClearITPendingBit
  98              	.LVL5:
  99              		.cfi_endproc
 100              	.LFE257:
 101              		.size	VectorE0, .-VectorE0
 102 001e 00BF     		.section	.text.VectorB8,"ax",%progbits
 103              		.align	2
 104              		.p2align 4,,15
 105              		.global	VectorB8
 106              		.thumb
 107              		.thumb_func
 108              		.type	VectorB8, %function
 109              	VectorB8:
 110              	.LFB258:
 111              		.loc 1 52 0
 112              		.cfi_startproc
 113              		@ args = 0, pretend = 0, frame = 0
 114              		@ frame_needed = 0, uses_anonymous_args = 0
ARM GAS  C:\Users\euanm\AppData\Local\Temp\ccnpiAo6.s 			page 3


 115 0000 08B5     		push	{r3, lr}
 116              		.cfi_def_cfa_offset 8
 117              		.cfi_offset 3, -8
 118              		.cfi_offset 14, -4
 119              		.loc 1 53 0
 120 0002 0121     		movs	r1, #1
 121 0004 0648     		ldr	r0, .L14
 122 0006 FFF7FEFF 		bl	TIM_GetITStatus
 123              	.LVL6:
 124 000a 00B9     		cbnz	r0, .L13
 125 000c 08BD     		pop	{r3, pc}
 126              	.L13:
 127              		.loc 1 54 0
 128 000e FFF7FEFF 		bl	encoder_tim_isr
 129              	.LVL7:
 130              		.loc 1 57 0
 131 0012 0121     		movs	r1, #1
 132 0014 0248     		ldr	r0, .L14
 133              		.loc 1 59 0
 134 0016 BDE80840 		pop	{r3, lr}
 135              		.cfi_restore 14
 136              		.cfi_restore 3
 137              		.cfi_def_cfa_offset 0
 138              		.loc 1 57 0
 139 001a FFF7FEBF 		b	TIM_ClearITPendingBit
 140              	.LVL8:
 141              	.L15:
 142 001e 00BF     		.align	2
 143              	.L14:
 144 0020 00080040 		.word	1073743872
 145              		.cfi_endproc
 146              	.LFE258:
 147              		.size	VectorB8, .-VectorB8
 148              		.text
 149              	.Letext0:
 150              		.file 2 "c:\\program files (x86)\\gnu tools arm embedded\\5.4 2016q3\\arm-none-eabi\\include\\mach
 151              		.file 3 "c:\\program files (x86)\\gnu tools arm embedded\\5.4 2016q3\\arm-none-eabi\\include\\sys\
 152              		.file 4 "ChibiOS_3.0.2/os/rt/ports/ARMCMx/compilers/GCC/chtypes.h"
 153              		.file 5 "ChibiOS_3.0.2/os/rt/include/chsystypes.h"
 154              		.file 6 "ChibiOS_3.0.2/os/rt/include/chschd.h"
 155              		.file 7 "ChibiOS_3.0.2/os/ext/CMSIS/ST/stm32f407xx.h"
 156              		.file 8 "ChibiOS_3.0.2/os/rt/ports/ARMCMx/chcore.h"
 157              		.file 9 "ChibiOS_3.0.2/os/rt/ports/ARMCMx/chcore_v7m.h"
 158              		.file 10 "ChibiOS_3.0.2/os/rt/include/chtm.h"
 159              		.file 11 "ChibiOS_3.0.2/os/rt/include/chsem.h"
 160              		.file 12 "ChibiOS_3.0.2/os/rt/include/chmtx.h"
 161              		.file 13 "ChibiOS_3.0.2/ext/stdperiph_stm32f4/inc/stm32f4xx_adc.h"
 162              		.file 14 "mc_interface.h"
 163              		.file 15 "ChibiOS_3.0.2/ext/stdperiph_stm32f4/inc/stm32f4xx_exti.h"
 164              		.file 16 "encoder.h"
 165              		.file 17 "ChibiOS_3.0.2/ext/stdperiph_stm32f4/inc/stm32f4xx_tim.h"
 166              		.file 18 "ChibiOS_3.0.2/os/ext/CMSIS/ST/stm32f4xx.h"
 167              		.file 19 "ChibiOS_3.0.2/os/ext/CMSIS/include/core_cm4.h"
 168              		.section	.debug_info,"",%progbits
 169              	.Ldebug_info0:
 170 0000 CB0A0000 		.4byte	0xacb
 171 0004 0400     		.2byte	0x4
ARM GAS  C:\Users\euanm\AppData\Local\Temp\ccnpiAo6.s 			page 4


 172 0006 00000000 		.4byte	.Ldebug_abbrev0
 173 000a 04       		.byte	0x4
 174 000b 01       		.uleb128 0x1
 175 000c 67050000 		.4byte	.LASF149
 176 0010 0C       		.byte	0xc
 177 0011 AC060000 		.4byte	.LASF150
 178 0015 D8020000 		.4byte	.LASF151
 179 0019 00000000 		.4byte	.Ldebug_ranges0+0
 180 001d 00000000 		.4byte	0
 181 0021 00000000 		.4byte	.Ldebug_line0
 182 0025 02       		.uleb128 0x2
 183 0026 04       		.byte	0x4
 184 0027 05       		.byte	0x5
 185 0028 696E7400 		.ascii	"int\000"
 186 002c 03       		.uleb128 0x3
 187 002d 04       		.byte	0x4
 188 002e 07       		.byte	0x7
 189 002f DE010000 		.4byte	.LASF0
 190 0033 03       		.uleb128 0x3
 191 0034 01       		.byte	0x1
 192 0035 06       		.byte	0x6
 193 0036 E0000000 		.4byte	.LASF1
 194 003a 04       		.uleb128 0x4
 195 003b 28000000 		.4byte	.LASF4
 196 003f 02       		.byte	0x2
 197 0040 1D       		.byte	0x1d
 198 0041 45000000 		.4byte	0x45
 199 0045 03       		.uleb128 0x3
 200 0046 01       		.byte	0x1
 201 0047 08       		.byte	0x8
 202 0048 DD030000 		.4byte	.LASF2
 203 004c 03       		.uleb128 0x3
 204 004d 02       		.byte	0x2
 205 004e 05       		.byte	0x5
 206 004f F5030000 		.4byte	.LASF3
 207 0053 04       		.uleb128 0x4
 208 0054 A5040000 		.4byte	.LASF5
 209 0058 02       		.byte	0x2
 210 0059 2B       		.byte	0x2b
 211 005a 5E000000 		.4byte	0x5e
 212 005e 03       		.uleb128 0x3
 213 005f 02       		.byte	0x2
 214 0060 07       		.byte	0x7
 215 0061 20020000 		.4byte	.LASF6
 216 0065 04       		.uleb128 0x4
 217 0066 71020000 		.4byte	.LASF7
 218 006a 02       		.byte	0x2
 219 006b 3F       		.byte	0x3f
 220 006c 70000000 		.4byte	0x70
 221 0070 03       		.uleb128 0x3
 222 0071 04       		.byte	0x4
 223 0072 05       		.byte	0x5
 224 0073 31010000 		.4byte	.LASF8
 225 0077 04       		.uleb128 0x4
 226 0078 E3040000 		.4byte	.LASF9
 227 007c 02       		.byte	0x2
 228 007d 41       		.byte	0x41
ARM GAS  C:\Users\euanm\AppData\Local\Temp\ccnpiAo6.s 			page 5


 229 007e 82000000 		.4byte	0x82
 230 0082 03       		.uleb128 0x3
 231 0083 04       		.byte	0x4
 232 0084 07       		.byte	0x7
 233 0085 89040000 		.4byte	.LASF10
 234 0089 03       		.uleb128 0x3
 235 008a 08       		.byte	0x8
 236 008b 05       		.byte	0x5
 237 008c D2000000 		.4byte	.LASF11
 238 0090 04       		.uleb128 0x4
 239 0091 6B030000 		.4byte	.LASF12
 240 0095 02       		.byte	0x2
 241 0096 5B       		.byte	0x5b
 242 0097 9B000000 		.4byte	0x9b
 243 009b 03       		.uleb128 0x3
 244 009c 08       		.byte	0x8
 245 009d 07       		.byte	0x7
 246 009e 57000000 		.4byte	.LASF13
 247 00a2 04       		.uleb128 0x4
 248 00a3 A4060000 		.4byte	.LASF14
 249 00a7 03       		.byte	0x3
 250 00a8 18       		.byte	0x18
 251 00a9 3A000000 		.4byte	0x3a
 252 00ad 04       		.uleb128 0x4
 253 00ae 59010000 		.4byte	.LASF15
 254 00b2 03       		.byte	0x3
 255 00b3 24       		.byte	0x24
 256 00b4 53000000 		.4byte	0x53
 257 00b8 04       		.uleb128 0x4
 258 00b9 D5030000 		.4byte	.LASF16
 259 00bd 03       		.byte	0x3
 260 00be 2C       		.byte	0x2c
 261 00bf 65000000 		.4byte	0x65
 262 00c3 04       		.uleb128 0x4
 263 00c4 56040000 		.4byte	.LASF17
 264 00c8 03       		.byte	0x3
 265 00c9 30       		.byte	0x30
 266 00ca 77000000 		.4byte	0x77
 267 00ce 04       		.uleb128 0x4
 268 00cf 1F000000 		.4byte	.LASF18
 269 00d3 03       		.byte	0x3
 270 00d4 3C       		.byte	0x3c
 271 00d5 90000000 		.4byte	0x90
 272 00d9 05       		.uleb128 0x5
 273 00da B8000000 		.4byte	0xb8
 274 00de 05       		.uleb128 0x5
 275 00df C3000000 		.4byte	0xc3
 276 00e3 04       		.uleb128 0x4
 277 00e4 9E020000 		.4byte	.LASF19
 278 00e8 04       		.byte	0x4
 279 00e9 45       		.byte	0x45
 280 00ea C3000000 		.4byte	0xc3
 281 00ee 04       		.uleb128 0x4
 282 00ef 4F020000 		.4byte	.LASF20
 283 00f3 04       		.byte	0x4
 284 00f4 48       		.byte	0x48
 285 00f5 A2000000 		.4byte	0xa2
ARM GAS  C:\Users\euanm\AppData\Local\Temp\ccnpiAo6.s 			page 6


 286 00f9 04       		.uleb128 0x4
 287 00fa 50010000 		.4byte	.LASF21
 288 00fe 04       		.byte	0x4
 289 00ff 49       		.byte	0x49
 290 0100 A2000000 		.4byte	0xa2
 291 0104 04       		.uleb128 0x4
 292 0105 92030000 		.4byte	.LASF22
 293 0109 04       		.byte	0x4
 294 010a 4A       		.byte	0x4a
 295 010b A2000000 		.4byte	0xa2
 296 010f 04       		.uleb128 0x4
 297 0110 14010000 		.4byte	.LASF23
 298 0114 04       		.byte	0x4
 299 0115 4B       		.byte	0x4b
 300 0116 A2000000 		.4byte	0xa2
 301 011a 04       		.uleb128 0x4
 302 011b B7030000 		.4byte	.LASF24
 303 011f 04       		.byte	0x4
 304 0120 4C       		.byte	0x4c
 305 0121 C3000000 		.4byte	0xc3
 306 0125 04       		.uleb128 0x4
 307 0126 3D020000 		.4byte	.LASF25
 308 012a 04       		.byte	0x4
 309 012b 4D       		.byte	0x4d
 310 012c B8000000 		.4byte	0xb8
 311 0130 04       		.uleb128 0x4
 312 0131 65020000 		.4byte	.LASF26
 313 0135 04       		.byte	0x4
 314 0136 4F       		.byte	0x4f
 315 0137 C3000000 		.4byte	0xc3
 316 013b 04       		.uleb128 0x4
 317 013c F3020000 		.4byte	.LASF27
 318 0140 04       		.byte	0x4
 319 0141 51       		.byte	0x51
 320 0142 B8000000 		.4byte	0xb8
 321 0146 04       		.uleb128 0x4
 322 0147 C5040000 		.4byte	.LASF28
 323 014b 05       		.byte	0x5
 324 014c 33       		.byte	0x33
 325 014d C3000000 		.4byte	0xc3
 326 0151 04       		.uleb128 0x4
 327 0152 B0040000 		.4byte	.LASF29
 328 0156 05       		.byte	0x5
 329 0157 3F       		.byte	0x3f
 330 0158 5C010000 		.4byte	0x15c
 331 015c 06       		.uleb128 0x6
 332 015d 33020000 		.4byte	.LASF51
 333 0161 48       		.byte	0x48
 334 0162 06       		.byte	0x6
 335 0163 C2       		.byte	0xc2
 336 0164 61020000 		.4byte	0x261
 337 0168 07       		.uleb128 0x7
 338 0169 1F040000 		.4byte	.LASF30
 339 016d 06       		.byte	0x6
 340 016e C3       		.byte	0xc3
 341 016f 6C020000 		.4byte	0x26c
 342 0173 00       		.byte	0
ARM GAS  C:\Users\euanm\AppData\Local\Temp\ccnpiAo6.s 			page 7


 343 0174 07       		.uleb128 0x7
 344 0175 AA030000 		.4byte	.LASF31
 345 0179 06       		.byte	0x6
 346 017a C5       		.byte	0xc5
 347 017b 6C020000 		.4byte	0x26c
 348 017f 04       		.byte	0x4
 349 0180 07       		.uleb128 0x7
 350 0181 B2000000 		.4byte	.LASF32
 351 0185 06       		.byte	0x6
 352 0186 C7       		.byte	0xc7
 353 0187 1A010000 		.4byte	0x11a
 354 018b 08       		.byte	0x8
 355 018c 07       		.uleb128 0x7
 356 018d 04070000 		.4byte	.LASF33
 357 0191 06       		.byte	0x6
 358 0192 C8       		.byte	0xc8
 359 0193 DC060000 		.4byte	0x6dc
 360 0197 0C       		.byte	0xc
 361 0198 07       		.uleb128 0x7
 362 0199 7E010000 		.4byte	.LASF34
 363 019d 06       		.byte	0x6
 364 019e CA       		.byte	0xca
 365 019f 6C020000 		.4byte	0x26c
 366 01a3 10       		.byte	0x10
 367 01a4 07       		.uleb128 0x7
 368 01a5 14030000 		.4byte	.LASF35
 369 01a9 06       		.byte	0x6
 370 01aa CB       		.byte	0xcb
 371 01ab 6C020000 		.4byte	0x26c
 372 01af 14       		.byte	0x14
 373 01b0 07       		.uleb128 0x7
 374 01b1 D7060000 		.4byte	.LASF36
 375 01b5 06       		.byte	0x6
 376 01b6 D2       		.byte	0xd2
 377 01b7 21090000 		.4byte	0x921
 378 01bb 18       		.byte	0x18
 379 01bc 07       		.uleb128 0x7
 380 01bd FF030000 		.4byte	.LASF37
 381 01c1 06       		.byte	0x6
 382 01c2 DD       		.byte	0xdd
 383 01c3 F9000000 		.4byte	0xf9
 384 01c7 1C       		.byte	0x1c
 385 01c8 07       		.uleb128 0x7
 386 01c9 26040000 		.4byte	.LASF38
 387 01cd 06       		.byte	0x6
 388 01ce E1       		.byte	0xe1
 389 01cf EE000000 		.4byte	0xee
 390 01d3 1D       		.byte	0x1d
 391 01d4 07       		.uleb128 0x7
 392 01d5 3E030000 		.4byte	.LASF39
 393 01d9 06       		.byte	0x6
 394 01da E6       		.byte	0xe6
 395 01db 04010000 		.4byte	0x104
 396 01df 1E       		.byte	0x1e
 397 01e0 07       		.uleb128 0x7
 398 01e1 07040000 		.4byte	.LASF40
 399 01e5 06       		.byte	0x6
ARM GAS  C:\Users\euanm\AppData\Local\Temp\ccnpiAo6.s 			page 8


 400 01e6 EC       		.byte	0xec
 401 01e7 0F010000 		.4byte	0x10f
 402 01eb 1F       		.byte	0x1f
 403 01ec 07       		.uleb128 0x7
 404 01ed FF040000 		.4byte	.LASF41
 405 01f1 06       		.byte	0x6
 406 01f2 F3       		.byte	0xf3
 407 01f3 33090000 		.4byte	0x933
 408 01f7 20       		.byte	0x20
 409 01f8 08       		.uleb128 0x8
 410 01f9 705F7500 		.ascii	"p_u\000"
 411 01fd 06       		.byte	0x6
 412 01fe 3101     		.2byte	0x131
 413 0200 5C080000 		.4byte	0x85c
 414 0204 24       		.byte	0x24
 415 0205 09       		.uleb128 0x9
 416 0206 0A070000 		.4byte	.LASF42
 417 020a 06       		.byte	0x6
 418 020b 3601     		.2byte	0x136
 419 020d 72020000 		.4byte	0x272
 420 0211 28       		.byte	0x28
 421 0212 09       		.uleb128 0x9
 422 0213 17050000 		.4byte	.LASF43
 423 0217 06       		.byte	0x6
 424 0218 3C01     		.2byte	0x13c
 425 021a 96020000 		.4byte	0x296
 426 021e 2C       		.byte	0x2c
 427 021f 09       		.uleb128 0x9
 428 0220 ED060000 		.4byte	.LASF44
 429 0224 06       		.byte	0x6
 430 0225 4001     		.2byte	0x140
 431 0227 25010000 		.4byte	0x125
 432 022b 34       		.byte	0x34
 433 022c 09       		.uleb128 0x9
 434 022d 4B040000 		.4byte	.LASF45
 435 0231 06       		.byte	0x6
 436 0232 4601     		.2byte	0x146
 437 0234 30010000 		.4byte	0x130
 438 0238 38       		.byte	0x38
 439 0239 09       		.uleb128 0x9
 440 023a EB030000 		.4byte	.LASF46
 441 023e 06       		.byte	0x6
 442 023f 4D01     		.2byte	0x14d
 443 0241 1B090000 		.4byte	0x91b
 444 0245 3C       		.byte	0x3c
 445 0246 09       		.uleb128 0x9
 446 0247 CF040000 		.4byte	.LASF47
 447 024b 06       		.byte	0x6
 448 024c 5101     		.2byte	0x151
 449 024e 1A010000 		.4byte	0x11a
 450 0252 40       		.byte	0x40
 451 0253 09       		.uleb128 0x9
 452 0254 EC000000 		.4byte	.LASF48
 453 0258 06       		.byte	0x6
 454 0259 5801     		.2byte	0x158
 455 025b 49030000 		.4byte	0x349
 456 025f 44       		.byte	0x44
ARM GAS  C:\Users\euanm\AppData\Local\Temp\ccnpiAo6.s 			page 9


 457 0260 00       		.byte	0
 458 0261 04       		.uleb128 0x4
 459 0262 A6020000 		.4byte	.LASF49
 460 0266 05       		.byte	0x5
 461 0267 44       		.byte	0x44
 462 0268 6C020000 		.4byte	0x26c
 463 026c 0A       		.uleb128 0xa
 464 026d 04       		.byte	0x4
 465 026e 51010000 		.4byte	0x151
 466 0272 04       		.uleb128 0x4
 467 0273 DE060000 		.4byte	.LASF50
 468 0277 05       		.byte	0x5
 469 0278 49       		.byte	0x49
 470 0279 7D020000 		.4byte	0x27d
 471 027d 06       		.uleb128 0x6
 472 027e 79040000 		.4byte	.LASF52
 473 0282 04       		.byte	0x4
 474 0283 06       		.byte	0x6
 475 0284 B0       		.byte	0xb0
 476 0285 96020000 		.4byte	0x296
 477 0289 07       		.uleb128 0x7
 478 028a 1F040000 		.4byte	.LASF30
 479 028e 06       		.byte	0x6
 480 028f B1       		.byte	0xb1
 481 0290 6C020000 		.4byte	0x26c
 482 0294 00       		.byte	0
 483 0295 00       		.byte	0
 484 0296 04       		.uleb128 0x4
 485 0297 2E040000 		.4byte	.LASF53
 486 029b 05       		.byte	0x5
 487 029c 50       		.byte	0x50
 488 029d A1020000 		.4byte	0x2a1
 489 02a1 06       		.uleb128 0x6
 490 02a2 A1000000 		.4byte	.LASF54
 491 02a6 08       		.byte	0x8
 492 02a7 06       		.byte	0x6
 493 02a8 B7       		.byte	0xb7
 494 02a9 C6020000 		.4byte	0x2c6
 495 02ad 07       		.uleb128 0x7
 496 02ae 1F040000 		.4byte	.LASF30
 497 02b2 06       		.byte	0x6
 498 02b3 B8       		.byte	0xb8
 499 02b4 6C020000 		.4byte	0x26c
 500 02b8 00       		.byte	0
 501 02b9 07       		.uleb128 0x7
 502 02ba AA030000 		.4byte	.LASF31
 503 02be 06       		.byte	0x6
 504 02bf B9       		.byte	0xb9
 505 02c0 6C020000 		.4byte	0x26c
 506 02c4 04       		.byte	0x4
 507 02c5 00       		.byte	0
 508 02c6 04       		.uleb128 0x4
 509 02c7 00000000 		.4byte	.LASF55
 510 02cb 05       		.byte	0x5
 511 02cc 57       		.byte	0x57
 512 02cd D1020000 		.4byte	0x2d1
 513 02d1 0B       		.uleb128 0xb
ARM GAS  C:\Users\euanm\AppData\Local\Temp\ccnpiAo6.s 			page 10


 514 02d2 57020000 		.4byte	.LASF56
 515 02d6 1C       		.byte	0x1c
 516 02d7 06       		.byte	0x6
 517 02d8 9001     		.2byte	0x190
 518 02da 2D030000 		.4byte	0x32d
 519 02de 09       		.uleb128 0x9
 520 02df 66040000 		.4byte	.LASF57
 521 02e3 06       		.byte	0x6
 522 02e4 9101     		.2byte	0x191
 523 02e6 96020000 		.4byte	0x296
 524 02ea 00       		.byte	0
 525 02eb 09       		.uleb128 0x9
 526 02ec 11040000 		.4byte	.LASF58
 527 02f0 06       		.byte	0x6
 528 02f1 9201     		.2byte	0x192
 529 02f3 1A010000 		.4byte	0x11a
 530 02f7 08       		.byte	0x8
 531 02f8 09       		.uleb128 0x9
 532 02f9 1C030000 		.4byte	.LASF59
 533 02fd 06       		.byte	0x6
 534 02fe 9401     		.2byte	0x194
 535 0300 DC060000 		.4byte	0x6dc
 536 0304 0C       		.byte	0xc
 537 0305 09       		.uleb128 0x9
 538 0306 97010000 		.4byte	.LASF60
 539 030a 06       		.byte	0x6
 540 030b 9701     		.2byte	0x197
 541 030d 6C020000 		.4byte	0x26c
 542 0311 10       		.byte	0x10
 543 0312 09       		.uleb128 0x9
 544 0313 4F030000 		.4byte	.LASF61
 545 0317 06       		.byte	0x6
 546 0318 9801     		.2byte	0x198
 547 031a 6C020000 		.4byte	0x26c
 548 031e 14       		.byte	0x14
 549 031f 09       		.uleb128 0x9
 550 0320 45030000 		.4byte	.LASF62
 551 0324 06       		.byte	0x6
 552 0325 9B01     		.2byte	0x19b
 553 0327 6C020000 		.4byte	0x26c
 554 032b 18       		.byte	0x18
 555 032c 00       		.byte	0
 556 032d 04       		.uleb128 0x4
 557 032e DA040000 		.4byte	.LASF63
 558 0332 05       		.byte	0x5
 559 0333 5C       		.byte	0x5c
 560 0334 38030000 		.4byte	0x338
 561 0338 0A       		.uleb128 0xa
 562 0339 04       		.byte	0x4
 563 033a 3E030000 		.4byte	0x33e
 564 033e 0C       		.uleb128 0xc
 565 033f 49030000 		.4byte	0x349
 566 0343 0D       		.uleb128 0xd
 567 0344 49030000 		.4byte	0x349
 568 0348 00       		.byte	0
 569 0349 0E       		.uleb128 0xe
 570 034a 04       		.byte	0x4
ARM GAS  C:\Users\euanm\AppData\Local\Temp\ccnpiAo6.s 			page 11


 571 034b 04       		.uleb128 0x4
 572 034c 9A030000 		.4byte	.LASF64
 573 0350 05       		.byte	0x5
 574 0351 61       		.byte	0x61
 575 0352 56030000 		.4byte	0x356
 576 0356 0B       		.uleb128 0xb
 577 0357 06050000 		.4byte	.LASF65
 578 035b 14       		.byte	0x14
 579 035c 06       		.byte	0x6
 580 035d 6B01     		.2byte	0x16b
 581 035f A5030000 		.4byte	0x3a5
 582 0363 09       		.uleb128 0x9
 583 0364 EB010000 		.4byte	.LASF66
 584 0368 06       		.byte	0x6
 585 0369 6C01     		.2byte	0x16c
 586 036b 38090000 		.4byte	0x938
 587 036f 00       		.byte	0
 588 0370 09       		.uleb128 0x9
 589 0371 A8010000 		.4byte	.LASF67
 590 0375 06       		.byte	0x6
 591 0376 6D01     		.2byte	0x16d
 592 0378 38090000 		.4byte	0x938
 593 037c 04       		.byte	0x4
 594 037d 09       		.uleb128 0x9
 595 037e FA010000 		.4byte	.LASF68
 596 0382 06       		.byte	0x6
 597 0383 6E01     		.2byte	0x16e
 598 0385 46010000 		.4byte	0x146
 599 0389 08       		.byte	0x8
 600 038a 09       		.uleb128 0x9
 601 038b D0020000 		.4byte	.LASF69
 602 038f 06       		.byte	0x6
 603 0390 6F01     		.2byte	0x16f
 604 0392 2D030000 		.4byte	0x32d
 605 0396 0C       		.byte	0xc
 606 0397 09       		.uleb128 0x9
 607 0398 22050000 		.4byte	.LASF70
 608 039c 06       		.byte	0x6
 609 039d 7101     		.2byte	0x171
 610 039f 49030000 		.4byte	0x349
 611 03a3 10       		.byte	0x10
 612 03a4 00       		.byte	0
 613 03a5 04       		.uleb128 0x4
 614 03a6 79000000 		.4byte	.LASF71
 615 03aa 05       		.byte	0x5
 616 03ab 66       		.byte	0x66
 617 03ac B0030000 		.4byte	0x3b0
 618 03b0 0B       		.uleb128 0xb
 619 03b1 B9020000 		.4byte	.LASF72
 620 03b5 10       		.byte	0x10
 621 03b6 06       		.byte	0x6
 622 03b7 7B01     		.2byte	0x17b
 623 03b9 F2030000 		.4byte	0x3f2
 624 03bd 09       		.uleb128 0x9
 625 03be EB010000 		.4byte	.LASF66
 626 03c2 06       		.byte	0x6
 627 03c3 7C01     		.2byte	0x17c
ARM GAS  C:\Users\euanm\AppData\Local\Temp\ccnpiAo6.s 			page 12


 628 03c5 38090000 		.4byte	0x938
 629 03c9 00       		.byte	0
 630 03ca 09       		.uleb128 0x9
 631 03cb A8010000 		.4byte	.LASF67
 632 03cf 06       		.byte	0x6
 633 03d0 7E01     		.2byte	0x17e
 634 03d2 38090000 		.4byte	0x938
 635 03d6 04       		.byte	0x4
 636 03d7 09       		.uleb128 0x9
 637 03d8 FA010000 		.4byte	.LASF68
 638 03dc 06       		.byte	0x6
 639 03dd 8001     		.2byte	0x180
 640 03df 46010000 		.4byte	0x146
 641 03e3 08       		.byte	0x8
 642 03e4 09       		.uleb128 0x9
 643 03e5 6E040000 		.4byte	.LASF73
 644 03e9 06       		.byte	0x6
 645 03ea 8201     		.2byte	0x182
 646 03ec 33090000 		.4byte	0x933
 647 03f0 0C       		.byte	0xc
 648 03f1 00       		.byte	0
 649 03f2 04       		.uleb128 0x4
 650 03f3 03020000 		.4byte	.LASF74
 651 03f7 05       		.byte	0x5
 652 03f8 6B       		.byte	0x6b
 653 03f9 FD030000 		.4byte	0x3fd
 654 03fd 0B       		.uleb128 0xb
 655 03fe BF030000 		.4byte	.LASF75
 656 0402 04       		.byte	0x4
 657 0403 06       		.byte	0x6
 658 0404 A201     		.2byte	0x1a2
 659 0406 18040000 		.4byte	0x418
 660 040a 09       		.uleb128 0x9
 661 040b EE040000 		.4byte	.LASF76
 662 040f 06       		.byte	0x6
 663 0410 AA01     		.2byte	0x1aa
 664 0412 3E090000 		.4byte	0x93e
 665 0416 00       		.byte	0
 666 0417 00       		.byte	0
 667 0418 04       		.uleb128 0x4
 668 0419 43020000 		.4byte	.LASF77
 669 041d 05       		.byte	0x5
 670 041e 70       		.byte	0x70
 671 041f 23040000 		.4byte	0x423
 672 0423 0F       		.uleb128 0xf
 673 0424 27010000 		.4byte	.LASF78
 674 0428 5802     		.2byte	0x258
 675 042a 06       		.byte	0x6
 676 042b C201     		.2byte	0x1c2
 677 042d 7F040000 		.4byte	0x47f
 678 0431 09       		.uleb128 0x9
 679 0432 9E060000 		.4byte	.LASF79
 680 0436 06       		.byte	0x6
 681 0437 C601     		.2byte	0x1c6
 682 0439 C6020000 		.4byte	0x2c6
 683 043d 00       		.byte	0
 684 043e 09       		.uleb128 0x9
ARM GAS  C:\Users\euanm\AppData\Local\Temp\ccnpiAo6.s 			page 13


 685 043f 3E000000 		.4byte	.LASF80
 686 0443 06       		.byte	0x6
 687 0444 CA01     		.2byte	0x1ca
 688 0446 A5030000 		.4byte	0x3a5
 689 044a 1C       		.byte	0x1c
 690 044b 08       		.uleb128 0x8
 691 044c 64626700 		.ascii	"dbg\000"
 692 0450 06       		.byte	0x6
 693 0451 CE01     		.2byte	0x1ce
 694 0453 F2030000 		.4byte	0x3f2
 695 0457 2C       		.byte	0x2c
 696 0458 09       		.uleb128 0x9
 697 0459 6E000000 		.4byte	.LASF81
 698 045d 06       		.byte	0x6
 699 045e D201     		.2byte	0x1d2
 700 0460 51010000 		.4byte	0x151
 701 0464 30       		.byte	0x30
 702 0465 08       		.uleb128 0x8
 703 0466 746D00   		.ascii	"tm\000"
 704 0469 06       		.byte	0x6
 705 046a D701     		.2byte	0x1d7
 706 046c 51080000 		.4byte	0x851
 707 0470 78       		.byte	0x78
 708 0471 09       		.uleb128 0x9
 709 0472 B8010000 		.4byte	.LASF82
 710 0476 06       		.byte	0x6
 711 0477 E301     		.2byte	0x1e3
 712 0479 43090000 		.4byte	0x943
 713 047d 80       		.byte	0x80
 714 047e 00       		.byte	0
 715 047f 03       		.uleb128 0x3
 716 0480 04       		.byte	0x4
 717 0481 07       		.byte	0x7
 718 0482 BB060000 		.4byte	.LASF83
 719 0486 10       		.uleb128 0x10
 720 0487 50       		.byte	0x50
 721 0488 07       		.byte	0x7
 722 0489 C4       		.byte	0xc4
 723 048a 7D050000 		.4byte	0x57d
 724 048e 11       		.uleb128 0x11
 725 048f 535200   		.ascii	"SR\000"
 726 0492 07       		.byte	0x7
 727 0493 C6       		.byte	0xc6
 728 0494 DE000000 		.4byte	0xde
 729 0498 00       		.byte	0
 730 0499 11       		.uleb128 0x11
 731 049a 43523100 		.ascii	"CR1\000"
 732 049e 07       		.byte	0x7
 733 049f C7       		.byte	0xc7
 734 04a0 DE000000 		.4byte	0xde
 735 04a4 04       		.byte	0x4
 736 04a5 11       		.uleb128 0x11
 737 04a6 43523200 		.ascii	"CR2\000"
 738 04aa 07       		.byte	0x7
 739 04ab C8       		.byte	0xc8
 740 04ac DE000000 		.4byte	0xde
 741 04b0 08       		.byte	0x8
ARM GAS  C:\Users\euanm\AppData\Local\Temp\ccnpiAo6.s 			page 14


 742 04b1 07       		.uleb128 0x7
 743 04b2 22030000 		.4byte	.LASF84
 744 04b6 07       		.byte	0x7
 745 04b7 C9       		.byte	0xc9
 746 04b8 DE000000 		.4byte	0xde
 747 04bc 0C       		.byte	0xc
 748 04bd 07       		.uleb128 0x7
 749 04be 28030000 		.4byte	.LASF85
 750 04c2 07       		.byte	0x7
 751 04c3 CA       		.byte	0xca
 752 04c4 DE000000 		.4byte	0xde
 753 04c8 10       		.byte	0x10
 754 04c9 07       		.uleb128 0x7
 755 04ca 86020000 		.4byte	.LASF86
 756 04ce 07       		.byte	0x7
 757 04cf CB       		.byte	0xcb
 758 04d0 DE000000 		.4byte	0xde
 759 04d4 14       		.byte	0x14
 760 04d5 07       		.uleb128 0x7
 761 04d6 8C020000 		.4byte	.LASF87
 762 04da 07       		.byte	0x7
 763 04db CC       		.byte	0xcc
 764 04dc DE000000 		.4byte	0xde
 765 04e0 18       		.byte	0x18
 766 04e1 07       		.uleb128 0x7
 767 04e2 92020000 		.4byte	.LASF88
 768 04e6 07       		.byte	0x7
 769 04e7 CD       		.byte	0xcd
 770 04e8 DE000000 		.4byte	0xde
 771 04ec 1C       		.byte	0x1c
 772 04ed 07       		.uleb128 0x7
 773 04ee 98020000 		.4byte	.LASF89
 774 04f2 07       		.byte	0x7
 775 04f3 CE       		.byte	0xce
 776 04f4 DE000000 		.4byte	0xde
 777 04f8 20       		.byte	0x20
 778 04f9 11       		.uleb128 0x11
 779 04fa 48545200 		.ascii	"HTR\000"
 780 04fe 07       		.byte	0x7
 781 04ff CF       		.byte	0xcf
 782 0500 DE000000 		.4byte	0xde
 783 0504 24       		.byte	0x24
 784 0505 11       		.uleb128 0x11
 785 0506 4C545200 		.ascii	"LTR\000"
 786 050a 07       		.byte	0x7
 787 050b D0       		.byte	0xd0
 788 050c DE000000 		.4byte	0xde
 789 0510 28       		.byte	0x28
 790 0511 07       		.uleb128 0x7
 791 0512 5C030000 		.4byte	.LASF90
 792 0516 07       		.byte	0x7
 793 0517 D1       		.byte	0xd1
 794 0518 DE000000 		.4byte	0xde
 795 051c 2C       		.byte	0x2c
 796 051d 07       		.uleb128 0x7
 797 051e 61030000 		.4byte	.LASF91
 798 0522 07       		.byte	0x7
ARM GAS  C:\Users\euanm\AppData\Local\Temp\ccnpiAo6.s 			page 15


 799 0523 D2       		.byte	0xd2
 800 0524 DE000000 		.4byte	0xde
 801 0528 30       		.byte	0x30
 802 0529 07       		.uleb128 0x7
 803 052a 66030000 		.4byte	.LASF92
 804 052e 07       		.byte	0x7
 805 052f D3       		.byte	0xd3
 806 0530 DE000000 		.4byte	0xde
 807 0534 34       		.byte	0x34
 808 0535 07       		.uleb128 0x7
 809 0536 B9000000 		.4byte	.LASF93
 810 053a 07       		.byte	0x7
 811 053b D4       		.byte	0xd4
 812 053c DE000000 		.4byte	0xde
 813 0540 38       		.byte	0x38
 814 0541 07       		.uleb128 0x7
 815 0542 0A030000 		.4byte	.LASF94
 816 0546 07       		.byte	0x7
 817 0547 D5       		.byte	0xd5
 818 0548 DE000000 		.4byte	0xde
 819 054c 3C       		.byte	0x3c
 820 054d 07       		.uleb128 0x7
 821 054e 0F030000 		.4byte	.LASF95
 822 0552 07       		.byte	0x7
 823 0553 D6       		.byte	0xd6
 824 0554 DE000000 		.4byte	0xde
 825 0558 40       		.byte	0x40
 826 0559 07       		.uleb128 0x7
 827 055a C4060000 		.4byte	.LASF96
 828 055e 07       		.byte	0x7
 829 055f D7       		.byte	0xd7
 830 0560 DE000000 		.4byte	0xde
 831 0564 44       		.byte	0x44
 832 0565 07       		.uleb128 0x7
 833 0566 C9060000 		.4byte	.LASF97
 834 056a 07       		.byte	0x7
 835 056b D8       		.byte	0xd8
 836 056c DE000000 		.4byte	0xde
 837 0570 48       		.byte	0x48
 838 0571 11       		.uleb128 0x11
 839 0572 445200   		.ascii	"DR\000"
 840 0575 07       		.byte	0x7
 841 0576 D9       		.byte	0xd9
 842 0577 DE000000 		.4byte	0xde
 843 057b 4C       		.byte	0x4c
 844 057c 00       		.byte	0
 845 057d 04       		.uleb128 0x4
 846 057e 62010000 		.4byte	.LASF98
 847 0582 07       		.byte	0x7
 848 0583 DA       		.byte	0xda
 849 0584 86040000 		.4byte	0x486
 850 0588 12       		.uleb128 0x12
 851 0589 54       		.byte	0x54
 852 058a 07       		.byte	0x7
 853 058b EC02     		.2byte	0x2ec
 854 058d A1060000 		.4byte	0x6a1
 855 0591 08       		.uleb128 0x8
ARM GAS  C:\Users\euanm\AppData\Local\Temp\ccnpiAo6.s 			page 16


 856 0592 43523100 		.ascii	"CR1\000"
 857 0596 07       		.byte	0x7
 858 0597 EE02     		.2byte	0x2ee
 859 0599 DE000000 		.4byte	0xde
 860 059d 00       		.byte	0
 861 059e 08       		.uleb128 0x8
 862 059f 43523200 		.ascii	"CR2\000"
 863 05a3 07       		.byte	0x7
 864 05a4 EF02     		.2byte	0x2ef
 865 05a6 DE000000 		.4byte	0xde
 866 05aa 04       		.byte	0x4
 867 05ab 09       		.uleb128 0x9
 868 05ac A0040000 		.4byte	.LASF99
 869 05b0 07       		.byte	0x7
 870 05b1 F002     		.2byte	0x2f0
 871 05b3 DE000000 		.4byte	0xde
 872 05b7 08       		.byte	0x8
 873 05b8 09       		.uleb128 0x9
 874 05b9 0D000000 		.4byte	.LASF100
 875 05bd 07       		.byte	0x7
 876 05be F102     		.2byte	0x2f1
 877 05c0 DE000000 		.4byte	0xde
 878 05c4 0C       		.byte	0xc
 879 05c5 08       		.uleb128 0x8
 880 05c6 535200   		.ascii	"SR\000"
 881 05c9 07       		.byte	0x7
 882 05ca F202     		.2byte	0x2f2
 883 05cc DE000000 		.4byte	0xde
 884 05d0 10       		.byte	0x10
 885 05d1 08       		.uleb128 0x8
 886 05d2 45475200 		.ascii	"EGR\000"
 887 05d6 07       		.byte	0x7
 888 05d7 F302     		.2byte	0x2f3
 889 05d9 DE000000 		.4byte	0xde
 890 05dd 14       		.byte	0x14
 891 05de 09       		.uleb128 0x9
 892 05df BE000000 		.4byte	.LASF101
 893 05e3 07       		.byte	0x7
 894 05e4 F402     		.2byte	0x2f4
 895 05e6 DE000000 		.4byte	0xde
 896 05ea 18       		.byte	0x18
 897 05eb 09       		.uleb128 0x9
 898 05ec 45000000 		.4byte	.LASF102
 899 05f0 07       		.byte	0x7
 900 05f1 F502     		.2byte	0x2f5
 901 05f3 DE000000 		.4byte	0xde
 902 05f7 1C       		.byte	0x1c
 903 05f8 09       		.uleb128 0x9
 904 05f9 B9040000 		.4byte	.LASF103
 905 05fd 07       		.byte	0x7
 906 05fe F602     		.2byte	0x2f6
 907 0600 DE000000 		.4byte	0xde
 908 0604 20       		.byte	0x20
 909 0605 08       		.uleb128 0x8
 910 0606 434E5400 		.ascii	"CNT\000"
 911 060a 07       		.byte	0x7
 912 060b F702     		.2byte	0x2f7
ARM GAS  C:\Users\euanm\AppData\Local\Temp\ccnpiAo6.s 			page 17


 913 060d DE000000 		.4byte	0xde
 914 0611 24       		.byte	0x24
 915 0612 08       		.uleb128 0x8
 916 0613 50534300 		.ascii	"PSC\000"
 917 0617 07       		.byte	0x7
 918 0618 F802     		.2byte	0x2f8
 919 061a DE000000 		.4byte	0xde
 920 061e 28       		.byte	0x28
 921 061f 08       		.uleb128 0x8
 922 0620 41525200 		.ascii	"ARR\000"
 923 0624 07       		.byte	0x7
 924 0625 F902     		.2byte	0x2f9
 925 0627 DE000000 		.4byte	0xde
 926 062b 2C       		.byte	0x2c
 927 062c 08       		.uleb128 0x8
 928 062d 52435200 		.ascii	"RCR\000"
 929 0631 07       		.byte	0x7
 930 0632 FA02     		.2byte	0x2fa
 931 0634 DE000000 		.4byte	0xde
 932 0638 30       		.byte	0x30
 933 0639 09       		.uleb128 0x9
 934 063a 4A050000 		.4byte	.LASF104
 935 063e 07       		.byte	0x7
 936 063f FB02     		.2byte	0x2fb
 937 0641 DE000000 		.4byte	0xde
 938 0645 34       		.byte	0x34
 939 0646 09       		.uleb128 0x9
 940 0647 4F050000 		.4byte	.LASF105
 941 064b 07       		.byte	0x7
 942 064c FC02     		.2byte	0x2fc
 943 064e DE000000 		.4byte	0xde
 944 0652 38       		.byte	0x38
 945 0653 09       		.uleb128 0x9
 946 0654 54050000 		.4byte	.LASF106
 947 0658 07       		.byte	0x7
 948 0659 FD02     		.2byte	0x2fd
 949 065b DE000000 		.4byte	0xde
 950 065f 3C       		.byte	0x3c
 951 0660 09       		.uleb128 0x9
 952 0661 59050000 		.4byte	.LASF107
 953 0665 07       		.byte	0x7
 954 0666 FE02     		.2byte	0x2fe
 955 0668 DE000000 		.4byte	0xde
 956 066c 40       		.byte	0x40
 957 066d 09       		.uleb128 0x9
 958 066e 9C000000 		.4byte	.LASF108
 959 0672 07       		.byte	0x7
 960 0673 FF02     		.2byte	0x2ff
 961 0675 DE000000 		.4byte	0xde
 962 0679 44       		.byte	0x44
 963 067a 08       		.uleb128 0x8
 964 067b 44435200 		.ascii	"DCR\000"
 965 067f 07       		.byte	0x7
 966 0680 0003     		.2byte	0x300
 967 0682 DE000000 		.4byte	0xde
 968 0686 48       		.byte	0x48
 969 0687 09       		.uleb128 0x9
ARM GAS  C:\Users\euanm\AppData\Local\Temp\ccnpiAo6.s 			page 18


 970 0688 57030000 		.4byte	.LASF109
 971 068c 07       		.byte	0x7
 972 068d 0103     		.2byte	0x301
 973 068f DE000000 		.4byte	0xde
 974 0693 4C       		.byte	0x4c
 975 0694 08       		.uleb128 0x8
 976 0695 4F5200   		.ascii	"OR\000"
 977 0698 07       		.byte	0x7
 978 0699 0203     		.2byte	0x302
 979 069b DE000000 		.4byte	0xde
 980 069f 50       		.byte	0x50
 981 06a0 00       		.byte	0
 982 06a1 13       		.uleb128 0x13
 983 06a2 4B000000 		.4byte	.LASF110
 984 06a6 07       		.byte	0x7
 985 06a7 0303     		.2byte	0x303
 986 06a9 88050000 		.4byte	0x588
 987 06ad 14       		.uleb128 0x14
 988 06ae 01       		.byte	0x1
 989 06af 45000000 		.4byte	0x45
 990 06b3 12       		.byte	0x12
 991 06b4 A2       		.byte	0xa2
 992 06b5 C6060000 		.4byte	0x6c6
 993 06b9 15       		.uleb128 0x15
 994 06ba B1030000 		.4byte	.LASF111
 995 06be 00       		.byte	0
 996 06bf 16       		.uleb128 0x16
 997 06c0 53455400 		.ascii	"SET\000"
 998 06c4 01       		.byte	0x1
 999 06c5 00       		.byte	0
 1000 06c6 04       		.uleb128 0x4
 1001 06c7 9F010000 		.4byte	.LASF112
 1002 06cb 08       		.byte	0x8
 1003 06cc 65       		.byte	0x65
 1004 06cd 49030000 		.4byte	0x349
 1005 06d1 04       		.uleb128 0x4
 1006 06d2 7B020000 		.4byte	.LASF113
 1007 06d6 08       		.byte	0x8
 1008 06d7 6D       		.byte	0x6d
 1009 06d8 CE000000 		.4byte	0xce
 1010 06dc 06       		.uleb128 0x6
 1011 06dd 18020000 		.4byte	.LASF114
 1012 06e1 04       		.byte	0x4
 1013 06e2 08       		.byte	0x8
 1014 06e3 89       		.byte	0x89
 1015 06e4 F5060000 		.4byte	0x6f5
 1016 06e8 11       		.uleb128 0x11
 1017 06e9 72313300 		.ascii	"r13\000"
 1018 06ed 08       		.byte	0x8
 1019 06ee 8A       		.byte	0x8a
 1020 06ef 36080000 		.4byte	0x836
 1021 06f3 00       		.byte	0
 1022 06f4 00       		.byte	0
 1023 06f5 06       		.uleb128 0x6
 1024 06f6 32000000 		.4byte	.LASF115
 1025 06fa 64       		.byte	0x64
 1026 06fb 09       		.byte	0x9
ARM GAS  C:\Users\euanm\AppData\Local\Temp\ccnpiAo6.s 			page 19


 1027 06fc F4       		.byte	0xf4
 1028 06fd 36080000 		.4byte	0x836
 1029 0701 11       		.uleb128 0x11
 1030 0702 73313600 		.ascii	"s16\000"
 1031 0706 09       		.byte	0x9
 1032 0707 F6       		.byte	0xf6
 1033 0708 C6060000 		.4byte	0x6c6
 1034 070c 00       		.byte	0
 1035 070d 11       		.uleb128 0x11
 1036 070e 73313700 		.ascii	"s17\000"
 1037 0712 09       		.byte	0x9
 1038 0713 F7       		.byte	0xf7
 1039 0714 C6060000 		.4byte	0x6c6
 1040 0718 04       		.byte	0x4
 1041 0719 11       		.uleb128 0x11
 1042 071a 73313800 		.ascii	"s18\000"
 1043 071e 09       		.byte	0x9
 1044 071f F8       		.byte	0xf8
 1045 0720 C6060000 		.4byte	0x6c6
 1046 0724 08       		.byte	0x8
 1047 0725 11       		.uleb128 0x11
 1048 0726 73313900 		.ascii	"s19\000"
 1049 072a 09       		.byte	0x9
 1050 072b F9       		.byte	0xf9
 1051 072c C6060000 		.4byte	0x6c6
 1052 0730 0C       		.byte	0xc
 1053 0731 11       		.uleb128 0x11
 1054 0732 73323000 		.ascii	"s20\000"
 1055 0736 09       		.byte	0x9
 1056 0737 FA       		.byte	0xfa
 1057 0738 C6060000 		.4byte	0x6c6
 1058 073c 10       		.byte	0x10
 1059 073d 11       		.uleb128 0x11
 1060 073e 73323100 		.ascii	"s21\000"
 1061 0742 09       		.byte	0x9
 1062 0743 FB       		.byte	0xfb
 1063 0744 C6060000 		.4byte	0x6c6
 1064 0748 14       		.byte	0x14
 1065 0749 11       		.uleb128 0x11
 1066 074a 73323200 		.ascii	"s22\000"
 1067 074e 09       		.byte	0x9
 1068 074f FC       		.byte	0xfc
 1069 0750 C6060000 		.4byte	0x6c6
 1070 0754 18       		.byte	0x18
 1071 0755 11       		.uleb128 0x11
 1072 0756 73323300 		.ascii	"s23\000"
 1073 075a 09       		.byte	0x9
 1074 075b FD       		.byte	0xfd
 1075 075c C6060000 		.4byte	0x6c6
 1076 0760 1C       		.byte	0x1c
 1077 0761 11       		.uleb128 0x11
 1078 0762 73323400 		.ascii	"s24\000"
 1079 0766 09       		.byte	0x9
 1080 0767 FE       		.byte	0xfe
 1081 0768 C6060000 		.4byte	0x6c6
 1082 076c 20       		.byte	0x20
 1083 076d 11       		.uleb128 0x11
ARM GAS  C:\Users\euanm\AppData\Local\Temp\ccnpiAo6.s 			page 20


 1084 076e 73323500 		.ascii	"s25\000"
 1085 0772 09       		.byte	0x9
 1086 0773 FF       		.byte	0xff
 1087 0774 C6060000 		.4byte	0x6c6
 1088 0778 24       		.byte	0x24
 1089 0779 08       		.uleb128 0x8
 1090 077a 73323600 		.ascii	"s26\000"
 1091 077e 09       		.byte	0x9
 1092 077f 0001     		.2byte	0x100
 1093 0781 C6060000 		.4byte	0x6c6
 1094 0785 28       		.byte	0x28
 1095 0786 08       		.uleb128 0x8
 1096 0787 73323700 		.ascii	"s27\000"
 1097 078b 09       		.byte	0x9
 1098 078c 0101     		.2byte	0x101
 1099 078e C6060000 		.4byte	0x6c6
 1100 0792 2C       		.byte	0x2c
 1101 0793 08       		.uleb128 0x8
 1102 0794 73323800 		.ascii	"s28\000"
 1103 0798 09       		.byte	0x9
 1104 0799 0201     		.2byte	0x102
 1105 079b C6060000 		.4byte	0x6c6
 1106 079f 30       		.byte	0x30
 1107 07a0 08       		.uleb128 0x8
 1108 07a1 73323900 		.ascii	"s29\000"
 1109 07a5 09       		.byte	0x9
 1110 07a6 0301     		.2byte	0x103
 1111 07a8 C6060000 		.4byte	0x6c6
 1112 07ac 34       		.byte	0x34
 1113 07ad 08       		.uleb128 0x8
 1114 07ae 73333000 		.ascii	"s30\000"
 1115 07b2 09       		.byte	0x9
 1116 07b3 0401     		.2byte	0x104
 1117 07b5 C6060000 		.4byte	0x6c6
 1118 07b9 38       		.byte	0x38
 1119 07ba 08       		.uleb128 0x8
 1120 07bb 73333100 		.ascii	"s31\000"
 1121 07bf 09       		.byte	0x9
 1122 07c0 0501     		.2byte	0x105
 1123 07c2 C6060000 		.4byte	0x6c6
 1124 07c6 3C       		.byte	0x3c
 1125 07c7 08       		.uleb128 0x8
 1126 07c8 723400   		.ascii	"r4\000"
 1127 07cb 09       		.byte	0x9
 1128 07cc 0701     		.2byte	0x107
 1129 07ce C6060000 		.4byte	0x6c6
 1130 07d2 40       		.byte	0x40
 1131 07d3 08       		.uleb128 0x8
 1132 07d4 723500   		.ascii	"r5\000"
 1133 07d7 09       		.byte	0x9
 1134 07d8 0801     		.2byte	0x108
 1135 07da C6060000 		.4byte	0x6c6
 1136 07de 44       		.byte	0x44
 1137 07df 08       		.uleb128 0x8
 1138 07e0 723600   		.ascii	"r6\000"
 1139 07e3 09       		.byte	0x9
 1140 07e4 0901     		.2byte	0x109
ARM GAS  C:\Users\euanm\AppData\Local\Temp\ccnpiAo6.s 			page 21


 1141 07e6 C6060000 		.4byte	0x6c6
 1142 07ea 48       		.byte	0x48
 1143 07eb 08       		.uleb128 0x8
 1144 07ec 723700   		.ascii	"r7\000"
 1145 07ef 09       		.byte	0x9
 1146 07f0 0A01     		.2byte	0x10a
 1147 07f2 C6060000 		.4byte	0x6c6
 1148 07f6 4C       		.byte	0x4c
 1149 07f7 08       		.uleb128 0x8
 1150 07f8 723800   		.ascii	"r8\000"
 1151 07fb 09       		.byte	0x9
 1152 07fc 0B01     		.2byte	0x10b
 1153 07fe C6060000 		.4byte	0x6c6
 1154 0802 50       		.byte	0x50
 1155 0803 08       		.uleb128 0x8
 1156 0804 723900   		.ascii	"r9\000"
 1157 0807 09       		.byte	0x9
 1158 0808 0C01     		.2byte	0x10c
 1159 080a C6060000 		.4byte	0x6c6
 1160 080e 54       		.byte	0x54
 1161 080f 08       		.uleb128 0x8
 1162 0810 72313000 		.ascii	"r10\000"
 1163 0814 09       		.byte	0x9
 1164 0815 0D01     		.2byte	0x10d
 1165 0817 C6060000 		.4byte	0x6c6
 1166 081b 58       		.byte	0x58
 1167 081c 08       		.uleb128 0x8
 1168 081d 72313100 		.ascii	"r11\000"
 1169 0821 09       		.byte	0x9
 1170 0822 0E01     		.2byte	0x10e
 1171 0824 C6060000 		.4byte	0x6c6
 1172 0828 5C       		.byte	0x5c
 1173 0829 08       		.uleb128 0x8
 1174 082a 6C7200   		.ascii	"lr\000"
 1175 082d 09       		.byte	0x9
 1176 082e 0F01     		.2byte	0x10f
 1177 0830 C6060000 		.4byte	0x6c6
 1178 0834 60       		.byte	0x60
 1179 0835 00       		.byte	0
 1180 0836 0A       		.uleb128 0xa
 1181 0837 04       		.byte	0x4
 1182 0838 F5060000 		.4byte	0x6f5
 1183 083c 10       		.uleb128 0x10
 1184 083d 04       		.byte	0x4
 1185 083e 0A       		.byte	0xa
 1186 083f 38       		.byte	0x38
 1187 0840 51080000 		.4byte	0x851
 1188 0844 07       		.uleb128 0x7
 1189 0845 F8040000 		.4byte	.LASF116
 1190 0849 0A       		.byte	0xa
 1191 084a 3C       		.byte	0x3c
 1192 084b E3000000 		.4byte	0xe3
 1193 084f 00       		.byte	0
 1194 0850 00       		.byte	0
 1195 0851 04       		.uleb128 0x4
 1196 0852 F9020000 		.4byte	.LASF117
 1197 0856 0A       		.byte	0xa
ARM GAS  C:\Users\euanm\AppData\Local\Temp\ccnpiAo6.s 			page 22


 1198 0857 3D       		.byte	0x3d
 1199 0858 3C080000 		.4byte	0x83c
 1200 085c 17       		.uleb128 0x17
 1201 085d 04       		.byte	0x4
 1202 085e 06       		.byte	0x6
 1203 085f FA       		.byte	0xfa
 1204 0860 B9080000 		.4byte	0x8b9
 1205 0864 18       		.uleb128 0x18
 1206 0865 18000000 		.4byte	.LASF118
 1207 0869 06       		.byte	0x6
 1208 086a 0101     		.2byte	0x101
 1209 086c 25010000 		.4byte	0x125
 1210 0870 18       		.uleb128 0x18
 1211 0871 8E010000 		.4byte	.LASF119
 1212 0875 06       		.byte	0x6
 1213 0876 0801     		.2byte	0x108
 1214 0878 25010000 		.4byte	0x125
 1215 087c 18       		.uleb128 0x18
 1216 087d 0D010000 		.4byte	.LASF120
 1217 0881 06       		.byte	0x6
 1218 0882 0F01     		.2byte	0x10f
 1219 0884 49030000 		.4byte	0x349
 1220 0888 18       		.uleb128 0x18
 1221 0889 12000000 		.4byte	.LASF121
 1222 088d 06       		.byte	0x6
 1223 088e 1601     		.2byte	0x116
 1224 0890 B9080000 		.4byte	0x8b9
 1225 0894 18       		.uleb128 0x18
 1226 0895 F3010000 		.4byte	.LASF122
 1227 0899 06       		.byte	0x6
 1228 089a 1E01     		.2byte	0x11e
 1229 089c E4080000 		.4byte	0x8e4
 1230 08a0 18       		.uleb128 0x18
 1231 08a1 5F040000 		.4byte	.LASF123
 1232 08a5 06       		.byte	0x6
 1233 08a6 2701     		.2byte	0x127
 1234 08a8 1B090000 		.4byte	0x91b
 1235 08ac 18       		.uleb128 0x18
 1236 08ad 18040000 		.4byte	.LASF124
 1237 08b1 06       		.byte	0x6
 1238 08b2 2F01     		.2byte	0x12f
 1239 08b4 30010000 		.4byte	0x130
 1240 08b8 00       		.byte	0
 1241 08b9 0A       		.uleb128 0xa
 1242 08ba 04       		.byte	0x4
 1243 08bb 61020000 		.4byte	0x261
 1244 08bf 06       		.uleb128 0x6
 1245 08c0 3E040000 		.4byte	.LASF125
 1246 08c4 0C       		.byte	0xc
 1247 08c5 0B       		.byte	0xb
 1248 08c6 34       		.byte	0x34
 1249 08c7 E4080000 		.4byte	0x8e4
 1250 08cb 07       		.uleb128 0x7
 1251 08cc 86010000 		.4byte	.LASF126
 1252 08d0 0B       		.byte	0xb
 1253 08d1 35       		.byte	0x35
 1254 08d2 96020000 		.4byte	0x296
ARM GAS  C:\Users\euanm\AppData\Local\Temp\ccnpiAo6.s 			page 23


 1255 08d6 00       		.byte	0
 1256 08d7 07       		.uleb128 0x7
 1257 08d8 12020000 		.4byte	.LASF127
 1258 08dc 0B       		.byte	0xb
 1259 08dd 37       		.byte	0x37
 1260 08de 3B010000 		.4byte	0x13b
 1261 08e2 08       		.byte	0x8
 1262 08e3 00       		.byte	0
 1263 08e4 0A       		.uleb128 0xa
 1264 08e5 04       		.byte	0x4
 1265 08e6 BF080000 		.4byte	0x8bf
 1266 08ea 06       		.uleb128 0x6
 1267 08eb CE060000 		.4byte	.LASF128
 1268 08ef 10       		.byte	0x10
 1269 08f0 0C       		.byte	0xc
 1270 08f1 39       		.byte	0x39
 1271 08f2 1B090000 		.4byte	0x91b
 1272 08f6 07       		.uleb128 0x7
 1273 08f7 F4000000 		.4byte	.LASF129
 1274 08fb 0C       		.byte	0xc
 1275 08fc 3A       		.byte	0x3a
 1276 08fd 96020000 		.4byte	0x296
 1277 0901 00       		.byte	0
 1278 0902 07       		.uleb128 0x7
 1279 0903 FC060000 		.4byte	.LASF130
 1280 0907 0C       		.byte	0xc
 1281 0908 3C       		.byte	0x3c
 1282 0909 6C020000 		.4byte	0x26c
 1283 090d 08       		.byte	0x8
 1284 090e 07       		.uleb128 0x7
 1285 090f BE040000 		.4byte	.LASF131
 1286 0913 0C       		.byte	0xc
 1287 0914 3E       		.byte	0x3e
 1288 0915 5E090000 		.4byte	0x95e
 1289 0919 0C       		.byte	0xc
 1290 091a 00       		.byte	0
 1291 091b 0A       		.uleb128 0xa
 1292 091c 04       		.byte	0x4
 1293 091d EA080000 		.4byte	0x8ea
 1294 0921 0A       		.uleb128 0xa
 1295 0922 04       		.byte	0x4
 1296 0923 2E090000 		.4byte	0x92e
 1297 0927 03       		.uleb128 0x3
 1298 0928 01       		.byte	0x1
 1299 0929 08       		.byte	0x8
 1300 092a 9B040000 		.4byte	.LASF132
 1301 092e 19       		.uleb128 0x19
 1302 092f 27090000 		.4byte	0x927
 1303 0933 05       		.uleb128 0x5
 1304 0934 46010000 		.4byte	0x146
 1305 0938 0A       		.uleb128 0xa
 1306 0939 04       		.byte	0x4
 1307 093a 4B030000 		.4byte	0x34b
 1308 093e 05       		.uleb128 0x5
 1309 093f 21090000 		.4byte	0x921
 1310 0943 1A       		.uleb128 0x1a
 1311 0944 D1060000 		.4byte	0x6d1
ARM GAS  C:\Users\euanm\AppData\Local\Temp\ccnpiAo6.s 			page 24


 1312 0948 53090000 		.4byte	0x953
 1313 094c 1B       		.uleb128 0x1b
 1314 094d 7F040000 		.4byte	0x47f
 1315 0951 3A       		.byte	0x3a
 1316 0952 00       		.byte	0
 1317 0953 04       		.uleb128 0x4
 1318 0954 B0010000 		.4byte	.LASF133
 1319 0958 0C       		.byte	0xc
 1320 0959 34       		.byte	0x34
 1321 095a EA080000 		.4byte	0x8ea
 1322 095e 0A       		.uleb128 0xa
 1323 095f 04       		.byte	0x4
 1324 0960 53090000 		.4byte	0x953
 1325 0964 03       		.uleb128 0x3
 1326 0965 01       		.byte	0x1
 1327 0966 02       		.byte	0x2
 1328 0967 CF030000 		.4byte	.LASF134
 1329 096b 03       		.uleb128 0x3
 1330 096c 04       		.byte	0x4
 1331 096d 04       		.byte	0x4
 1332 096e 8C030000 		.4byte	.LASF135
 1333 0972 1C       		.uleb128 0x1c
 1334 0973 5E050000 		.4byte	.LASF136
 1335 0977 01       		.byte	0x1
 1336 0978 24       		.byte	0x24
 1337 0979 00000000 		.4byte	.LFB256
 1338 097d 1C000000 		.4byte	.LFE256-.LFB256
 1339 0981 01       		.uleb128 0x1
 1340 0982 9C       		.byte	0x9c
 1341 0983 B8090000 		.4byte	0x9b8
 1342 0987 1D       		.uleb128 0x1d
 1343 0988 0C000000 		.4byte	.LVL0
 1344 098c 670A0000 		.4byte	0xa67
 1345 0990 A5090000 		.4byte	0x9a5
 1346 0994 1E       		.uleb128 0x1e
 1347 0995 01       		.uleb128 0x1
 1348 0996 50       		.byte	0x50
 1349 0997 05       		.uleb128 0x5
 1350 0998 0C       		.byte	0xc
 1351 0999 00200140 		.4byte	0x40012000
 1352 099d 1E       		.uleb128 0x1e
 1353 099e 01       		.uleb128 0x1
 1354 099f 51       		.byte	0x51
 1355 09a0 03       		.uleb128 0x3
 1356 09a1 0A       		.byte	0xa
 1357 09a2 0704     		.2byte	0x407
 1358 09a4 00       		.byte	0
 1359 09a5 1F       		.uleb128 0x1f
 1360 09a6 10000000 		.4byte	.LVL1
 1361 09aa 730A0000 		.4byte	0xa73
 1362 09ae 20       		.uleb128 0x20
 1363 09af 18000000 		.4byte	.LVL2
 1364 09b3 7E0A0000 		.4byte	0xa7e
 1365 09b7 00       		.byte	0
 1366 09b8 1C       		.uleb128 0x1c
 1367 09b9 F3060000 		.4byte	.LASF137
 1368 09bd 01       		.byte	0x1
ARM GAS  C:\Users\euanm\AppData\Local\Temp\ccnpiAo6.s 			page 25


 1369 09be 2B       		.byte	0x2b
 1370 09bf 00000000 		.4byte	.LFB257
 1371 09c3 1E000000 		.4byte	.LFE257-.LFB257
 1372 09c7 01       		.uleb128 0x1
 1373 09c8 9C       		.byte	0x9c
 1374 09c9 FD090000 		.4byte	0x9fd
 1375 09cd 1D       		.uleb128 0x1d
 1376 09ce 0A000000 		.4byte	.LVL3
 1377 09d2 8A0A0000 		.4byte	0xa8a
 1378 09d6 E2090000 		.4byte	0x9e2
 1379 09da 1E       		.uleb128 0x1e
 1380 09db 01       		.uleb128 0x1
 1381 09dc 50       		.byte	0x50
 1382 09dd 03       		.uleb128 0x3
 1383 09de 0A       		.byte	0xa
 1384 09df 0008     		.2byte	0x800
 1385 09e1 00       		.byte	0
 1386 09e2 1F       		.uleb128 0x1f
 1387 09e3 12000000 		.4byte	.LVL4
 1388 09e7 950A0000 		.4byte	0xa95
 1389 09eb 21       		.uleb128 0x21
 1390 09ec 1E000000 		.4byte	.LVL5
 1391 09f0 A00A0000 		.4byte	0xaa0
 1392 09f4 1E       		.uleb128 0x1e
 1393 09f5 01       		.uleb128 0x1
 1394 09f6 50       		.byte	0x50
 1395 09f7 03       		.uleb128 0x3
 1396 09f8 0A       		.byte	0xa
 1397 09f9 0008     		.2byte	0x800
 1398 09fb 00       		.byte	0
 1399 09fc 00       		.byte	0
 1400 09fd 1C       		.uleb128 0x1c
 1401 09fe 1E010000 		.4byte	.LASF138
 1402 0a02 01       		.byte	0x1
 1403 0a03 34       		.byte	0x34
 1404 0a04 00000000 		.4byte	.LFB258
 1405 0a08 24000000 		.4byte	.LFE258-.LFB258
 1406 0a0c 01       		.uleb128 0x1
 1407 0a0d 9C       		.byte	0x9c
 1408 0a0e 500A0000 		.4byte	0xa50
 1409 0a12 1D       		.uleb128 0x1d
 1410 0a13 0A000000 		.4byte	.LVL6
 1411 0a17 AB0A0000 		.4byte	0xaab
 1412 0a1b 2E0A0000 		.4byte	0xa2e
 1413 0a1f 1E       		.uleb128 0x1e
 1414 0a20 01       		.uleb128 0x1
 1415 0a21 50       		.byte	0x50
 1416 0a22 05       		.uleb128 0x5
 1417 0a23 0C       		.byte	0xc
 1418 0a24 00080040 		.4byte	0x40000800
 1419 0a28 1E       		.uleb128 0x1e
 1420 0a29 01       		.uleb128 0x1
 1421 0a2a 51       		.byte	0x51
 1422 0a2b 01       		.uleb128 0x1
 1423 0a2c 31       		.byte	0x31
 1424 0a2d 00       		.byte	0
 1425 0a2e 1F       		.uleb128 0x1f
ARM GAS  C:\Users\euanm\AppData\Local\Temp\ccnpiAo6.s 			page 26


 1426 0a2f 12000000 		.4byte	.LVL7
 1427 0a33 B70A0000 		.4byte	0xab7
 1428 0a37 21       		.uleb128 0x21
 1429 0a38 1E000000 		.4byte	.LVL8
 1430 0a3c C20A0000 		.4byte	0xac2
 1431 0a40 1E       		.uleb128 0x1e
 1432 0a41 01       		.uleb128 0x1
 1433 0a42 50       		.byte	0x50
 1434 0a43 05       		.uleb128 0x5
 1435 0a44 0C       		.byte	0xc
 1436 0a45 00080040 		.4byte	0x40000800
 1437 0a49 1E       		.uleb128 0x1e
 1438 0a4a 01       		.uleb128 0x1
 1439 0a4b 51       		.byte	0x51
 1440 0a4c 01       		.uleb128 0x1
 1441 0a4d 31       		.byte	0x31
 1442 0a4e 00       		.byte	0
 1443 0a4f 00       		.byte	0
 1444 0a50 22       		.uleb128 0x22
 1445 0a51 8F000000 		.4byte	.LASF139
 1446 0a55 13       		.byte	0x13
 1447 0a56 A706     		.2byte	0x6a7
 1448 0a58 D9000000 		.4byte	0xd9
 1449 0a5c 23       		.uleb128 0x23
 1450 0a5d 636800   		.ascii	"ch\000"
 1451 0a60 06       		.byte	0x6
 1452 0a61 0902     		.2byte	0x209
 1453 0a63 18040000 		.4byte	0x418
 1454 0a67 24       		.uleb128 0x24
 1455 0a68 76030000 		.4byte	.LASF140
 1456 0a6c 76030000 		.4byte	.LASF140
 1457 0a70 0D       		.byte	0xd
 1458 0a71 8002     		.2byte	0x280
 1459 0a73 25       		.uleb128 0x25
 1460 0a74 29050000 		.4byte	.LASF141
 1461 0a78 29050000 		.4byte	.LASF141
 1462 0a7c 0E       		.byte	0xe
 1463 0a7d 55       		.byte	0x55
 1464 0a7e 24       		.uleb128 0x24
 1465 0a7f 8B060000 		.4byte	.LASF142
 1466 0a83 8B060000 		.4byte	.LASF142
 1467 0a87 09       		.byte	0x9
 1468 0a88 6601     		.2byte	0x166
 1469 0a8a 25       		.uleb128 0x25
 1470 0a8b FC000000 		.4byte	.LASF143
 1471 0a8f FC000000 		.4byte	.LASF143
 1472 0a93 0F       		.byte	0xf
 1473 0a94 A8       		.byte	0xa8
 1474 0a95 25       		.uleb128 0x25
 1475 0a96 C4000000 		.4byte	.LASF144
 1476 0a9a C4000000 		.4byte	.LASF144
 1477 0a9e 10       		.byte	0x10
 1478 0a9f 24       		.byte	0x24
 1479 0aa0 25       		.uleb128 0x25
 1480 0aa1 C7010000 		.4byte	.LASF145
 1481 0aa5 C7010000 		.4byte	.LASF145
 1482 0aa9 0F       		.byte	0xf
ARM GAS  C:\Users\euanm\AppData\Local\Temp\ccnpiAo6.s 			page 27


 1483 0aaa A9       		.byte	0xa9
 1484 0aab 24       		.uleb128 0x24
 1485 0aac 2E030000 		.4byte	.LASF146
 1486 0ab0 2E030000 		.4byte	.LASF146
 1487 0ab4 11       		.byte	0x11
 1488 0ab5 5004     		.2byte	0x450
 1489 0ab7 25       		.uleb128 0x25
 1490 0ab8 6E010000 		.4byte	.LASF147
 1491 0abc 6E010000 		.4byte	.LASF147
 1492 0ac0 10       		.byte	0x10
 1493 0ac1 25       		.byte	0x25
 1494 0ac2 24       		.uleb128 0x24
 1495 0ac3 3A010000 		.4byte	.LASF148
 1496 0ac7 3A010000 		.4byte	.LASF148
 1497 0acb 11       		.byte	0x11
 1498 0acc 5104     		.2byte	0x451
 1499 0ace 00       		.byte	0
 1500              		.section	.debug_abbrev,"",%progbits
 1501              	.Ldebug_abbrev0:
 1502 0000 01       		.uleb128 0x1
 1503 0001 11       		.uleb128 0x11
 1504 0002 01       		.byte	0x1
 1505 0003 25       		.uleb128 0x25
 1506 0004 0E       		.uleb128 0xe
 1507 0005 13       		.uleb128 0x13
 1508 0006 0B       		.uleb128 0xb
 1509 0007 03       		.uleb128 0x3
 1510 0008 0E       		.uleb128 0xe
 1511 0009 1B       		.uleb128 0x1b
 1512 000a 0E       		.uleb128 0xe
 1513 000b 55       		.uleb128 0x55
 1514 000c 17       		.uleb128 0x17
 1515 000d 11       		.uleb128 0x11
 1516 000e 01       		.uleb128 0x1
 1517 000f 10       		.uleb128 0x10
 1518 0010 17       		.uleb128 0x17
 1519 0011 00       		.byte	0
 1520 0012 00       		.byte	0
 1521 0013 02       		.uleb128 0x2
 1522 0014 24       		.uleb128 0x24
 1523 0015 00       		.byte	0
 1524 0016 0B       		.uleb128 0xb
 1525 0017 0B       		.uleb128 0xb
 1526 0018 3E       		.uleb128 0x3e
 1527 0019 0B       		.uleb128 0xb
 1528 001a 03       		.uleb128 0x3
 1529 001b 08       		.uleb128 0x8
 1530 001c 00       		.byte	0
 1531 001d 00       		.byte	0
 1532 001e 03       		.uleb128 0x3
 1533 001f 24       		.uleb128 0x24
 1534 0020 00       		.byte	0
 1535 0021 0B       		.uleb128 0xb
 1536 0022 0B       		.uleb128 0xb
 1537 0023 3E       		.uleb128 0x3e
 1538 0024 0B       		.uleb128 0xb
 1539 0025 03       		.uleb128 0x3
ARM GAS  C:\Users\euanm\AppData\Local\Temp\ccnpiAo6.s 			page 28


 1540 0026 0E       		.uleb128 0xe
 1541 0027 00       		.byte	0
 1542 0028 00       		.byte	0
 1543 0029 04       		.uleb128 0x4
 1544 002a 16       		.uleb128 0x16
 1545 002b 00       		.byte	0
 1546 002c 03       		.uleb128 0x3
 1547 002d 0E       		.uleb128 0xe
 1548 002e 3A       		.uleb128 0x3a
 1549 002f 0B       		.uleb128 0xb
 1550 0030 3B       		.uleb128 0x3b
 1551 0031 0B       		.uleb128 0xb
 1552 0032 49       		.uleb128 0x49
 1553 0033 13       		.uleb128 0x13
 1554 0034 00       		.byte	0
 1555 0035 00       		.byte	0
 1556 0036 05       		.uleb128 0x5
 1557 0037 35       		.uleb128 0x35
 1558 0038 00       		.byte	0
 1559 0039 49       		.uleb128 0x49
 1560 003a 13       		.uleb128 0x13
 1561 003b 00       		.byte	0
 1562 003c 00       		.byte	0
 1563 003d 06       		.uleb128 0x6
 1564 003e 13       		.uleb128 0x13
 1565 003f 01       		.byte	0x1
 1566 0040 03       		.uleb128 0x3
 1567 0041 0E       		.uleb128 0xe
 1568 0042 0B       		.uleb128 0xb
 1569 0043 0B       		.uleb128 0xb
 1570 0044 3A       		.uleb128 0x3a
 1571 0045 0B       		.uleb128 0xb
 1572 0046 3B       		.uleb128 0x3b
 1573 0047 0B       		.uleb128 0xb
 1574 0048 01       		.uleb128 0x1
 1575 0049 13       		.uleb128 0x13
 1576 004a 00       		.byte	0
 1577 004b 00       		.byte	0
 1578 004c 07       		.uleb128 0x7
 1579 004d 0D       		.uleb128 0xd
 1580 004e 00       		.byte	0
 1581 004f 03       		.uleb128 0x3
 1582 0050 0E       		.uleb128 0xe
 1583 0051 3A       		.uleb128 0x3a
 1584 0052 0B       		.uleb128 0xb
 1585 0053 3B       		.uleb128 0x3b
 1586 0054 0B       		.uleb128 0xb
 1587 0055 49       		.uleb128 0x49
 1588 0056 13       		.uleb128 0x13
 1589 0057 38       		.uleb128 0x38
 1590 0058 0B       		.uleb128 0xb
 1591 0059 00       		.byte	0
 1592 005a 00       		.byte	0
 1593 005b 08       		.uleb128 0x8
 1594 005c 0D       		.uleb128 0xd
 1595 005d 00       		.byte	0
 1596 005e 03       		.uleb128 0x3
ARM GAS  C:\Users\euanm\AppData\Local\Temp\ccnpiAo6.s 			page 29


 1597 005f 08       		.uleb128 0x8
 1598 0060 3A       		.uleb128 0x3a
 1599 0061 0B       		.uleb128 0xb
 1600 0062 3B       		.uleb128 0x3b
 1601 0063 05       		.uleb128 0x5
 1602 0064 49       		.uleb128 0x49
 1603 0065 13       		.uleb128 0x13
 1604 0066 38       		.uleb128 0x38
 1605 0067 0B       		.uleb128 0xb
 1606 0068 00       		.byte	0
 1607 0069 00       		.byte	0
 1608 006a 09       		.uleb128 0x9
 1609 006b 0D       		.uleb128 0xd
 1610 006c 00       		.byte	0
 1611 006d 03       		.uleb128 0x3
 1612 006e 0E       		.uleb128 0xe
 1613 006f 3A       		.uleb128 0x3a
 1614 0070 0B       		.uleb128 0xb
 1615 0071 3B       		.uleb128 0x3b
 1616 0072 05       		.uleb128 0x5
 1617 0073 49       		.uleb128 0x49
 1618 0074 13       		.uleb128 0x13
 1619 0075 38       		.uleb128 0x38
 1620 0076 0B       		.uleb128 0xb
 1621 0077 00       		.byte	0
 1622 0078 00       		.byte	0
 1623 0079 0A       		.uleb128 0xa
 1624 007a 0F       		.uleb128 0xf
 1625 007b 00       		.byte	0
 1626 007c 0B       		.uleb128 0xb
 1627 007d 0B       		.uleb128 0xb
 1628 007e 49       		.uleb128 0x49
 1629 007f 13       		.uleb128 0x13
 1630 0080 00       		.byte	0
 1631 0081 00       		.byte	0
 1632 0082 0B       		.uleb128 0xb
 1633 0083 13       		.uleb128 0x13
 1634 0084 01       		.byte	0x1
 1635 0085 03       		.uleb128 0x3
 1636 0086 0E       		.uleb128 0xe
 1637 0087 0B       		.uleb128 0xb
 1638 0088 0B       		.uleb128 0xb
 1639 0089 3A       		.uleb128 0x3a
 1640 008a 0B       		.uleb128 0xb
 1641 008b 3B       		.uleb128 0x3b
 1642 008c 05       		.uleb128 0x5
 1643 008d 01       		.uleb128 0x1
 1644 008e 13       		.uleb128 0x13
 1645 008f 00       		.byte	0
 1646 0090 00       		.byte	0
 1647 0091 0C       		.uleb128 0xc
 1648 0092 15       		.uleb128 0x15
 1649 0093 01       		.byte	0x1
 1650 0094 27       		.uleb128 0x27
 1651 0095 19       		.uleb128 0x19
 1652 0096 01       		.uleb128 0x1
 1653 0097 13       		.uleb128 0x13
ARM GAS  C:\Users\euanm\AppData\Local\Temp\ccnpiAo6.s 			page 30


 1654 0098 00       		.byte	0
 1655 0099 00       		.byte	0
 1656 009a 0D       		.uleb128 0xd
 1657 009b 05       		.uleb128 0x5
 1658 009c 00       		.byte	0
 1659 009d 49       		.uleb128 0x49
 1660 009e 13       		.uleb128 0x13
 1661 009f 00       		.byte	0
 1662 00a0 00       		.byte	0
 1663 00a1 0E       		.uleb128 0xe
 1664 00a2 0F       		.uleb128 0xf
 1665 00a3 00       		.byte	0
 1666 00a4 0B       		.uleb128 0xb
 1667 00a5 0B       		.uleb128 0xb
 1668 00a6 00       		.byte	0
 1669 00a7 00       		.byte	0
 1670 00a8 0F       		.uleb128 0xf
 1671 00a9 13       		.uleb128 0x13
 1672 00aa 01       		.byte	0x1
 1673 00ab 03       		.uleb128 0x3
 1674 00ac 0E       		.uleb128 0xe
 1675 00ad 0B       		.uleb128 0xb
 1676 00ae 05       		.uleb128 0x5
 1677 00af 3A       		.uleb128 0x3a
 1678 00b0 0B       		.uleb128 0xb
 1679 00b1 3B       		.uleb128 0x3b
 1680 00b2 05       		.uleb128 0x5
 1681 00b3 01       		.uleb128 0x1
 1682 00b4 13       		.uleb128 0x13
 1683 00b5 00       		.byte	0
 1684 00b6 00       		.byte	0
 1685 00b7 10       		.uleb128 0x10
 1686 00b8 13       		.uleb128 0x13
 1687 00b9 01       		.byte	0x1
 1688 00ba 0B       		.uleb128 0xb
 1689 00bb 0B       		.uleb128 0xb
 1690 00bc 3A       		.uleb128 0x3a
 1691 00bd 0B       		.uleb128 0xb
 1692 00be 3B       		.uleb128 0x3b
 1693 00bf 0B       		.uleb128 0xb
 1694 00c0 01       		.uleb128 0x1
 1695 00c1 13       		.uleb128 0x13
 1696 00c2 00       		.byte	0
 1697 00c3 00       		.byte	0
 1698 00c4 11       		.uleb128 0x11
 1699 00c5 0D       		.uleb128 0xd
 1700 00c6 00       		.byte	0
 1701 00c7 03       		.uleb128 0x3
 1702 00c8 08       		.uleb128 0x8
 1703 00c9 3A       		.uleb128 0x3a
 1704 00ca 0B       		.uleb128 0xb
 1705 00cb 3B       		.uleb128 0x3b
 1706 00cc 0B       		.uleb128 0xb
 1707 00cd 49       		.uleb128 0x49
 1708 00ce 13       		.uleb128 0x13
 1709 00cf 38       		.uleb128 0x38
 1710 00d0 0B       		.uleb128 0xb
ARM GAS  C:\Users\euanm\AppData\Local\Temp\ccnpiAo6.s 			page 31


 1711 00d1 00       		.byte	0
 1712 00d2 00       		.byte	0
 1713 00d3 12       		.uleb128 0x12
 1714 00d4 13       		.uleb128 0x13
 1715 00d5 01       		.byte	0x1
 1716 00d6 0B       		.uleb128 0xb
 1717 00d7 0B       		.uleb128 0xb
 1718 00d8 3A       		.uleb128 0x3a
 1719 00d9 0B       		.uleb128 0xb
 1720 00da 3B       		.uleb128 0x3b
 1721 00db 05       		.uleb128 0x5
 1722 00dc 01       		.uleb128 0x1
 1723 00dd 13       		.uleb128 0x13
 1724 00de 00       		.byte	0
 1725 00df 00       		.byte	0
 1726 00e0 13       		.uleb128 0x13
 1727 00e1 16       		.uleb128 0x16
 1728 00e2 00       		.byte	0
 1729 00e3 03       		.uleb128 0x3
 1730 00e4 0E       		.uleb128 0xe
 1731 00e5 3A       		.uleb128 0x3a
 1732 00e6 0B       		.uleb128 0xb
 1733 00e7 3B       		.uleb128 0x3b
 1734 00e8 05       		.uleb128 0x5
 1735 00e9 49       		.uleb128 0x49
 1736 00ea 13       		.uleb128 0x13
 1737 00eb 00       		.byte	0
 1738 00ec 00       		.byte	0
 1739 00ed 14       		.uleb128 0x14
 1740 00ee 04       		.uleb128 0x4
 1741 00ef 01       		.byte	0x1
 1742 00f0 0B       		.uleb128 0xb
 1743 00f1 0B       		.uleb128 0xb
 1744 00f2 49       		.uleb128 0x49
 1745 00f3 13       		.uleb128 0x13
 1746 00f4 3A       		.uleb128 0x3a
 1747 00f5 0B       		.uleb128 0xb
 1748 00f6 3B       		.uleb128 0x3b
 1749 00f7 0B       		.uleb128 0xb
 1750 00f8 01       		.uleb128 0x1
 1751 00f9 13       		.uleb128 0x13
 1752 00fa 00       		.byte	0
 1753 00fb 00       		.byte	0
 1754 00fc 15       		.uleb128 0x15
 1755 00fd 28       		.uleb128 0x28
 1756 00fe 00       		.byte	0
 1757 00ff 03       		.uleb128 0x3
 1758 0100 0E       		.uleb128 0xe
 1759 0101 1C       		.uleb128 0x1c
 1760 0102 0B       		.uleb128 0xb
 1761 0103 00       		.byte	0
 1762 0104 00       		.byte	0
 1763 0105 16       		.uleb128 0x16
 1764 0106 28       		.uleb128 0x28
 1765 0107 00       		.byte	0
 1766 0108 03       		.uleb128 0x3
 1767 0109 08       		.uleb128 0x8
ARM GAS  C:\Users\euanm\AppData\Local\Temp\ccnpiAo6.s 			page 32


 1768 010a 1C       		.uleb128 0x1c
 1769 010b 0B       		.uleb128 0xb
 1770 010c 00       		.byte	0
 1771 010d 00       		.byte	0
 1772 010e 17       		.uleb128 0x17
 1773 010f 17       		.uleb128 0x17
 1774 0110 01       		.byte	0x1
 1775 0111 0B       		.uleb128 0xb
 1776 0112 0B       		.uleb128 0xb
 1777 0113 3A       		.uleb128 0x3a
 1778 0114 0B       		.uleb128 0xb
 1779 0115 3B       		.uleb128 0x3b
 1780 0116 0B       		.uleb128 0xb
 1781 0117 01       		.uleb128 0x1
 1782 0118 13       		.uleb128 0x13
 1783 0119 00       		.byte	0
 1784 011a 00       		.byte	0
 1785 011b 18       		.uleb128 0x18
 1786 011c 0D       		.uleb128 0xd
 1787 011d 00       		.byte	0
 1788 011e 03       		.uleb128 0x3
 1789 011f 0E       		.uleb128 0xe
 1790 0120 3A       		.uleb128 0x3a
 1791 0121 0B       		.uleb128 0xb
 1792 0122 3B       		.uleb128 0x3b
 1793 0123 05       		.uleb128 0x5
 1794 0124 49       		.uleb128 0x49
 1795 0125 13       		.uleb128 0x13
 1796 0126 00       		.byte	0
 1797 0127 00       		.byte	0
 1798 0128 19       		.uleb128 0x19
 1799 0129 26       		.uleb128 0x26
 1800 012a 00       		.byte	0
 1801 012b 49       		.uleb128 0x49
 1802 012c 13       		.uleb128 0x13
 1803 012d 00       		.byte	0
 1804 012e 00       		.byte	0
 1805 012f 1A       		.uleb128 0x1a
 1806 0130 01       		.uleb128 0x1
 1807 0131 01       		.byte	0x1
 1808 0132 49       		.uleb128 0x49
 1809 0133 13       		.uleb128 0x13
 1810 0134 01       		.uleb128 0x1
 1811 0135 13       		.uleb128 0x13
 1812 0136 00       		.byte	0
 1813 0137 00       		.byte	0
 1814 0138 1B       		.uleb128 0x1b
 1815 0139 21       		.uleb128 0x21
 1816 013a 00       		.byte	0
 1817 013b 49       		.uleb128 0x49
 1818 013c 13       		.uleb128 0x13
 1819 013d 2F       		.uleb128 0x2f
 1820 013e 0B       		.uleb128 0xb
 1821 013f 00       		.byte	0
 1822 0140 00       		.byte	0
 1823 0141 1C       		.uleb128 0x1c
 1824 0142 2E       		.uleb128 0x2e
ARM GAS  C:\Users\euanm\AppData\Local\Temp\ccnpiAo6.s 			page 33


 1825 0143 01       		.byte	0x1
 1826 0144 3F       		.uleb128 0x3f
 1827 0145 19       		.uleb128 0x19
 1828 0146 03       		.uleb128 0x3
 1829 0147 0E       		.uleb128 0xe
 1830 0148 3A       		.uleb128 0x3a
 1831 0149 0B       		.uleb128 0xb
 1832 014a 3B       		.uleb128 0x3b
 1833 014b 0B       		.uleb128 0xb
 1834 014c 27       		.uleb128 0x27
 1835 014d 19       		.uleb128 0x19
 1836 014e 11       		.uleb128 0x11
 1837 014f 01       		.uleb128 0x1
 1838 0150 12       		.uleb128 0x12
 1839 0151 06       		.uleb128 0x6
 1840 0152 40       		.uleb128 0x40
 1841 0153 18       		.uleb128 0x18
 1842 0154 9742     		.uleb128 0x2117
 1843 0156 19       		.uleb128 0x19
 1844 0157 01       		.uleb128 0x1
 1845 0158 13       		.uleb128 0x13
 1846 0159 00       		.byte	0
 1847 015a 00       		.byte	0
 1848 015b 1D       		.uleb128 0x1d
 1849 015c 898201   		.uleb128 0x4109
 1850 015f 01       		.byte	0x1
 1851 0160 11       		.uleb128 0x11
 1852 0161 01       		.uleb128 0x1
 1853 0162 31       		.uleb128 0x31
 1854 0163 13       		.uleb128 0x13
 1855 0164 01       		.uleb128 0x1
 1856 0165 13       		.uleb128 0x13
 1857 0166 00       		.byte	0
 1858 0167 00       		.byte	0
 1859 0168 1E       		.uleb128 0x1e
 1860 0169 8A8201   		.uleb128 0x410a
 1861 016c 00       		.byte	0
 1862 016d 02       		.uleb128 0x2
 1863 016e 18       		.uleb128 0x18
 1864 016f 9142     		.uleb128 0x2111
 1865 0171 18       		.uleb128 0x18
 1866 0172 00       		.byte	0
 1867 0173 00       		.byte	0
 1868 0174 1F       		.uleb128 0x1f
 1869 0175 898201   		.uleb128 0x4109
 1870 0178 00       		.byte	0
 1871 0179 11       		.uleb128 0x11
 1872 017a 01       		.uleb128 0x1
 1873 017b 31       		.uleb128 0x31
 1874 017c 13       		.uleb128 0x13
 1875 017d 00       		.byte	0
 1876 017e 00       		.byte	0
 1877 017f 20       		.uleb128 0x20
 1878 0180 898201   		.uleb128 0x4109
 1879 0183 00       		.byte	0
 1880 0184 11       		.uleb128 0x11
 1881 0185 01       		.uleb128 0x1
ARM GAS  C:\Users\euanm\AppData\Local\Temp\ccnpiAo6.s 			page 34


 1882 0186 9542     		.uleb128 0x2115
 1883 0188 19       		.uleb128 0x19
 1884 0189 31       		.uleb128 0x31
 1885 018a 13       		.uleb128 0x13
 1886 018b 00       		.byte	0
 1887 018c 00       		.byte	0
 1888 018d 21       		.uleb128 0x21
 1889 018e 898201   		.uleb128 0x4109
 1890 0191 01       		.byte	0x1
 1891 0192 11       		.uleb128 0x11
 1892 0193 01       		.uleb128 0x1
 1893 0194 9542     		.uleb128 0x2115
 1894 0196 19       		.uleb128 0x19
 1895 0197 31       		.uleb128 0x31
 1896 0198 13       		.uleb128 0x13
 1897 0199 00       		.byte	0
 1898 019a 00       		.byte	0
 1899 019b 22       		.uleb128 0x22
 1900 019c 34       		.uleb128 0x34
 1901 019d 00       		.byte	0
 1902 019e 03       		.uleb128 0x3
 1903 019f 0E       		.uleb128 0xe
 1904 01a0 3A       		.uleb128 0x3a
 1905 01a1 0B       		.uleb128 0xb
 1906 01a2 3B       		.uleb128 0x3b
 1907 01a3 05       		.uleb128 0x5
 1908 01a4 49       		.uleb128 0x49
 1909 01a5 13       		.uleb128 0x13
 1910 01a6 3F       		.uleb128 0x3f
 1911 01a7 19       		.uleb128 0x19
 1912 01a8 3C       		.uleb128 0x3c
 1913 01a9 19       		.uleb128 0x19
 1914 01aa 00       		.byte	0
 1915 01ab 00       		.byte	0
 1916 01ac 23       		.uleb128 0x23
 1917 01ad 34       		.uleb128 0x34
 1918 01ae 00       		.byte	0
 1919 01af 03       		.uleb128 0x3
 1920 01b0 08       		.uleb128 0x8
 1921 01b1 3A       		.uleb128 0x3a
 1922 01b2 0B       		.uleb128 0xb
 1923 01b3 3B       		.uleb128 0x3b
 1924 01b4 05       		.uleb128 0x5
 1925 01b5 49       		.uleb128 0x49
 1926 01b6 13       		.uleb128 0x13
 1927 01b7 3F       		.uleb128 0x3f
 1928 01b8 19       		.uleb128 0x19
 1929 01b9 3C       		.uleb128 0x3c
 1930 01ba 19       		.uleb128 0x19
 1931 01bb 00       		.byte	0
 1932 01bc 00       		.byte	0
 1933 01bd 24       		.uleb128 0x24
 1934 01be 2E       		.uleb128 0x2e
 1935 01bf 00       		.byte	0
 1936 01c0 3F       		.uleb128 0x3f
 1937 01c1 19       		.uleb128 0x19
 1938 01c2 3C       		.uleb128 0x3c
ARM GAS  C:\Users\euanm\AppData\Local\Temp\ccnpiAo6.s 			page 35


 1939 01c3 19       		.uleb128 0x19
 1940 01c4 6E       		.uleb128 0x6e
 1941 01c5 0E       		.uleb128 0xe
 1942 01c6 03       		.uleb128 0x3
 1943 01c7 0E       		.uleb128 0xe
 1944 01c8 3A       		.uleb128 0x3a
 1945 01c9 0B       		.uleb128 0xb
 1946 01ca 3B       		.uleb128 0x3b
 1947 01cb 05       		.uleb128 0x5
 1948 01cc 00       		.byte	0
 1949 01cd 00       		.byte	0
 1950 01ce 25       		.uleb128 0x25
 1951 01cf 2E       		.uleb128 0x2e
 1952 01d0 00       		.byte	0
 1953 01d1 3F       		.uleb128 0x3f
 1954 01d2 19       		.uleb128 0x19
 1955 01d3 3C       		.uleb128 0x3c
 1956 01d4 19       		.uleb128 0x19
 1957 01d5 6E       		.uleb128 0x6e
 1958 01d6 0E       		.uleb128 0xe
 1959 01d7 03       		.uleb128 0x3
 1960 01d8 0E       		.uleb128 0xe
 1961 01d9 3A       		.uleb128 0x3a
 1962 01da 0B       		.uleb128 0xb
 1963 01db 3B       		.uleb128 0x3b
 1964 01dc 0B       		.uleb128 0xb
 1965 01dd 00       		.byte	0
 1966 01de 00       		.byte	0
 1967 01df 00       		.byte	0
 1968              		.section	.debug_aranges,"",%progbits
 1969 0000 2C000000 		.4byte	0x2c
 1970 0004 0200     		.2byte	0x2
 1971 0006 00000000 		.4byte	.Ldebug_info0
 1972 000a 04       		.byte	0x4
 1973 000b 00       		.byte	0
 1974 000c 0000     		.2byte	0
 1975 000e 0000     		.2byte	0
 1976 0010 00000000 		.4byte	.LFB256
 1977 0014 1C000000 		.4byte	.LFE256-.LFB256
 1978 0018 00000000 		.4byte	.LFB257
 1979 001c 1E000000 		.4byte	.LFE257-.LFB257
 1980 0020 00000000 		.4byte	.LFB258
 1981 0024 24000000 		.4byte	.LFE258-.LFB258
 1982 0028 00000000 		.4byte	0
 1983 002c 00000000 		.4byte	0
 1984              		.section	.debug_ranges,"",%progbits
 1985              	.Ldebug_ranges0:
 1986 0000 00000000 		.4byte	.LFB256
 1987 0004 1C000000 		.4byte	.LFE256
 1988 0008 00000000 		.4byte	.LFB257
 1989 000c 1E000000 		.4byte	.LFE257
 1990 0010 00000000 		.4byte	.LFB258
 1991 0014 24000000 		.4byte	.LFE258
 1992 0018 00000000 		.4byte	0
 1993 001c 00000000 		.4byte	0
 1994              		.section	.debug_line,"",%progbits
 1995              	.Ldebug_line0:
ARM GAS  C:\Users\euanm\AppData\Local\Temp\ccnpiAo6.s 			page 36


 1996 0000 F2020000 		.section	.debug_str,"MS",%progbits,1
 1996      0200B102 
 1996      00000201 
 1996      FB0E0D00 
 1996      01010101 
 1997              	.LASF55:
 1998 0000 72656164 		.ascii	"ready_list_t\000"
 1998      795F6C69 
 1998      73745F74 
 1998      00
 1999              	.LASF100:
 2000 000d 44494552 		.ascii	"DIER\000"
 2000      00
 2001              	.LASF121:
 2002 0012 77747472 		.ascii	"wttrp\000"
 2002      7000
 2003              	.LASF118:
 2004 0018 7264796D 		.ascii	"rdymsg\000"
 2004      736700
 2005              	.LASF18:
 2006 001f 75696E74 		.ascii	"uint64_t\000"
 2006      36345F74 
 2006      00
 2007              	.LASF4:
 2008 0028 5F5F7569 		.ascii	"__uint8_t\000"
 2008      6E74385F 
 2008      7400
 2009              	.LASF115:
 2010 0032 706F7274 		.ascii	"port_intctx\000"
 2010      5F696E74 
 2010      63747800 
 2011              	.LASF80:
 2012 003e 76746C69 		.ascii	"vtlist\000"
 2012      737400
 2013              	.LASF102:
 2014 0045 43434D52 		.ascii	"CCMR2\000"
 2014      3200
 2015              	.LASF110:
 2016 004b 54494D5F 		.ascii	"TIM_TypeDef\000"
 2016      54797065 
 2016      44656600 
 2017              	.LASF13:
 2018 0057 6C6F6E67 		.ascii	"long long unsigned int\000"
 2018      206C6F6E 
 2018      6720756E 
 2018      7369676E 
 2018      65642069 
 2019              	.LASF81:
 2020 006e 6D61696E 		.ascii	"mainthread\000"
 2020      74687265 
 2020      616400
 2021              	.LASF71:
 2022 0079 76697274 		.ascii	"virtual_timers_list_t\000"
 2022      75616C5F 
 2022      74696D65 
 2022      72735F6C 
 2022      6973745F 
ARM GAS  C:\Users\euanm\AppData\Local\Temp\ccnpiAo6.s 			page 37


 2023              	.LASF139:
 2024 008f 49544D5F 		.ascii	"ITM_RxBuffer\000"
 2024      52784275 
 2024      66666572 
 2024      00
 2025              	.LASF108:
 2026 009c 42445452 		.ascii	"BDTR\000"
 2026      00
 2027              	.LASF54:
 2028 00a1 63685F74 		.ascii	"ch_threads_queue\000"
 2028      68726561 
 2028      64735F71 
 2028      75657565 
 2028      00
 2029              	.LASF32:
 2030 00b2 705F7072 		.ascii	"p_prio\000"
 2030      696F00
 2031              	.LASF93:
 2032 00b9 4A535152 		.ascii	"JSQR\000"
 2032      00
 2033              	.LASF101:
 2034 00be 43434D52 		.ascii	"CCMR1\000"
 2034      3100
 2035              	.LASF144:
 2036 00c4 656E636F 		.ascii	"encoder_reset\000"
 2036      6465725F 
 2036      72657365 
 2036      7400
 2037              	.LASF11:
 2038 00d2 6C6F6E67 		.ascii	"long long int\000"
 2038      206C6F6E 
 2038      6720696E 
 2038      7400
 2039              	.LASF1:
 2040 00e0 7369676E 		.ascii	"signed char\000"
 2040      65642063 
 2040      68617200 
 2041              	.LASF48:
 2042 00ec 705F6D70 		.ascii	"p_mpool\000"
 2042      6F6F6C00 
 2043              	.LASF129:
 2044 00f4 6D5F7175 		.ascii	"m_queue\000"
 2044      65756500 
 2045              	.LASF143:
 2046 00fc 45585449 		.ascii	"EXTI_GetITStatus\000"
 2046      5F476574 
 2046      49545374 
 2046      61747573 
 2046      00
 2047              	.LASF120:
 2048 010d 77746F62 		.ascii	"wtobjp\000"
 2048      6A7000
 2049              	.LASF23:
 2050 0114 74736C69 		.ascii	"tslices_t\000"
 2050      6365735F 
 2050      7400
 2051              	.LASF138:
ARM GAS  C:\Users\euanm\AppData\Local\Temp\ccnpiAo6.s 			page 38


 2052 011e 56656374 		.ascii	"VectorB8\000"
 2052      6F724238 
 2052      00
 2053              	.LASF78:
 2054 0127 63685F73 		.ascii	"ch_system\000"
 2054      79737465 
 2054      6D00
 2055              	.LASF8:
 2056 0131 6C6F6E67 		.ascii	"long int\000"
 2056      20696E74 
 2056      00
 2057              	.LASF148:
 2058 013a 54494D5F 		.ascii	"TIM_ClearITPendingBit\000"
 2058      436C6561 
 2058      72495450 
 2058      656E6469 
 2058      6E674269 
 2059              	.LASF21:
 2060 0150 74737461 		.ascii	"tstate_t\000"
 2060      74655F74 
 2060      00
 2061              	.LASF15:
 2062 0159 75696E74 		.ascii	"uint16_t\000"
 2062      31365F74 
 2062      00
 2063              	.LASF98:
 2064 0162 4144435F 		.ascii	"ADC_TypeDef\000"
 2064      54797065 
 2064      44656600 
 2065              	.LASF147:
 2066 016e 656E636F 		.ascii	"encoder_tim_isr\000"
 2066      6465725F 
 2066      74696D5F 
 2066      69737200 
 2067              	.LASF34:
 2068 017e 705F6E65 		.ascii	"p_newer\000"
 2068      77657200 
 2069              	.LASF126:
 2070 0186 735F7175 		.ascii	"s_queue\000"
 2070      65756500 
 2071              	.LASF119:
 2072 018e 65786974 		.ascii	"exitcode\000"
 2072      636F6465 
 2072      00
 2073              	.LASF60:
 2074 0197 725F6E65 		.ascii	"r_newer\000"
 2074      77657200 
 2075              	.LASF112:
 2076 019f 72656761 		.ascii	"regarm_t\000"
 2076      726D5F74 
 2076      00
 2077              	.LASF67:
 2078 01a8 76745F70 		.ascii	"vt_prev\000"
 2078      72657600 
 2079              	.LASF133:
 2080 01b0 6D757465 		.ascii	"mutex_t\000"
 2080      785F7400 
ARM GAS  C:\Users\euanm\AppData\Local\Temp\ccnpiAo6.s 			page 39


 2081              	.LASF82:
 2082 01b8 69646C65 		.ascii	"idle_thread_wa\000"
 2082      5F746872 
 2082      6561645F 
 2082      776100
 2083              	.LASF145:
 2084 01c7 45585449 		.ascii	"EXTI_ClearITPendingBit\000"
 2084      5F436C65 
 2084      61724954 
 2084      50656E64 
 2084      696E6742 
 2085              	.LASF0:
 2086 01de 756E7369 		.ascii	"unsigned int\000"
 2086      676E6564 
 2086      20696E74 
 2086      00
 2087              	.LASF66:
 2088 01eb 76745F6E 		.ascii	"vt_next\000"
 2088      65787400 
 2089              	.LASF122:
 2090 01f3 77747365 		.ascii	"wtsemp\000"
 2090      6D7000
 2091              	.LASF68:
 2092 01fa 76745F64 		.ascii	"vt_delta\000"
 2092      656C7461 
 2092      00
 2093              	.LASF74:
 2094 0203 73797374 		.ascii	"system_debug_t\000"
 2094      656D5F64 
 2094      65627567 
 2094      5F7400
 2095              	.LASF127:
 2096 0212 735F636E 		.ascii	"s_cnt\000"
 2096      7400
 2097              	.LASF114:
 2098 0218 636F6E74 		.ascii	"context\000"
 2098      65787400 
 2099              	.LASF6:
 2100 0220 73686F72 		.ascii	"short unsigned int\000"
 2100      7420756E 
 2100      7369676E 
 2100      65642069 
 2100      6E7400
 2101              	.LASF51:
 2102 0233 63685F74 		.ascii	"ch_thread\000"
 2102      68726561 
 2102      6400
 2103              	.LASF25:
 2104 023d 6D73675F 		.ascii	"msg_t\000"
 2104      7400
 2105              	.LASF77:
 2106 0243 63685F73 		.ascii	"ch_system_t\000"
 2106      79737465 
 2106      6D5F7400 
 2107              	.LASF20:
 2108 024f 746D6F64 		.ascii	"tmode_t\000"
 2108      655F7400 
ARM GAS  C:\Users\euanm\AppData\Local\Temp\ccnpiAo6.s 			page 40


 2109              	.LASF56:
 2110 0257 63685F72 		.ascii	"ch_ready_list\000"
 2110      65616479 
 2110      5F6C6973 
 2110      7400
 2111              	.LASF26:
 2112 0265 6576656E 		.ascii	"eventmask_t\000"
 2112      746D6173 
 2112      6B5F7400 
 2113              	.LASF7:
 2114 0271 5F5F696E 		.ascii	"__int32_t\000"
 2114      7433325F 
 2114      7400
 2115              	.LASF113:
 2116 027b 73746B61 		.ascii	"stkalign_t\000"
 2116      6C69676E 
 2116      5F7400
 2117              	.LASF86:
 2118 0286 4A4F4652 		.ascii	"JOFR1\000"
 2118      3100
 2119              	.LASF87:
 2120 028c 4A4F4652 		.ascii	"JOFR2\000"
 2120      3200
 2121              	.LASF88:
 2122 0292 4A4F4652 		.ascii	"JOFR3\000"
 2122      3300
 2123              	.LASF89:
 2124 0298 4A4F4652 		.ascii	"JOFR4\000"
 2124      3400
 2125              	.LASF19:
 2126 029e 7274636E 		.ascii	"rtcnt_t\000"
 2126      745F7400 
 2127              	.LASF49:
 2128 02a6 74687265 		.ascii	"thread_reference_t\000"
 2128      61645F72 
 2128      65666572 
 2128      656E6365 
 2128      5F7400
 2129              	.LASF72:
 2130 02b9 63685F76 		.ascii	"ch_virtual_timers_list\000"
 2130      69727475 
 2130      616C5F74 
 2130      696D6572 
 2130      735F6C69 
 2131              	.LASF69:
 2132 02d0 76745F66 		.ascii	"vt_func\000"
 2132      756E6300 
 2133              	.LASF151:
 2134 02d8 643A5C47 		.ascii	"d:\\Git\\A450S\\bldc-firmware\000"
 2134      69745C41 
 2134      34353053 
 2134      5C626C64 
 2134      632D6669 
 2135              	.LASF27:
 2136 02f3 636E745F 		.ascii	"cnt_t\000"
 2136      7400
 2137              	.LASF117:
ARM GAS  C:\Users\euanm\AppData\Local\Temp\ccnpiAo6.s 			page 41


 2138 02f9 746D5F63 		.ascii	"tm_calibration_t\000"
 2138      616C6962 
 2138      72617469 
 2138      6F6E5F74 
 2138      00
 2139              	.LASF94:
 2140 030a 4A445231 		.ascii	"JDR1\000"
 2140      00
 2141              	.LASF95:
 2142 030f 4A445232 		.ascii	"JDR2\000"
 2142      00
 2143              	.LASF35:
 2144 0314 705F6F6C 		.ascii	"p_older\000"
 2144      64657200 
 2145              	.LASF59:
 2146 031c 725F6374 		.ascii	"r_ctx\000"
 2146      7800
 2147              	.LASF84:
 2148 0322 534D5052 		.ascii	"SMPR1\000"
 2148      3100
 2149              	.LASF85:
 2150 0328 534D5052 		.ascii	"SMPR2\000"
 2150      3200
 2151              	.LASF146:
 2152 032e 54494D5F 		.ascii	"TIM_GetITStatus\000"
 2152      47657449 
 2152      54537461 
 2152      74757300 
 2153              	.LASF39:
 2154 033e 705F7265 		.ascii	"p_refs\000"
 2154      667300
 2155              	.LASF62:
 2156 0345 725F6375 		.ascii	"r_current\000"
 2156      7272656E 
 2156      7400
 2157              	.LASF61:
 2158 034f 725F6F6C 		.ascii	"r_older\000"
 2158      64657200 
 2159              	.LASF109:
 2160 0357 444D4152 		.ascii	"DMAR\000"
 2160      00
 2161              	.LASF90:
 2162 035c 53515231 		.ascii	"SQR1\000"
 2162      00
 2163              	.LASF91:
 2164 0361 53515232 		.ascii	"SQR2\000"
 2164      00
 2165              	.LASF92:
 2166 0366 53515233 		.ascii	"SQR3\000"
 2166      00
 2167              	.LASF12:
 2168 036b 5F5F7569 		.ascii	"__uint64_t\000"
 2168      6E743634 
 2168      5F7400
 2169              	.LASF140:
 2170 0376 4144435F 		.ascii	"ADC_ClearITPendingBit\000"
 2170      436C6561 
ARM GAS  C:\Users\euanm\AppData\Local\Temp\ccnpiAo6.s 			page 42


 2170      72495450 
 2170      656E6469 
 2170      6E674269 
 2171              	.LASF135:
 2172 038c 666C6F61 		.ascii	"float\000"
 2172      7400
 2173              	.LASF22:
 2174 0392 74726566 		.ascii	"trefs_t\000"
 2174      735F7400 
 2175              	.LASF64:
 2176 039a 76697274 		.ascii	"virtual_timer_t\000"
 2176      75616C5F 
 2176      74696D65 
 2176      725F7400 
 2177              	.LASF31:
 2178 03aa 705F7072 		.ascii	"p_prev\000"
 2178      657600
 2179              	.LASF111:
 2180 03b1 52455345 		.ascii	"RESET\000"
 2180      5400
 2181              	.LASF24:
 2182 03b7 74707269 		.ascii	"tprio_t\000"
 2182      6F5F7400 
 2183              	.LASF75:
 2184 03bf 63685F73 		.ascii	"ch_system_debug\000"
 2184      79737465 
 2184      6D5F6465 
 2184      62756700 
 2185              	.LASF134:
 2186 03cf 5F426F6F 		.ascii	"_Bool\000"
 2186      6C00
 2187              	.LASF16:
 2188 03d5 696E7433 		.ascii	"int32_t\000"
 2188      325F7400 
 2189              	.LASF2:
 2190 03dd 756E7369 		.ascii	"unsigned char\000"
 2190      676E6564 
 2190      20636861 
 2190      7200
 2191              	.LASF46:
 2192 03eb 705F6D74 		.ascii	"p_mtxlist\000"
 2192      786C6973 
 2192      7400
 2193              	.LASF3:
 2194 03f5 73686F72 		.ascii	"short int\000"
 2194      7420696E 
 2194      7400
 2195              	.LASF37:
 2196 03ff 705F7374 		.ascii	"p_state\000"
 2196      61746500 
 2197              	.LASF40:
 2198 0407 705F7072 		.ascii	"p_preempt\000"
 2198      65656D70 
 2198      7400
 2199              	.LASF58:
 2200 0411 725F7072 		.ascii	"r_prio\000"
 2200      696F00
ARM GAS  C:\Users\euanm\AppData\Local\Temp\ccnpiAo6.s 			page 43


 2201              	.LASF124:
 2202 0418 65776D61 		.ascii	"ewmask\000"
 2202      736B00
 2203              	.LASF30:
 2204 041f 705F6E65 		.ascii	"p_next\000"
 2204      787400
 2205              	.LASF38:
 2206 0426 705F666C 		.ascii	"p_flags\000"
 2206      61677300 
 2207              	.LASF53:
 2208 042e 74687265 		.ascii	"threads_queue_t\000"
 2208      6164735F 
 2208      71756575 
 2208      655F7400 
 2209              	.LASF125:
 2210 043e 63685F73 		.ascii	"ch_semaphore\000"
 2210      656D6170 
 2210      686F7265 
 2210      00
 2211              	.LASF45:
 2212 044b 705F6570 		.ascii	"p_epending\000"
 2212      656E6469 
 2212      6E6700
 2213              	.LASF17:
 2214 0456 75696E74 		.ascii	"uint32_t\000"
 2214      33325F74 
 2214      00
 2215              	.LASF123:
 2216 045f 77746D74 		.ascii	"wtmtxp\000"
 2216      787000
 2217              	.LASF57:
 2218 0466 725F7175 		.ascii	"r_queue\000"
 2218      65756500 
 2219              	.LASF73:
 2220 046e 76745F73 		.ascii	"vt_systime\000"
 2220      79737469 
 2220      6D6500
 2221              	.LASF52:
 2222 0479 63685F74 		.ascii	"ch_threads_list\000"
 2222      68726561 
 2222      64735F6C 
 2222      69737400 
 2223              	.LASF10:
 2224 0489 6C6F6E67 		.ascii	"long unsigned int\000"
 2224      20756E73 
 2224      69676E65 
 2224      6420696E 
 2224      7400
 2225              	.LASF132:
 2226 049b 63686172 		.ascii	"char\000"
 2226      00
 2227              	.LASF99:
 2228 04a0 534D4352 		.ascii	"SMCR\000"
 2228      00
 2229              	.LASF5:
 2230 04a5 5F5F7569 		.ascii	"__uint16_t\000"
 2230      6E743136 
ARM GAS  C:\Users\euanm\AppData\Local\Temp\ccnpiAo6.s 			page 44


 2230      5F7400
 2231              	.LASF29:
 2232 04b0 74687265 		.ascii	"thread_t\000"
 2232      61645F74 
 2232      00
 2233              	.LASF103:
 2234 04b9 43434552 		.ascii	"CCER\000"
 2234      00
 2235              	.LASF131:
 2236 04be 6D5F6E65 		.ascii	"m_next\000"
 2236      787400
 2237              	.LASF28:
 2238 04c5 73797374 		.ascii	"systime_t\000"
 2238      696D655F 
 2238      7400
 2239              	.LASF47:
 2240 04cf 705F7265 		.ascii	"p_realprio\000"
 2240      616C7072 
 2240      696F00
 2241              	.LASF63:
 2242 04da 76746675 		.ascii	"vtfunc_t\000"
 2242      6E635F74 
 2242      00
 2243              	.LASF9:
 2244 04e3 5F5F7569 		.ascii	"__uint32_t\000"
 2244      6E743332 
 2244      5F7400
 2245              	.LASF76:
 2246 04ee 70616E69 		.ascii	"panic_msg\000"
 2246      635F6D73 
 2246      6700
 2247              	.LASF116:
 2248 04f8 6F666673 		.ascii	"offset\000"
 2248      657400
 2249              	.LASF41:
 2250 04ff 705F7469 		.ascii	"p_time\000"
 2250      6D6500
 2251              	.LASF65:
 2252 0506 63685F76 		.ascii	"ch_virtual_timer\000"
 2252      69727475 
 2252      616C5F74 
 2252      696D6572 
 2252      00
 2253              	.LASF43:
 2254 0517 705F6D73 		.ascii	"p_msgqueue\000"
 2254      67717565 
 2254      756500
 2255              	.LASF70:
 2256 0522 76745F70 		.ascii	"vt_par\000"
 2256      617200
 2257              	.LASF141:
 2258 0529 6D635F69 		.ascii	"mc_interface_adc_inj_int_handler\000"
 2258      6E746572 
 2258      66616365 
 2258      5F616463 
 2258      5F696E6A 
 2259              	.LASF104:
ARM GAS  C:\Users\euanm\AppData\Local\Temp\ccnpiAo6.s 			page 45


 2260 054a 43435231 		.ascii	"CCR1\000"
 2260      00
 2261              	.LASF105:
 2262 054f 43435232 		.ascii	"CCR2\000"
 2262      00
 2263              	.LASF106:
 2264 0554 43435233 		.ascii	"CCR3\000"
 2264      00
 2265              	.LASF107:
 2266 0559 43435234 		.ascii	"CCR4\000"
 2266      00
 2267              	.LASF136:
 2268 055e 56656374 		.ascii	"Vector88\000"
 2268      6F723838 
 2268      00
 2269              	.LASF149:
 2270 0567 474E5520 		.ascii	"GNU C99 5.4.1 20160919 (release) [ARM/embedded-5-br"
 2270      43393920 
 2270      352E342E 
 2270      31203230 
 2270      31363039 
 2271 059a 616E6368 		.ascii	"anch revision 240496] -mcpu=cortex-m4 -mfloat-abi=h"
 2271      20726576 
 2271      6973696F 
 2271      6E203234 
 2271      30343936 
 2272 05cd 61726420 		.ascii	"ard -mfpu=fpv4-sp-d16 -mno-thumb-interwork -mthumb "
 2272      2D6D6670 
 2272      753D6670 
 2272      76342D73 
 2272      702D6431 
 2273 0600 2D676764 		.ascii	"-ggdb -O2 -std=gnu99 -fomit-frame-pointer -falign-f"
 2273      62202D4F 
 2273      32202D73 
 2273      74643D67 
 2273      6E753939 
 2274 0633 756E6374 		.ascii	"unctions=16 -ffunction-sections -fdata-sections -fn"
 2274      696F6E73 
 2274      3D313620 
 2274      2D666675 
 2274      6E637469 
 2275 0666 6F2D636F 		.ascii	"o-common -fsingle-precision-constant\000"
 2275      6D6D6F6E 
 2275      202D6673 
 2275      696E676C 
 2275      652D7072 
 2276              	.LASF142:
 2277 068b 5F706F72 		.ascii	"_port_irq_epilogue\000"
 2277      745F6972 
 2277      715F6570 
 2277      696C6F67 
 2277      756500
 2278              	.LASF79:
 2279 069e 726C6973 		.ascii	"rlist\000"
 2279      7400
 2280              	.LASF14:
 2281 06a4 75696E74 		.ascii	"uint8_t\000"
ARM GAS  C:\Users\euanm\AppData\Local\Temp\ccnpiAo6.s 			page 46


 2281      385F7400 
 2282              	.LASF150:
 2283 06ac 6972715F 		.ascii	"irq_handlers.c\000"
 2283      68616E64 
 2283      6C657273 
 2283      2E6300
 2284              	.LASF83:
 2285 06bb 73697A65 		.ascii	"sizetype\000"
 2285      74797065 
 2285      00
 2286              	.LASF96:
 2287 06c4 4A445233 		.ascii	"JDR3\000"
 2287      00
 2288              	.LASF97:
 2289 06c9 4A445234 		.ascii	"JDR4\000"
 2289      00
 2290              	.LASF128:
 2291 06ce 63685F6D 		.ascii	"ch_mutex\000"
 2291      75746578 
 2291      00
 2292              	.LASF36:
 2293 06d7 705F6E61 		.ascii	"p_name\000"
 2293      6D6500
 2294              	.LASF50:
 2295 06de 74687265 		.ascii	"threads_list_t\000"
 2295      6164735F 
 2295      6C697374 
 2295      5F7400
 2296              	.LASF44:
 2297 06ed 705F6D73 		.ascii	"p_msg\000"
 2297      6700
 2298              	.LASF137:
 2299 06f3 56656374 		.ascii	"VectorE0\000"
 2299      6F724530 
 2299      00
 2300              	.LASF130:
 2301 06fc 6D5F6F77 		.ascii	"m_owner\000"
 2301      6E657200 
 2302              	.LASF33:
 2303 0704 705F6374 		.ascii	"p_ctx\000"
 2303      7800
 2304              	.LASF42:
 2305 070a 705F7761 		.ascii	"p_waiting\000"
 2305      6974696E 
 2305      6700
 2306              		.ident	"GCC: (GNU Tools for ARM Embedded Processors) 5.4.1 20160919 (release) [ARM/embedded-5-bran
ARM GAS  C:\Users\euanm\AppData\Local\Temp\ccnpiAo6.s 			page 47


DEFINED SYMBOLS
                            *ABS*:00000000 irq_handlers.c
C:\Users\euanm\AppData\Local\Temp\ccnpiAo6.s:22     .text.Vector88:00000000 $t
C:\Users\euanm\AppData\Local\Temp\ccnpiAo6.s:28     .text.Vector88:00000000 Vector88
C:\Users\euanm\AppData\Local\Temp\ccnpiAo6.s:58     .text.Vector88:00000018 $d
C:\Users\euanm\AppData\Local\Temp\ccnpiAo6.s:63     .text.VectorE0:00000000 $t
C:\Users\euanm\AppData\Local\Temp\ccnpiAo6.s:69     .text.VectorE0:00000000 VectorE0
C:\Users\euanm\AppData\Local\Temp\ccnpiAo6.s:103    .text.VectorB8:00000000 $t
C:\Users\euanm\AppData\Local\Temp\ccnpiAo6.s:109    .text.VectorB8:00000000 VectorB8
C:\Users\euanm\AppData\Local\Temp\ccnpiAo6.s:144    .text.VectorB8:00000020 $d
                     .debug_frame:00000010 $d

UNDEFINED SYMBOLS
ADC_ClearITPendingBit
mc_interface_adc_inj_int_handler
_port_irq_epilogue
EXTI_GetITStatus
encoder_reset
EXTI_ClearITPendingBit
TIM_GetITStatus
encoder_tim_isr
TIM_ClearITPendingBit
