ARM GAS  C:\Users\euanm\AppData\Local\Temp\ccWfmr9c.s 			page 1


   1              		.syntax unified
   2              		.cpu cortex-m4
   3              		.eabi_attribute 27, 1
   4              		.eabi_attribute 28, 1
   5              		.fpu fpv4-sp-d16
   6              		.eabi_attribute 20, 1
   7              		.eabi_attribute 21, 1
   8              		.eabi_attribute 23, 3
   9              		.eabi_attribute 24, 1
  10              		.eabi_attribute 25, 1
  11              		.eabi_attribute 26, 1
  12              		.eabi_attribute 30, 2
  13              		.eabi_attribute 34, 1
  14              		.eabi_attribute 18, 4
  15              		.thumb
  16              		.syntax unified
  17              		.file	"packet.c"
  18              		.text
  19              	.Ltext0:
  20              		.cfi_sections	.debug_frame
  21              		.section	.text.packet_init,"ax",%progbits
  22              		.align	2
  23              		.p2align 4,,15
  24              		.global	packet_init
  25              		.thumb
  26              		.thumb_func
  27              		.type	packet_init, %function
  28              	packet_init:
  29              	.LFB0:
  30              		.file 1 "packet.c"
  31              		.loc 1 45 0
  32              		.cfi_startproc
  33              		@ args = 0, pretend = 0, frame = 0
  34              		@ frame_needed = 0, uses_anonymous_args = 0
  35              		@ link register save eliminated.
  36              	.LVL0:
  37              		.loc 1 46 0
  38 0000 034B     		ldr	r3, .L2
  39 0002 02EB8212 		add	r2, r2, r2, lsl #6
  40              	.LVL1:
  41 0006 03EB4212 		add	r2, r3, r2, lsl #5
  42 000a 5060     		str	r0, [r2, #4]
  43              		.loc 1 47 0
  44 000c 9160     		str	r1, [r2, #8]
  45 000e 7047     		bx	lr
  46              	.L3:
  47              		.align	2
  48              	.L2:
  49 0010 00000000 		.word	.LANCHOR0
  50              		.cfi_endproc
  51              	.LFE0:
  52              		.size	packet_init, .-packet_init
  53              		.section	.text.packet_send_packet,"ax",%progbits
  54              		.align	2
  55              		.p2align 4,,15
  56              		.global	packet_send_packet
  57              		.thumb
ARM GAS  C:\Users\euanm\AppData\Local\Temp\ccWfmr9c.s 			page 2


  58              		.thumb_func
  59              		.type	packet_send_packet, %function
  60              	packet_send_packet:
  61              	.LFB1:
  62              		.loc 1 50 0
  63              		.cfi_startproc
  64              		@ args = 0, pretend = 0, frame = 0
  65              		@ frame_needed = 0, uses_anonymous_args = 0
  66              	.LVL2:
  67              		.loc 1 51 0
  68 0000 B1F5806F 		cmp	r1, #1024
  69 0004 3BD8     		bhi	.L14
  70              	.LVL3:
  71              		.loc 1 50 0
  72 0006 2DE9F047 		push	{r4, r5, r6, r7, r8, r9, r10, lr}
  73              		.cfi_def_cfa_offset 32
  74              		.cfi_offset 4, -32
  75              		.cfi_offset 5, -28
  76              		.cfi_offset 6, -24
  77              		.cfi_offset 7, -20
  78              		.cfi_offset 8, -16
  79              		.cfi_offset 9, -12
  80              		.cfi_offset 10, -8
  81              		.cfi_offset 14, -4
  82              		.loc 1 58 0
  83 000a 9401     		lsls	r4, r2, #6
  84 000c DFF87480 		ldr	r8, .L17
  85 0010 A318     		adds	r3, r4, r2
  86              		.loc 1 57 0
  87 0012 B1F5807F 		cmp	r1, #256
  88              		.loc 1 58 0
  89 0016 08EB4313 		add	r3, r8, r3, lsl #5
  90              		.loc 1 57 0
  91 001a 2AD9     		bls	.L16
  92              	.LVL4:
  93              		.loc 1 62 0
  94 001c 0E0A     		lsrs	r6, r1, #8
  95              		.loc 1 61 0
  96 001e 0325     		movs	r5, #3
  97              		.loc 1 63 0
  98 0020 83F81214 		strb	r1, [r3, #1042]
  99              		.loc 1 62 0
 100 0024 83F81164 		strb	r6, [r3, #1041]
 101              		.loc 1 61 0
 102 0028 83F81054 		strb	r5, [r3, #1040]
 103              	.LVL5:
 104              	.L8:
 105              		.loc 1 66 0
 106 002c 2244     		add	r2, r2, r4
 107              	.LVL6:
 108 002e 5401     		lsls	r4, r2, #5
 109 0030 04F58269 		add	r9, r4, #1040
 110 0034 0746     		mov	r7, r0
 111 0036 C144     		add	r9, r9, r8
 112 0038 0A46     		mov	r2, r1
 113 003a 0E46     		mov	r6, r1
 114 003c 09EB0500 		add	r0, r9, r5
ARM GAS  C:\Users\euanm\AppData\Local\Temp\ccWfmr9c.s 			page 3


 115              	.LVL7:
 116 0040 3946     		mov	r1, r7
 117              	.LVL8:
 118 0042 FFF7FEFF 		bl	memcpy
 119              	.LVL9:
 120              		.loc 1 69 0
 121 0046 3146     		mov	r1, r6
 122 0048 3846     		mov	r0, r7
 123 004a FFF7FEFF 		bl	crc16
 124              	.LVL10:
 125              		.loc 1 70 0
 126 004e 4444     		add	r4, r4, r8
 127              		.loc 1 67 0
 128 0050 3544     		add	r5, r5, r6
 129              	.LVL11:
 130              		.loc 1 70 0
 131 0052 6319     		adds	r3, r4, r5
 132              		.loc 1 74 0
 133 0054 6268     		ldr	r2, [r4, #4]
 134              		.loc 1 71 0
 135 0056 83F81104 		strb	r0, [r3, #1041]
 136              		.loc 1 72 0
 137 005a 0324     		movs	r4, #3
 138              		.loc 1 70 0
 139 005c 000A     		lsrs	r0, r0, #8
 140              	.LVL12:
 141 005e 83F81004 		strb	r0, [r3, #1040]
 142              	.LVL13:
 143              		.loc 1 72 0
 144 0062 2919     		adds	r1, r5, r4
 145              	.LVL14:
 146 0064 83F81244 		strb	r4, [r3, #1042]
 147              		.loc 1 74 0
 148 0068 52B1     		cbz	r2, .L4
 149              		.loc 1 75 0
 150 006a 4846     		mov	r0, r9
 151              		.loc 1 77 0
 152 006c BDE8F047 		pop	{r4, r5, r6, r7, r8, r9, r10, lr}
 153              		.cfi_remember_state
 154              		.cfi_restore 14
 155              		.cfi_restore 10
 156              		.cfi_restore 9
 157              		.cfi_restore 8
 158              		.cfi_restore 7
 159              		.cfi_restore 6
 160              		.cfi_restore 5
 161              		.cfi_restore 4
 162              		.cfi_def_cfa_offset 0
 163              	.LVL15:
 164              		.loc 1 75 0
 165 0070 1047     		bx	r2	@ indirect register sibling call
 166              	.LVL16:
 167              	.L16:
 168              		.cfi_restore_state
 169              		.loc 1 58 0
 170 0072 0225     		movs	r5, #2
 171              		.loc 1 59 0
ARM GAS  C:\Users\euanm\AppData\Local\Temp\ccWfmr9c.s 			page 4


 172 0074 83F81114 		strb	r1, [r3, #1041]
 173              		.loc 1 58 0
 174 0078 83F81054 		strb	r5, [r3, #1040]
 175              	.LVL17:
 176 007c D6E7     		b	.L8
 177              	.LVL18:
 178              	.L14:
 179              		.cfi_def_cfa_offset 0
 180              		.cfi_restore 4
 181              		.cfi_restore 5
 182              		.cfi_restore 6
 183              		.cfi_restore 7
 184              		.cfi_restore 8
 185              		.cfi_restore 9
 186              		.cfi_restore 10
 187              		.cfi_restore 14
 188 007e 7047     		bx	lr
 189              	.LVL19:
 190              	.L4:
 191              		.cfi_def_cfa_offset 32
 192              		.cfi_offset 4, -32
 193              		.cfi_offset 5, -28
 194              		.cfi_offset 6, -24
 195              		.cfi_offset 7, -20
 196              		.cfi_offset 8, -16
 197              		.cfi_offset 9, -12
 198              		.cfi_offset 10, -8
 199              		.cfi_offset 14, -4
 200 0080 BDE8F087 		pop	{r4, r5, r6, r7, r8, r9, r10, pc}
 201              	.LVL20:
 202              	.L18:
 203              		.align	2
 204              	.L17:
 205 0084 00000000 		.word	.LANCHOR0
 206              		.cfi_endproc
 207              	.LFE1:
 208              		.size	packet_send_packet, .-packet_send_packet
 209              		.section	.text.packet_timerfunc,"ax",%progbits
 210              		.align	2
 211              		.p2align 4,,15
 212              		.global	packet_timerfunc
 213              		.thumb
 214              		.thumb_func
 215              		.type	packet_timerfunc, %function
 216              	packet_timerfunc:
 217              	.LFB2:
 218              		.loc 1 82 0
 219              		.cfi_startproc
 220              		@ args = 0, pretend = 0, frame = 0
 221              		@ frame_needed = 0, uses_anonymous_args = 0
 222              		@ link register save eliminated.
 223              	.LVL21:
 224              	.LBB2:
 225              		.loc 1 84 0
 226 0000 104B     		ldr	r3, .L25
 227 0002 5A78     		ldrb	r2, [r3, #1]	@ zero_extendqisi2
 228 0004 02F0FF01 		and	r1, r2, #255
ARM GAS  C:\Users\euanm\AppData\Local\Temp\ccWfmr9c.s 			page 5


 229 0008 82B9     		cbnz	r2, .L20
 230              	.LVL22:
 231              		.loc 1 87 0
 232 000a 1970     		strb	r1, [r3]
 233              		.loc 1 84 0
 234 000c 93F82138 		ldrb	r3, [r3, #2081]	@ zero_extendqisi2
 235 0010 0C4A     		ldr	r2, .L25
 236 0012 03F0FF01 		and	r1, r3, #255
 237 0016 33B1     		cbz	r3, .L24
 238              	.L22:
 239              		.loc 1 85 0
 240 0018 92F82138 		ldrb	r3, [r2, #2081]	@ zero_extendqisi2
 241 001c 013B     		subs	r3, r3, #1
 242 001e DBB2     		uxtb	r3, r3
 243 0020 82F82138 		strb	r3, [r2, #2081]
 244              	.LVL23:
 245 0024 7047     		bx	lr
 246              	.LVL24:
 247              	.L24:
 248              		.loc 1 87 0
 249 0026 82F82018 		strb	r1, [r2, #2080]
 250 002a 7047     		bx	lr
 251              	.LVL25:
 252              	.L20:
 253              		.loc 1 85 0
 254 002c 5A78     		ldrb	r2, [r3, #1]	@ zero_extendqisi2
 255 002e 013A     		subs	r2, r2, #1
 256 0030 D2B2     		uxtb	r2, r2
 257 0032 5A70     		strb	r2, [r3, #1]
 258              	.LVL26:
 259              		.loc 1 84 0
 260 0034 93F82138 		ldrb	r3, [r3, #2081]	@ zero_extendqisi2
 261 0038 024A     		ldr	r2, .L25
 262 003a 03F0FF01 		and	r1, r3, #255
 263 003e 002B     		cmp	r3, #0
 264 0040 EAD1     		bne	.L22
 265 0042 F0E7     		b	.L24
 266              	.L26:
 267              		.align	2
 268              	.L25:
 269 0044 00000000 		.word	.LANCHOR0
 270              	.LBE2:
 271              		.cfi_endproc
 272              	.LFE2:
 273              		.size	packet_timerfunc, .-packet_timerfunc
 274              		.section	.text.packet_process_byte,"ax",%progbits
 275              		.align	2
 276              		.p2align 4,,15
 277              		.global	packet_process_byte
 278              		.thumb
 279              		.thumb_func
 280              		.type	packet_process_byte, %function
 281              	packet_process_byte:
 282              	.LFB3:
 283              		.loc 1 92 0
 284              		.cfi_startproc
 285              		@ args = 0, pretend = 0, frame = 0
ARM GAS  C:\Users\euanm\AppData\Local\Temp\ccWfmr9c.s 			page 6


 286              		@ frame_needed = 0, uses_anonymous_args = 0
 287              	.LVL27:
 288 0000 2DE9F843 		push	{r3, r4, r5, r6, r7, r8, r9, lr}
 289              		.cfi_def_cfa_offset 32
 290              		.cfi_offset 3, -32
 291              		.cfi_offset 4, -28
 292              		.cfi_offset 5, -24
 293              		.cfi_offset 6, -20
 294              		.cfi_offset 7, -16
 295              		.cfi_offset 8, -12
 296              		.cfi_offset 9, -8
 297              		.cfi_offset 14, -4
 298              		.loc 1 93 0
 299 0004 8E01     		lsls	r6, r1, #6
 300 0006 7318     		adds	r3, r6, r1
 301 0008 5B01     		lsls	r3, r3, #5
 302 000a 534D     		ldr	r5, .L55
 303 000c EB5C     		ldrb	r3, [r5, r3]	@ zero_extendqisi2
 304 000e 062B     		cmp	r3, #6
 305 0010 6BD8     		bhi	.L28
 306 0012 DFE803F0 		tbb	[pc, r3]
 307              	.L30:
 308 0016 0D       		.byte	(.L29-.L30)/2
 309 0017 18       		.byte	(.L31-.L30)/2
 310 0018 25       		.byte	(.L32-.L30)/2
 311 0019 38       		.byte	(.L33-.L30)/2
 312 001a 56       		.byte	(.L34-.L30)/2
 313 001b 63       		.byte	(.L35-.L30)/2
 314 001c 04       		.byte	(.L36-.L30)/2
 315 001d 00       		.p2align 1
 316              	.L36:
 317              		.loc 1 150 0
 318 001e 0328     		cmp	r0, #3
 319 0020 0C46     		mov	r4, r1
 320 0022 7DD0     		beq	.L52
 321              	.LVL28:
 322              	.L43:
 323              		.loc 1 161 0
 324 0024 3444     		add	r4, r4, r6
 325              	.LVL29:
 326 0026 6401     		lsls	r4, r4, #5
 327 0028 0023     		movs	r3, #0
 328 002a 2B55     		strb	r3, [r5, r4]
 329              		.loc 1 162 0
 330 002c BDE8F883 		pop	{r3, r4, r5, r6, r7, r8, r9, pc}
 331              	.LVL30:
 332              	.L29:
 333              		.loc 1 97 0
 334 0030 3144     		add	r1, r1, r6
 335              	.LVL31:
 336              		.loc 1 95 0
 337 0032 0228     		cmp	r0, #2
 338              		.loc 1 97 0
 339 0034 4FEA4111 		lsl	r1, r1, #5
 340              		.loc 1 95 0
 341 0038 6ED0     		beq	.L53
 342              		.loc 1 101 0
ARM GAS  C:\Users\euanm\AppData\Local\Temp\ccWfmr9c.s 			page 7


 343 003a 0328     		cmp	r0, #3
 344 003c 5FD0     		beq	.L54
 345              		.loc 1 165 0
 346 003e 0023     		movs	r3, #0
 347 0040 6B54     		strb	r3, [r5, r1]
 348 0042 BDE8F883 		pop	{r3, r4, r5, r6, r7, r8, r9, pc}
 349              	.LVL32:
 350              	.L31:
 351              		.loc 1 113 0
 352 0046 3144     		add	r1, r1, r6
 353              	.LVL33:
 354 0048 4901     		lsls	r1, r1, #5
 355 004a 6A18     		adds	r2, r5, r1
 356              		.loc 1 114 0
 357 004c 6B5C     		ldrb	r3, [r5, r1]	@ zero_extendqisi2
 358 004e 0133     		adds	r3, r3, #1
 359 0050 DBB2     		uxtb	r3, r3
 360              		.loc 1 115 0
 361 0052 0A24     		movs	r4, #10
 362              		.loc 1 114 0
 363 0054 6B54     		strb	r3, [r5, r1]
 364              		.loc 1 113 0
 365 0056 0002     		lsls	r0, r0, #8
 366              	.LVL34:
 367              		.loc 1 115 0
 368 0058 5470     		strb	r4, [r2, #1]
 369              		.loc 1 113 0
 370 005a D060     		str	r0, [r2, #12]
 371              		.loc 1 116 0
 372 005c BDE8F883 		pop	{r3, r4, r5, r6, r7, r8, r9, pc}
 373              	.LVL35:
 374              	.L32:
 375              		.loc 1 119 0
 376 0060 3144     		add	r1, r1, r6
 377              	.LVL36:
 378 0062 4901     		lsls	r1, r1, #5
 379 0064 0D44     		add	r5, r5, r1
 380 0066 3C4A     		ldr	r2, .L55
 381 0068 EB68     		ldr	r3, [r5, #12]
 382 006a 1843     		orrs	r0, r0, r3
 383              	.LVL37:
 384              		.loc 1 120 0
 385 006c 431E     		subs	r3, r0, #1
 386 006e B3F5806F 		cmp	r3, #1024
 387              		.loc 1 119 0
 388 0072 E860     		str	r0, [r5, #12]
 389              		.loc 1 120 0
 390 0074 3FD2     		bcs	.L40
 391              		.loc 1 122 0
 392 0076 535C     		ldrb	r3, [r2, r1]	@ zero_extendqisi2
 393 0078 0133     		adds	r3, r3, #1
 394 007a DBB2     		uxtb	r3, r3
 395              		.loc 1 123 0
 396 007c 0A20     		movs	r0, #10
 397              		.loc 1 122 0
 398 007e 5354     		strb	r3, [r2, r1]
 399              		.loc 1 123 0
ARM GAS  C:\Users\euanm\AppData\Local\Temp\ccWfmr9c.s 			page 8


 400 0080 6870     		strb	r0, [r5, #1]
 401 0082 BDE8F883 		pop	{r3, r4, r5, r6, r7, r8, r9, pc}
 402              	.LVL38:
 403              	.L33:
 404              		.loc 1 130 0
 405 0086 7418     		adds	r4, r6, r1
 406 0088 6401     		lsls	r4, r4, #5
 407 008a 2A19     		adds	r2, r5, r4
 408 008c DFF8C8C0 		ldr	ip, .L55
 409 0090 D2F81838 		ldr	r3, [r2, #2072]
 410              		.loc 1 131 0
 411 0094 D768     		ldr	r7, [r2, #12]
 412              		.loc 1 130 0
 413 0096 02EB030E 		add	lr, r2, r3
 414 009a 0133     		adds	r3, r3, #1
 415              		.loc 1 131 0
 416 009c BB42     		cmp	r3, r7
 417              		.loc 1 130 0
 418 009e 8EF81000 		strb	r0, [lr, #16]
 419 00a2 C2F81838 		str	r3, [r2, #2072]
 420              		.loc 1 131 0
 421 00a6 05D1     		bne	.L41
 422              		.loc 1 132 0
 423 00a8 1CF80430 		ldrb	r3, [ip, r4]	@ zero_extendqisi2
 424 00ac 0133     		adds	r3, r3, #1
 425 00ae DBB2     		uxtb	r3, r3
 426 00b0 0CF80430 		strb	r3, [ip, r4]
 427              	.L41:
 428              		.loc 1 134 0
 429 00b4 3144     		add	r1, r1, r6
 430              	.LVL39:
 431 00b6 05EB4115 		add	r5, r5, r1, lsl #5
 432 00ba 0A23     		movs	r3, #10
 433 00bc 6B70     		strb	r3, [r5, #1]
 434              		.loc 1 135 0
 435 00be BDE8F883 		pop	{r3, r4, r5, r6, r7, r8, r9, pc}
 436              	.LVL40:
 437              	.L34:
 438              		.loc 1 138 0
 439 00c2 3144     		add	r1, r1, r6
 440              	.LVL41:
 441 00c4 4901     		lsls	r1, r1, #5
 442 00c6 6A18     		adds	r2, r5, r1
 443              		.loc 1 139 0
 444 00c8 6B5C     		ldrb	r3, [r5, r1]	@ zero_extendqisi2
 445              		.loc 1 138 0
 446 00ca 82F81D08 		strb	r0, [r2, #2077]
 447              	.L51:
 448              		.loc 1 145 0
 449 00ce 0133     		adds	r3, r3, #1
 450 00d0 DBB2     		uxtb	r3, r3
 451              		.loc 1 146 0
 452 00d2 0A20     		movs	r0, #10
 453              	.LVL42:
 454              		.loc 1 145 0
 455 00d4 6B54     		strb	r3, [r5, r1]
 456              		.loc 1 146 0
ARM GAS  C:\Users\euanm\AppData\Local\Temp\ccWfmr9c.s 			page 9


 457 00d6 5070     		strb	r0, [r2, #1]
 458              		.loc 1 147 0
 459 00d8 BDE8F883 		pop	{r3, r4, r5, r6, r7, r8, r9, pc}
 460              	.LVL43:
 461              	.L35:
 462              		.loc 1 144 0
 463 00dc 3144     		add	r1, r1, r6
 464              	.LVL44:
 465 00de 4901     		lsls	r1, r1, #5
 466 00e0 6A18     		adds	r2, r5, r1
 467              		.loc 1 145 0
 468 00e2 6B5C     		ldrb	r3, [r5, r1]	@ zero_extendqisi2
 469              		.loc 1 144 0
 470 00e4 82F81C08 		strb	r0, [r2, #2076]
 471 00e8 F1E7     		b	.L51
 472              	.LVL45:
 473              	.L28:
 474              		.loc 1 165 0
 475 00ea 3144     		add	r1, r1, r6
 476              	.LVL46:
 477 00ec 4901     		lsls	r1, r1, #5
 478 00ee 0023     		movs	r3, #0
 479 00f0 6B54     		strb	r3, [r5, r1]
 480 00f2 BDE8F883 		pop	{r3, r4, r5, r6, r7, r8, r9, pc}
 481              	.LVL47:
 482              	.L40:
 483              		.loc 1 125 0
 484 00f6 0023     		movs	r3, #0
 485 00f8 5354     		strb	r3, [r2, r1]
 486 00fa BDE8F883 		pop	{r3, r4, r5, r6, r7, r8, r9, pc}
 487              	.LVL48:
 488              	.L54:
 489              		.loc 1 103 0
 490 00fe 6B5C     		ldrb	r3, [r5, r1]	@ zero_extendqisi2
 491 0100 6A18     		adds	r2, r5, r1
 492 0102 0133     		adds	r3, r3, #1
 493              	.L49:
 494 0104 DBB2     		uxtb	r3, r3
 495 0106 6B54     		strb	r3, [r5, r1]
 496              		.loc 1 104 0
 497 0108 0A24     		movs	r4, #10
 498              		.loc 1 105 0
 499 010a 0020     		movs	r0, #0
 500              	.LVL49:
 501              		.loc 1 104 0
 502 010c 5470     		strb	r4, [r2, #1]
 503              		.loc 1 105 0
 504 010e C2F81808 		str	r0, [r2, #2072]
 505              		.loc 1 106 0
 506 0112 D060     		str	r0, [r2, #12]
 507 0114 BDE8F883 		pop	{r3, r4, r5, r6, r7, r8, r9, pc}
 508              	.LVL50:
 509              	.L53:
 510              		.loc 1 97 0
 511 0118 6B5C     		ldrb	r3, [r5, r1]	@ zero_extendqisi2
 512 011a 6A18     		adds	r2, r5, r1
 513 011c 0233     		adds	r3, r3, #2
ARM GAS  C:\Users\euanm\AppData\Local\Temp\ccWfmr9c.s 			page 10


 514 011e F1E7     		b	.L49
 515              	.LVL51:
 516              	.L52:
 517              		.loc 1 151 0
 518 0120 7718     		adds	r7, r6, r1
 519 0122 7F01     		lsls	r7, r7, #5
 520 0124 05EB0709 		add	r9, r5, r7
 521 0128 07F11008 		add	r8, r7, #16
 522 012c A844     		add	r8, r8, r5
 523 012e 4046     		mov	r0, r8
 524              	.LVL52:
 525 0130 D9F80C10 		ldr	r1, [r9, #12]
 526              	.LVL53:
 527 0134 FFF7FEFF 		bl	crc16
 528              	.LVL54:
 529 0138 B9F81C38 		ldrh	r3, [r9, #2076]
 530 013c 8342     		cmp	r3, r0
 531 013e 7FF471AF 		bne	.L43
 532              		.loc 1 155 0
 533 0142 D9F80830 		ldr	r3, [r9, #8]
 534 0146 002B     		cmp	r3, #0
 535 0148 3FF46CAF 		beq	.L43
 536              		.loc 1 156 0
 537 014c D9F80C10 		ldr	r1, [r9, #12]
 538 0150 4046     		mov	r0, r8
 539 0152 9847     		blx	r3
 540              	.LVL55:
 541 0154 66E7     		b	.L43
 542              	.L56:
 543 0156 00BF     		.align	2
 544              	.L55:
 545 0158 00000000 		.word	.LANCHOR0
 546              		.cfi_endproc
 547              	.LFE3:
 548              		.size	packet_process_byte, .-packet_process_byte
 549              		.section	.bss.handler_states,"aw",%nobits
 550              		.align	2
 551              		.set	.LANCHOR0,. + 0
 552              		.type	handler_states, %object
 553              		.size	handler_states, 4160
 554              	handler_states:
 555 0000 00000000 		.space	4160
 555      00000000 
 555      00000000 
 555      00000000 
 555      00000000 
 556              		.text
 557              	.Letext0:
 558              		.file 2 "c:\\program files (x86)\\gnu tools arm embedded\\5.4 2016q3\\arm-none-eabi\\include\\mach
 559              		.file 3 "c:\\program files (x86)\\gnu tools arm embedded\\5.4 2016q3\\arm-none-eabi\\include\\sys\
 560              		.file 4 "crc.h"
 561              		.section	.debug_info,"",%progbits
 562              	.Ldebug_info0:
 563 0000 0E030000 		.4byte	0x30e
 564 0004 0400     		.2byte	0x4
 565 0006 00000000 		.4byte	.Ldebug_abbrev0
 566 000a 04       		.byte	0x4
ARM GAS  C:\Users\euanm\AppData\Local\Temp\ccWfmr9c.s 			page 11


 567 000b 01       		.uleb128 0x1
 568 000c 77000000 		.4byte	.LASF35
 569 0010 0C       		.byte	0xc
 570 0011 09000000 		.4byte	.LASF36
 571 0015 E5010000 		.4byte	.LASF37
 572 0019 00000000 		.4byte	.Ldebug_ranges0+0
 573 001d 00000000 		.4byte	0
 574 0021 00000000 		.4byte	.Ldebug_line0
 575 0025 02       		.uleb128 0x2
 576 0026 04       		.byte	0x4
 577 0027 05       		.byte	0x5
 578 0028 696E7400 		.ascii	"int\000"
 579 002c 03       		.uleb128 0x3
 580 002d 04       		.byte	0x4
 581 002e 07       		.byte	0x7
 582 002f 00020000 		.4byte	.LASF0
 583 0033 03       		.uleb128 0x3
 584 0034 01       		.byte	0x1
 585 0035 06       		.byte	0x6
 586 0036 DE020000 		.4byte	.LASF1
 587 003a 04       		.uleb128 0x4
 588 003b 12000000 		.4byte	.LASF11
 589 003f 02       		.byte	0x2
 590 0040 1D       		.byte	0x1d
 591 0041 45000000 		.4byte	0x45
 592 0045 03       		.uleb128 0x3
 593 0046 01       		.byte	0x1
 594 0047 08       		.byte	0x8
 595 0048 B2010000 		.4byte	.LASF2
 596 004c 03       		.uleb128 0x3
 597 004d 02       		.byte	0x2
 598 004e 05       		.byte	0x5
 599 004f A5020000 		.4byte	.LASF3
 600 0053 03       		.uleb128 0x3
 601 0054 02       		.byte	0x2
 602 0055 07       		.byte	0x7
 603 0056 D2010000 		.4byte	.LASF4
 604 005a 03       		.uleb128 0x3
 605 005b 04       		.byte	0x4
 606 005c 05       		.byte	0x5
 607 005d C4020000 		.4byte	.LASF5
 608 0061 03       		.uleb128 0x3
 609 0062 04       		.byte	0x4
 610 0063 07       		.byte	0x7
 611 0064 C0010000 		.4byte	.LASF6
 612 0068 03       		.uleb128 0x3
 613 0069 08       		.byte	0x8
 614 006a 05       		.byte	0x5
 615 006b 89020000 		.4byte	.LASF7
 616 006f 03       		.uleb128 0x3
 617 0070 08       		.byte	0x8
 618 0071 07       		.byte	0x7
 619 0072 2A020000 		.4byte	.LASF8
 620 0076 03       		.uleb128 0x3
 621 0077 04       		.byte	0x4
 622 0078 07       		.byte	0x7
 623 0079 80020000 		.4byte	.LASF9
ARM GAS  C:\Users\euanm\AppData\Local\Temp\ccWfmr9c.s 			page 12


 624 007d 03       		.uleb128 0x3
 625 007e 01       		.byte	0x1
 626 007f 08       		.byte	0x8
 627 0080 CD020000 		.4byte	.LASF10
 628 0084 05       		.uleb128 0x5
 629 0085 04       		.byte	0x4
 630 0086 45000000 		.4byte	0x45
 631 008a 04       		.uleb128 0x4
 632 008b 41020000 		.4byte	.LASF12
 633 008f 03       		.byte	0x3
 634 0090 18       		.byte	0x18
 635 0091 3A000000 		.4byte	0x3a
 636 0095 06       		.uleb128 0x6
 637 0096 2008     		.2byte	0x820
 638 0098 01       		.byte	0x1
 639 0099 1D       		.byte	0x1d
 640 009a 1B010000 		.4byte	0x11b
 641 009e 07       		.uleb128 0x7
 642 009f EA020000 		.4byte	.LASF13
 643 00a3 01       		.byte	0x1
 644 00a4 1E       		.byte	0x1e
 645 00a5 1B010000 		.4byte	0x11b
 646 00a9 00       		.byte	0
 647 00aa 07       		.uleb128 0x7
 648 00ab 64020000 		.4byte	.LASF14
 649 00af 01       		.byte	0x1
 650 00b0 1F       		.byte	0x1f
 651 00b1 1B010000 		.4byte	0x11b
 652 00b5 01       		.byte	0x1
 653 00b6 07       		.uleb128 0x7
 654 00b7 76020000 		.4byte	.LASF15
 655 00bb 01       		.byte	0x1
 656 00bc 20       		.byte	0x20
 657 00bd 30010000 		.4byte	0x130
 658 00c1 04       		.byte	0x4
 659 00c2 07       		.uleb128 0x7
 660 00c3 9B010000 		.4byte	.LASF16
 661 00c7 01       		.byte	0x1
 662 00c8 21       		.byte	0x21
 663 00c9 30010000 		.4byte	0x130
 664 00cd 08       		.byte	0x8
 665 00ce 07       		.uleb128 0x7
 666 00cf AF020000 		.4byte	.LASF17
 667 00d3 01       		.byte	0x1
 668 00d4 22       		.byte	0x22
 669 00d5 2C000000 		.4byte	0x2c
 670 00d9 0C       		.byte	0xc
 671 00da 07       		.uleb128 0x7
 672 00db A8010000 		.4byte	.LASF18
 673 00df 01       		.byte	0x1
 674 00e0 23       		.byte	0x23
 675 00e1 36010000 		.4byte	0x136
 676 00e5 10       		.byte	0x10
 677 00e6 08       		.uleb128 0x8
 678 00e7 62000000 		.4byte	.LASF19
 679 00eb 01       		.byte	0x1
 680 00ec 24       		.byte	0x24
ARM GAS  C:\Users\euanm\AppData\Local\Temp\ccWfmr9c.s 			page 13


 681 00ed 47010000 		.4byte	0x147
 682 00f1 1004     		.2byte	0x410
 683 00f3 08       		.uleb128 0x8
 684 00f4 0D020000 		.4byte	.LASF20
 685 00f8 01       		.byte	0x1
 686 00f9 25       		.byte	0x25
 687 00fa 2C000000 		.4byte	0x2c
 688 00fe 1808     		.2byte	0x818
 689 0100 08       		.uleb128 0x8
 690 0101 5C020000 		.4byte	.LASF21
 691 0105 01       		.byte	0x1
 692 0106 26       		.byte	0x26
 693 0107 45000000 		.4byte	0x45
 694 010b 1C08     		.2byte	0x81c
 695 010d 08       		.uleb128 0x8
 696 010e 00000000 		.4byte	.LASF22
 697 0112 01       		.byte	0x1
 698 0113 27       		.byte	0x27
 699 0114 45000000 		.4byte	0x45
 700 0118 1D08     		.2byte	0x81d
 701 011a 00       		.byte	0
 702 011b 09       		.uleb128 0x9
 703 011c 45000000 		.4byte	0x45
 704 0120 0A       		.uleb128 0xa
 705 0121 30010000 		.4byte	0x130
 706 0125 0B       		.uleb128 0xb
 707 0126 84000000 		.4byte	0x84
 708 012a 0B       		.uleb128 0xb
 709 012b 2C000000 		.4byte	0x2c
 710 012f 00       		.byte	0
 711 0130 05       		.uleb128 0x5
 712 0131 04       		.byte	0x4
 713 0132 20010000 		.4byte	0x120
 714 0136 0C       		.uleb128 0xc
 715 0137 45000000 		.4byte	0x45
 716 013b 47010000 		.4byte	0x147
 717 013f 0D       		.uleb128 0xd
 718 0140 76000000 		.4byte	0x76
 719 0144 FF03     		.2byte	0x3ff
 720 0146 00       		.byte	0
 721 0147 0C       		.uleb128 0xc
 722 0148 45000000 		.4byte	0x45
 723 014c 58010000 		.4byte	0x158
 724 0150 0D       		.uleb128 0xd
 725 0151 76000000 		.4byte	0x76
 726 0155 0504     		.2byte	0x405
 727 0157 00       		.byte	0
 728 0158 04       		.uleb128 0x4
 729 0159 3F000000 		.4byte	.LASF23
 730 015d 01       		.byte	0x1
 731 015e 28       		.byte	0x28
 732 015f 95000000 		.4byte	0x95
 733 0163 0E       		.uleb128 0xe
 734 0164 D2020000 		.4byte	.LASF27
 735 0168 01       		.byte	0x1
 736 0169 2C       		.byte	0x2c
 737 016a 00000000 		.4byte	.LFB0
ARM GAS  C:\Users\euanm\AppData\Local\Temp\ccWfmr9c.s 			page 14


 738 016e 14000000 		.4byte	.LFE0-.LFB0
 739 0172 01       		.uleb128 0x1
 740 0173 9C       		.byte	0x9c
 741 0174 A2010000 		.4byte	0x1a2
 742 0178 0F       		.uleb128 0xf
 743 0179 6F020000 		.4byte	.LASF24
 744 017d 01       		.byte	0x1
 745 017e 2C       		.byte	0x2c
 746 017f 30010000 		.4byte	0x130
 747 0183 01       		.uleb128 0x1
 748 0184 50       		.byte	0x50
 749 0185 0F       		.uleb128 0xf
 750 0186 97020000 		.4byte	.LASF25
 751 018a 01       		.byte	0x1
 752 018b 2D       		.byte	0x2d
 753 018c 30010000 		.4byte	0x130
 754 0190 01       		.uleb128 0x1
 755 0191 51       		.byte	0x51
 756 0192 10       		.uleb128 0x10
 757 0193 2B000000 		.4byte	.LASF26
 758 0197 01       		.byte	0x1
 759 0198 2D       		.byte	0x2d
 760 0199 25000000 		.4byte	0x25
 761 019d 00000000 		.4byte	.LLST0
 762 01a1 00       		.byte	0
 763 01a2 0E       		.uleb128 0xe
 764 01a3 49020000 		.4byte	.LASF28
 765 01a7 01       		.byte	0x1
 766 01a8 32       		.byte	0x32
 767 01a9 00000000 		.4byte	.LFB1
 768 01ad 88000000 		.4byte	.LFE1-.LFB1
 769 01b1 01       		.uleb128 0x1
 770 01b2 9C       		.byte	0x9c
 771 01b3 5B020000 		.4byte	0x25b
 772 01b7 10       		.uleb128 0x10
 773 01b8 6C000000 		.4byte	.LASF29
 774 01bc 01       		.byte	0x1
 775 01bd 32       		.byte	0x32
 776 01be 84000000 		.4byte	0x84
 777 01c2 21000000 		.4byte	.LLST1
 778 01c6 11       		.uleb128 0x11
 779 01c7 6C656E00 		.ascii	"len\000"
 780 01cb 01       		.byte	0x1
 781 01cc 32       		.byte	0x32
 782 01cd 2C000000 		.4byte	0x2c
 783 01d1 71000000 		.4byte	.LLST2
 784 01d5 10       		.uleb128 0x10
 785 01d6 2B000000 		.4byte	.LASF26
 786 01da 01       		.byte	0x1
 787 01db 32       		.byte	0x32
 788 01dc 25000000 		.4byte	0x25
 789 01e0 CC000000 		.4byte	.LLST3
 790 01e4 12       		.uleb128 0x12
 791 01e5 71000000 		.4byte	.LASF30
 792 01e9 01       		.byte	0x1
 793 01ea 37       		.byte	0x37
 794 01eb 25000000 		.4byte	0x25
ARM GAS  C:\Users\euanm\AppData\Local\Temp\ccWfmr9c.s 			page 15


 795 01ef 06010000 		.4byte	.LLST4
 796 01f3 13       		.uleb128 0x13
 797 01f4 63726300 		.ascii	"crc\000"
 798 01f8 01       		.byte	0x1
 799 01f9 45       		.byte	0x45
 800 01fa 53000000 		.4byte	0x53
 801 01fe 6E010000 		.4byte	.LLST5
 802 0202 14       		.uleb128 0x14
 803 0203 46000000 		.4byte	.LVL9
 804 0207 FD020000 		.4byte	0x2fd
 805 020b 25020000 		.4byte	0x225
 806 020f 15       		.uleb128 0x15
 807 0210 01       		.uleb128 0x1
 808 0211 50       		.byte	0x50
 809 0212 05       		.uleb128 0x5
 810 0213 79       		.byte	0x79
 811 0214 00       		.sleb128 0
 812 0215 75       		.byte	0x75
 813 0216 00       		.sleb128 0
 814 0217 22       		.byte	0x22
 815 0218 15       		.uleb128 0x15
 816 0219 01       		.uleb128 0x1
 817 021a 51       		.byte	0x51
 818 021b 02       		.uleb128 0x2
 819 021c 77       		.byte	0x77
 820 021d 00       		.sleb128 0
 821 021e 15       		.uleb128 0x15
 822 021f 01       		.uleb128 0x1
 823 0220 52       		.byte	0x52
 824 0221 02       		.uleb128 0x2
 825 0222 76       		.byte	0x76
 826 0223 00       		.sleb128 0
 827 0224 00       		.byte	0
 828 0225 14       		.uleb128 0x14
 829 0226 4E000000 		.4byte	.LVL10
 830 022a 06030000 		.4byte	0x306
 831 022e 3F020000 		.4byte	0x23f
 832 0232 15       		.uleb128 0x15
 833 0233 01       		.uleb128 0x1
 834 0234 50       		.byte	0x50
 835 0235 02       		.uleb128 0x2
 836 0236 77       		.byte	0x77
 837 0237 00       		.sleb128 0
 838 0238 15       		.uleb128 0x15
 839 0239 01       		.uleb128 0x1
 840 023a 51       		.byte	0x51
 841 023b 02       		.uleb128 0x2
 842 023c 76       		.byte	0x76
 843 023d 00       		.sleb128 0
 844 023e 00       		.byte	0
 845 023f 16       		.uleb128 0x16
 846 0240 72000000 		.4byte	.LVL16
 847 0244 15       		.uleb128 0x15
 848 0245 01       		.uleb128 0x1
 849 0246 50       		.byte	0x50
 850 0247 11       		.uleb128 0x11
 851 0248 F3       		.byte	0xf3
ARM GAS  C:\Users\euanm\AppData\Local\Temp\ccWfmr9c.s 			page 16


 852 0249 01       		.uleb128 0x1
 853 024a 52       		.byte	0x52
 854 024b 36       		.byte	0x36
 855 024c 24       		.byte	0x24
 856 024d F3       		.byte	0xf3
 857 024e 01       		.uleb128 0x1
 858 024f 52       		.byte	0x52
 859 0250 22       		.byte	0x22
 860 0251 35       		.byte	0x35
 861 0252 24       		.byte	0x24
 862 0253 03       		.byte	0x3
 863 0254 10040000 		.4byte	.LANCHOR0+1040
 864 0258 22       		.byte	0x22
 865 0259 00       		.byte	0
 866 025a 00       		.byte	0
 867 025b 0E       		.uleb128 0xe
 868 025c 19020000 		.4byte	.LASF31
 869 0260 01       		.byte	0x1
 870 0261 52       		.byte	0x52
 871 0262 00000000 		.4byte	.LFB2
 872 0266 48000000 		.4byte	.LFE2-.LFB2
 873 026a 01       		.uleb128 0x1
 874 026b 9C       		.byte	0x9c
 875 026c 88020000 		.4byte	0x288
 876 0270 17       		.uleb128 0x17
 877 0271 00000000 		.4byte	.LBB2
 878 0275 48000000 		.4byte	.LBE2-.LBB2
 879 0279 13       		.uleb128 0x13
 880 027a 6900     		.ascii	"i\000"
 881 027c 01       		.byte	0x1
 882 027d 53       		.byte	0x53
 883 027e 25000000 		.4byte	0x25
 884 0282 81010000 		.4byte	.LLST6
 885 0286 00       		.byte	0
 886 0287 00       		.byte	0
 887 0288 0E       		.uleb128 0xe
 888 0289 4E000000 		.4byte	.LASF32
 889 028d 01       		.byte	0x1
 890 028e 5C       		.byte	0x5c
 891 028f 00000000 		.4byte	.LFB3
 892 0293 5C010000 		.4byte	.LFE3-.LFB3
 893 0297 01       		.uleb128 0x1
 894 0298 9C       		.byte	0x9c
 895 0299 DC020000 		.4byte	0x2dc
 896 029d 10       		.uleb128 0x10
 897 029e 37000000 		.4byte	.LASF33
 898 02a2 01       		.byte	0x1
 899 02a3 5C       		.byte	0x5c
 900 02a4 8A000000 		.4byte	0x8a
 901 02a8 D1010000 		.4byte	.LLST7
 902 02ac 10       		.uleb128 0x10
 903 02ad 2B000000 		.4byte	.LASF26
 904 02b1 01       		.byte	0x1
 905 02b2 5C       		.byte	0x5c
 906 02b3 25000000 		.4byte	0x25
 907 02b7 88020000 		.4byte	.LLST8
 908 02bb 14       		.uleb128 0x14
ARM GAS  C:\Users\euanm\AppData\Local\Temp\ccWfmr9c.s 			page 17


 909 02bc 38010000 		.4byte	.LVL54
 910 02c0 06030000 		.4byte	0x306
 911 02c4 CF020000 		.4byte	0x2cf
 912 02c8 15       		.uleb128 0x15
 913 02c9 01       		.uleb128 0x1
 914 02ca 50       		.byte	0x50
 915 02cb 02       		.uleb128 0x2
 916 02cc 78       		.byte	0x78
 917 02cd 00       		.sleb128 0
 918 02ce 00       		.byte	0
 919 02cf 18       		.uleb128 0x18
 920 02d0 54010000 		.4byte	.LVL55
 921 02d4 15       		.uleb128 0x15
 922 02d5 01       		.uleb128 0x1
 923 02d6 50       		.byte	0x50
 924 02d7 02       		.uleb128 0x2
 925 02d8 78       		.byte	0x78
 926 02d9 00       		.sleb128 0
 927 02da 00       		.byte	0
 928 02db 00       		.byte	0
 929 02dc 0C       		.uleb128 0xc
 930 02dd 58010000 		.4byte	0x158
 931 02e1 EC020000 		.4byte	0x2ec
 932 02e5 19       		.uleb128 0x19
 933 02e6 76000000 		.4byte	0x76
 934 02ea 01       		.byte	0x1
 935 02eb 00       		.byte	0
 936 02ec 1A       		.uleb128 0x1a
 937 02ed 1C000000 		.4byte	.LASF34
 938 02f1 01       		.byte	0x1
 939 02f2 2A       		.byte	0x2a
 940 02f3 DC020000 		.4byte	0x2dc
 941 02f7 05       		.uleb128 0x5
 942 02f8 03       		.byte	0x3
 943 02f9 00000000 		.4byte	handler_states
 944 02fd 1B       		.uleb128 0x1b
 945 02fe 9E020000 		.4byte	.LASF38
 946 0302 9E020000 		.4byte	.LASF38
 947 0306 1C       		.uleb128 0x1c
 948 0307 BE020000 		.4byte	.LASF39
 949 030b BE020000 		.4byte	.LASF39
 950 030f 04       		.byte	0x4
 951 0310 1F       		.byte	0x1f
 952 0311 00       		.byte	0
 953              		.section	.debug_abbrev,"",%progbits
 954              	.Ldebug_abbrev0:
 955 0000 01       		.uleb128 0x1
 956 0001 11       		.uleb128 0x11
 957 0002 01       		.byte	0x1
 958 0003 25       		.uleb128 0x25
 959 0004 0E       		.uleb128 0xe
 960 0005 13       		.uleb128 0x13
 961 0006 0B       		.uleb128 0xb
 962 0007 03       		.uleb128 0x3
 963 0008 0E       		.uleb128 0xe
 964 0009 1B       		.uleb128 0x1b
 965 000a 0E       		.uleb128 0xe
ARM GAS  C:\Users\euanm\AppData\Local\Temp\ccWfmr9c.s 			page 18


 966 000b 55       		.uleb128 0x55
 967 000c 17       		.uleb128 0x17
 968 000d 11       		.uleb128 0x11
 969 000e 01       		.uleb128 0x1
 970 000f 10       		.uleb128 0x10
 971 0010 17       		.uleb128 0x17
 972 0011 00       		.byte	0
 973 0012 00       		.byte	0
 974 0013 02       		.uleb128 0x2
 975 0014 24       		.uleb128 0x24
 976 0015 00       		.byte	0
 977 0016 0B       		.uleb128 0xb
 978 0017 0B       		.uleb128 0xb
 979 0018 3E       		.uleb128 0x3e
 980 0019 0B       		.uleb128 0xb
 981 001a 03       		.uleb128 0x3
 982 001b 08       		.uleb128 0x8
 983 001c 00       		.byte	0
 984 001d 00       		.byte	0
 985 001e 03       		.uleb128 0x3
 986 001f 24       		.uleb128 0x24
 987 0020 00       		.byte	0
 988 0021 0B       		.uleb128 0xb
 989 0022 0B       		.uleb128 0xb
 990 0023 3E       		.uleb128 0x3e
 991 0024 0B       		.uleb128 0xb
 992 0025 03       		.uleb128 0x3
 993 0026 0E       		.uleb128 0xe
 994 0027 00       		.byte	0
 995 0028 00       		.byte	0
 996 0029 04       		.uleb128 0x4
 997 002a 16       		.uleb128 0x16
 998 002b 00       		.byte	0
 999 002c 03       		.uleb128 0x3
 1000 002d 0E       		.uleb128 0xe
 1001 002e 3A       		.uleb128 0x3a
 1002 002f 0B       		.uleb128 0xb
 1003 0030 3B       		.uleb128 0x3b
 1004 0031 0B       		.uleb128 0xb
 1005 0032 49       		.uleb128 0x49
 1006 0033 13       		.uleb128 0x13
 1007 0034 00       		.byte	0
 1008 0035 00       		.byte	0
 1009 0036 05       		.uleb128 0x5
 1010 0037 0F       		.uleb128 0xf
 1011 0038 00       		.byte	0
 1012 0039 0B       		.uleb128 0xb
 1013 003a 0B       		.uleb128 0xb
 1014 003b 49       		.uleb128 0x49
 1015 003c 13       		.uleb128 0x13
 1016 003d 00       		.byte	0
 1017 003e 00       		.byte	0
 1018 003f 06       		.uleb128 0x6
 1019 0040 13       		.uleb128 0x13
 1020 0041 01       		.byte	0x1
 1021 0042 0B       		.uleb128 0xb
 1022 0043 05       		.uleb128 0x5
ARM GAS  C:\Users\euanm\AppData\Local\Temp\ccWfmr9c.s 			page 19


 1023 0044 3A       		.uleb128 0x3a
 1024 0045 0B       		.uleb128 0xb
 1025 0046 3B       		.uleb128 0x3b
 1026 0047 0B       		.uleb128 0xb
 1027 0048 01       		.uleb128 0x1
 1028 0049 13       		.uleb128 0x13
 1029 004a 00       		.byte	0
 1030 004b 00       		.byte	0
 1031 004c 07       		.uleb128 0x7
 1032 004d 0D       		.uleb128 0xd
 1033 004e 00       		.byte	0
 1034 004f 03       		.uleb128 0x3
 1035 0050 0E       		.uleb128 0xe
 1036 0051 3A       		.uleb128 0x3a
 1037 0052 0B       		.uleb128 0xb
 1038 0053 3B       		.uleb128 0x3b
 1039 0054 0B       		.uleb128 0xb
 1040 0055 49       		.uleb128 0x49
 1041 0056 13       		.uleb128 0x13
 1042 0057 38       		.uleb128 0x38
 1043 0058 0B       		.uleb128 0xb
 1044 0059 00       		.byte	0
 1045 005a 00       		.byte	0
 1046 005b 08       		.uleb128 0x8
 1047 005c 0D       		.uleb128 0xd
 1048 005d 00       		.byte	0
 1049 005e 03       		.uleb128 0x3
 1050 005f 0E       		.uleb128 0xe
 1051 0060 3A       		.uleb128 0x3a
 1052 0061 0B       		.uleb128 0xb
 1053 0062 3B       		.uleb128 0x3b
 1054 0063 0B       		.uleb128 0xb
 1055 0064 49       		.uleb128 0x49
 1056 0065 13       		.uleb128 0x13
 1057 0066 38       		.uleb128 0x38
 1058 0067 05       		.uleb128 0x5
 1059 0068 00       		.byte	0
 1060 0069 00       		.byte	0
 1061 006a 09       		.uleb128 0x9
 1062 006b 35       		.uleb128 0x35
 1063 006c 00       		.byte	0
 1064 006d 49       		.uleb128 0x49
 1065 006e 13       		.uleb128 0x13
 1066 006f 00       		.byte	0
 1067 0070 00       		.byte	0
 1068 0071 0A       		.uleb128 0xa
 1069 0072 15       		.uleb128 0x15
 1070 0073 01       		.byte	0x1
 1071 0074 27       		.uleb128 0x27
 1072 0075 19       		.uleb128 0x19
 1073 0076 01       		.uleb128 0x1
 1074 0077 13       		.uleb128 0x13
 1075 0078 00       		.byte	0
 1076 0079 00       		.byte	0
 1077 007a 0B       		.uleb128 0xb
 1078 007b 05       		.uleb128 0x5
 1079 007c 00       		.byte	0
ARM GAS  C:\Users\euanm\AppData\Local\Temp\ccWfmr9c.s 			page 20


 1080 007d 49       		.uleb128 0x49
 1081 007e 13       		.uleb128 0x13
 1082 007f 00       		.byte	0
 1083 0080 00       		.byte	0
 1084 0081 0C       		.uleb128 0xc
 1085 0082 01       		.uleb128 0x1
 1086 0083 01       		.byte	0x1
 1087 0084 49       		.uleb128 0x49
 1088 0085 13       		.uleb128 0x13
 1089 0086 01       		.uleb128 0x1
 1090 0087 13       		.uleb128 0x13
 1091 0088 00       		.byte	0
 1092 0089 00       		.byte	0
 1093 008a 0D       		.uleb128 0xd
 1094 008b 21       		.uleb128 0x21
 1095 008c 00       		.byte	0
 1096 008d 49       		.uleb128 0x49
 1097 008e 13       		.uleb128 0x13
 1098 008f 2F       		.uleb128 0x2f
 1099 0090 05       		.uleb128 0x5
 1100 0091 00       		.byte	0
 1101 0092 00       		.byte	0
 1102 0093 0E       		.uleb128 0xe
 1103 0094 2E       		.uleb128 0x2e
 1104 0095 01       		.byte	0x1
 1105 0096 3F       		.uleb128 0x3f
 1106 0097 19       		.uleb128 0x19
 1107 0098 03       		.uleb128 0x3
 1108 0099 0E       		.uleb128 0xe
 1109 009a 3A       		.uleb128 0x3a
 1110 009b 0B       		.uleb128 0xb
 1111 009c 3B       		.uleb128 0x3b
 1112 009d 0B       		.uleb128 0xb
 1113 009e 27       		.uleb128 0x27
 1114 009f 19       		.uleb128 0x19
 1115 00a0 11       		.uleb128 0x11
 1116 00a1 01       		.uleb128 0x1
 1117 00a2 12       		.uleb128 0x12
 1118 00a3 06       		.uleb128 0x6
 1119 00a4 40       		.uleb128 0x40
 1120 00a5 18       		.uleb128 0x18
 1121 00a6 9742     		.uleb128 0x2117
 1122 00a8 19       		.uleb128 0x19
 1123 00a9 01       		.uleb128 0x1
 1124 00aa 13       		.uleb128 0x13
 1125 00ab 00       		.byte	0
 1126 00ac 00       		.byte	0
 1127 00ad 0F       		.uleb128 0xf
 1128 00ae 05       		.uleb128 0x5
 1129 00af 00       		.byte	0
 1130 00b0 03       		.uleb128 0x3
 1131 00b1 0E       		.uleb128 0xe
 1132 00b2 3A       		.uleb128 0x3a
 1133 00b3 0B       		.uleb128 0xb
 1134 00b4 3B       		.uleb128 0x3b
 1135 00b5 0B       		.uleb128 0xb
 1136 00b6 49       		.uleb128 0x49
ARM GAS  C:\Users\euanm\AppData\Local\Temp\ccWfmr9c.s 			page 21


 1137 00b7 13       		.uleb128 0x13
 1138 00b8 02       		.uleb128 0x2
 1139 00b9 18       		.uleb128 0x18
 1140 00ba 00       		.byte	0
 1141 00bb 00       		.byte	0
 1142 00bc 10       		.uleb128 0x10
 1143 00bd 05       		.uleb128 0x5
 1144 00be 00       		.byte	0
 1145 00bf 03       		.uleb128 0x3
 1146 00c0 0E       		.uleb128 0xe
 1147 00c1 3A       		.uleb128 0x3a
 1148 00c2 0B       		.uleb128 0xb
 1149 00c3 3B       		.uleb128 0x3b
 1150 00c4 0B       		.uleb128 0xb
 1151 00c5 49       		.uleb128 0x49
 1152 00c6 13       		.uleb128 0x13
 1153 00c7 02       		.uleb128 0x2
 1154 00c8 17       		.uleb128 0x17
 1155 00c9 00       		.byte	0
 1156 00ca 00       		.byte	0
 1157 00cb 11       		.uleb128 0x11
 1158 00cc 05       		.uleb128 0x5
 1159 00cd 00       		.byte	0
 1160 00ce 03       		.uleb128 0x3
 1161 00cf 08       		.uleb128 0x8
 1162 00d0 3A       		.uleb128 0x3a
 1163 00d1 0B       		.uleb128 0xb
 1164 00d2 3B       		.uleb128 0x3b
 1165 00d3 0B       		.uleb128 0xb
 1166 00d4 49       		.uleb128 0x49
 1167 00d5 13       		.uleb128 0x13
 1168 00d6 02       		.uleb128 0x2
 1169 00d7 17       		.uleb128 0x17
 1170 00d8 00       		.byte	0
 1171 00d9 00       		.byte	0
 1172 00da 12       		.uleb128 0x12
 1173 00db 34       		.uleb128 0x34
 1174 00dc 00       		.byte	0
 1175 00dd 03       		.uleb128 0x3
 1176 00de 0E       		.uleb128 0xe
 1177 00df 3A       		.uleb128 0x3a
 1178 00e0 0B       		.uleb128 0xb
 1179 00e1 3B       		.uleb128 0x3b
 1180 00e2 0B       		.uleb128 0xb
 1181 00e3 49       		.uleb128 0x49
 1182 00e4 13       		.uleb128 0x13
 1183 00e5 02       		.uleb128 0x2
 1184 00e6 17       		.uleb128 0x17
 1185 00e7 00       		.byte	0
 1186 00e8 00       		.byte	0
 1187 00e9 13       		.uleb128 0x13
 1188 00ea 34       		.uleb128 0x34
 1189 00eb 00       		.byte	0
 1190 00ec 03       		.uleb128 0x3
 1191 00ed 08       		.uleb128 0x8
 1192 00ee 3A       		.uleb128 0x3a
 1193 00ef 0B       		.uleb128 0xb
ARM GAS  C:\Users\euanm\AppData\Local\Temp\ccWfmr9c.s 			page 22


 1194 00f0 3B       		.uleb128 0x3b
 1195 00f1 0B       		.uleb128 0xb
 1196 00f2 49       		.uleb128 0x49
 1197 00f3 13       		.uleb128 0x13
 1198 00f4 02       		.uleb128 0x2
 1199 00f5 17       		.uleb128 0x17
 1200 00f6 00       		.byte	0
 1201 00f7 00       		.byte	0
 1202 00f8 14       		.uleb128 0x14
 1203 00f9 898201   		.uleb128 0x4109
 1204 00fc 01       		.byte	0x1
 1205 00fd 11       		.uleb128 0x11
 1206 00fe 01       		.uleb128 0x1
 1207 00ff 31       		.uleb128 0x31
 1208 0100 13       		.uleb128 0x13
 1209 0101 01       		.uleb128 0x1
 1210 0102 13       		.uleb128 0x13
 1211 0103 00       		.byte	0
 1212 0104 00       		.byte	0
 1213 0105 15       		.uleb128 0x15
 1214 0106 8A8201   		.uleb128 0x410a
 1215 0109 00       		.byte	0
 1216 010a 02       		.uleb128 0x2
 1217 010b 18       		.uleb128 0x18
 1218 010c 9142     		.uleb128 0x2111
 1219 010e 18       		.uleb128 0x18
 1220 010f 00       		.byte	0
 1221 0110 00       		.byte	0
 1222 0111 16       		.uleb128 0x16
 1223 0112 898201   		.uleb128 0x4109
 1224 0115 01       		.byte	0x1
 1225 0116 11       		.uleb128 0x11
 1226 0117 01       		.uleb128 0x1
 1227 0118 9542     		.uleb128 0x2115
 1228 011a 19       		.uleb128 0x19
 1229 011b 00       		.byte	0
 1230 011c 00       		.byte	0
 1231 011d 17       		.uleb128 0x17
 1232 011e 0B       		.uleb128 0xb
 1233 011f 01       		.byte	0x1
 1234 0120 11       		.uleb128 0x11
 1235 0121 01       		.uleb128 0x1
 1236 0122 12       		.uleb128 0x12
 1237 0123 06       		.uleb128 0x6
 1238 0124 00       		.byte	0
 1239 0125 00       		.byte	0
 1240 0126 18       		.uleb128 0x18
 1241 0127 898201   		.uleb128 0x4109
 1242 012a 01       		.byte	0x1
 1243 012b 11       		.uleb128 0x11
 1244 012c 01       		.uleb128 0x1
 1245 012d 00       		.byte	0
 1246 012e 00       		.byte	0
 1247 012f 19       		.uleb128 0x19
 1248 0130 21       		.uleb128 0x21
 1249 0131 00       		.byte	0
 1250 0132 49       		.uleb128 0x49
ARM GAS  C:\Users\euanm\AppData\Local\Temp\ccWfmr9c.s 			page 23


 1251 0133 13       		.uleb128 0x13
 1252 0134 2F       		.uleb128 0x2f
 1253 0135 0B       		.uleb128 0xb
 1254 0136 00       		.byte	0
 1255 0137 00       		.byte	0
 1256 0138 1A       		.uleb128 0x1a
 1257 0139 34       		.uleb128 0x34
 1258 013a 00       		.byte	0
 1259 013b 03       		.uleb128 0x3
 1260 013c 0E       		.uleb128 0xe
 1261 013d 3A       		.uleb128 0x3a
 1262 013e 0B       		.uleb128 0xb
 1263 013f 3B       		.uleb128 0x3b
 1264 0140 0B       		.uleb128 0xb
 1265 0141 49       		.uleb128 0x49
 1266 0142 13       		.uleb128 0x13
 1267 0143 02       		.uleb128 0x2
 1268 0144 18       		.uleb128 0x18
 1269 0145 00       		.byte	0
 1270 0146 00       		.byte	0
 1271 0147 1B       		.uleb128 0x1b
 1272 0148 2E       		.uleb128 0x2e
 1273 0149 00       		.byte	0
 1274 014a 3F       		.uleb128 0x3f
 1275 014b 19       		.uleb128 0x19
 1276 014c 3C       		.uleb128 0x3c
 1277 014d 19       		.uleb128 0x19
 1278 014e 6E       		.uleb128 0x6e
 1279 014f 0E       		.uleb128 0xe
 1280 0150 03       		.uleb128 0x3
 1281 0151 0E       		.uleb128 0xe
 1282 0152 00       		.byte	0
 1283 0153 00       		.byte	0
 1284 0154 1C       		.uleb128 0x1c
 1285 0155 2E       		.uleb128 0x2e
 1286 0156 00       		.byte	0
 1287 0157 3F       		.uleb128 0x3f
 1288 0158 19       		.uleb128 0x19
 1289 0159 3C       		.uleb128 0x3c
 1290 015a 19       		.uleb128 0x19
 1291 015b 6E       		.uleb128 0x6e
 1292 015c 0E       		.uleb128 0xe
 1293 015d 03       		.uleb128 0x3
 1294 015e 0E       		.uleb128 0xe
 1295 015f 3A       		.uleb128 0x3a
 1296 0160 0B       		.uleb128 0xb
 1297 0161 3B       		.uleb128 0x3b
 1298 0162 0B       		.uleb128 0xb
 1299 0163 00       		.byte	0
 1300 0164 00       		.byte	0
 1301 0165 00       		.byte	0
 1302              		.section	.debug_loc,"",%progbits
 1303              	.Ldebug_loc0:
 1304              	.LLST0:
 1305 0000 00000000 		.4byte	.LVL0
 1306 0004 06000000 		.4byte	.LVL1
 1307 0008 0100     		.2byte	0x1
ARM GAS  C:\Users\euanm\AppData\Local\Temp\ccWfmr9c.s 			page 24


 1308 000a 52       		.byte	0x52
 1309 000b 06000000 		.4byte	.LVL1
 1310 000f 14000000 		.4byte	.LFE0
 1311 0013 0400     		.2byte	0x4
 1312 0015 F3       		.byte	0xf3
 1313 0016 01       		.uleb128 0x1
 1314 0017 52       		.byte	0x52
 1315 0018 9F       		.byte	0x9f
 1316 0019 00000000 		.4byte	0
 1317 001d 00000000 		.4byte	0
 1318              	.LLST1:
 1319 0021 00000000 		.4byte	.LVL2
 1320 0025 40000000 		.4byte	.LVL7
 1321 0029 0100     		.2byte	0x1
 1322 002b 50       		.byte	0x50
 1323 002c 40000000 		.4byte	.LVL7
 1324 0030 70000000 		.4byte	.LVL15
 1325 0034 0100     		.2byte	0x1
 1326 0036 57       		.byte	0x57
 1327 0037 70000000 		.4byte	.LVL15
 1328 003b 72000000 		.4byte	.LVL16
 1329 003f 0400     		.2byte	0x4
 1330 0041 F3       		.byte	0xf3
 1331 0042 01       		.uleb128 0x1
 1332 0043 50       		.byte	0x50
 1333 0044 9F       		.byte	0x9f
 1334 0045 72000000 		.4byte	.LVL16
 1335 0049 80000000 		.4byte	.LVL19
 1336 004d 0100     		.2byte	0x1
 1337 004f 50       		.byte	0x50
 1338 0050 80000000 		.4byte	.LVL19
 1339 0054 84000000 		.4byte	.LVL20
 1340 0058 0100     		.2byte	0x1
 1341 005a 57       		.byte	0x57
 1342 005b 84000000 		.4byte	.LVL20
 1343 005f 88000000 		.4byte	.LFE1
 1344 0063 0400     		.2byte	0x4
 1345 0065 F3       		.byte	0xf3
 1346 0066 01       		.uleb128 0x1
 1347 0067 50       		.byte	0x50
 1348 0068 9F       		.byte	0x9f
 1349 0069 00000000 		.4byte	0
 1350 006d 00000000 		.4byte	0
 1351              	.LLST2:
 1352 0071 00000000 		.4byte	.LVL2
 1353 0075 42000000 		.4byte	.LVL8
 1354 0079 0100     		.2byte	0x1
 1355 007b 51       		.byte	0x51
 1356 007c 42000000 		.4byte	.LVL8
 1357 0080 45000000 		.4byte	.LVL9-1
 1358 0084 0100     		.2byte	0x1
 1359 0086 52       		.byte	0x52
 1360 0087 45000000 		.4byte	.LVL9-1
 1361 008b 70000000 		.4byte	.LVL15
 1362 008f 0100     		.2byte	0x1
 1363 0091 56       		.byte	0x56
 1364 0092 70000000 		.4byte	.LVL15
ARM GAS  C:\Users\euanm\AppData\Local\Temp\ccWfmr9c.s 			page 25


 1365 0096 72000000 		.4byte	.LVL16
 1366 009a 0400     		.2byte	0x4
 1367 009c F3       		.byte	0xf3
 1368 009d 01       		.uleb128 0x1
 1369 009e 51       		.byte	0x51
 1370 009f 9F       		.byte	0x9f
 1371 00a0 72000000 		.4byte	.LVL16
 1372 00a4 80000000 		.4byte	.LVL19
 1373 00a8 0100     		.2byte	0x1
 1374 00aa 51       		.byte	0x51
 1375 00ab 80000000 		.4byte	.LVL19
 1376 00af 84000000 		.4byte	.LVL20
 1377 00b3 0100     		.2byte	0x1
 1378 00b5 56       		.byte	0x56
 1379 00b6 84000000 		.4byte	.LVL20
 1380 00ba 88000000 		.4byte	.LFE1
 1381 00be 0400     		.2byte	0x4
 1382 00c0 F3       		.byte	0xf3
 1383 00c1 01       		.uleb128 0x1
 1384 00c2 51       		.byte	0x51
 1385 00c3 9F       		.byte	0x9f
 1386 00c4 00000000 		.4byte	0
 1387 00c8 00000000 		.4byte	0
 1388              	.LLST3:
 1389 00cc 00000000 		.4byte	.LVL2
 1390 00d0 2E000000 		.4byte	.LVL6
 1391 00d4 0100     		.2byte	0x1
 1392 00d6 52       		.byte	0x52
 1393 00d7 2E000000 		.4byte	.LVL6
 1394 00db 72000000 		.4byte	.LVL16
 1395 00df 0400     		.2byte	0x4
 1396 00e1 F3       		.byte	0xf3
 1397 00e2 01       		.uleb128 0x1
 1398 00e3 52       		.byte	0x52
 1399 00e4 9F       		.byte	0x9f
 1400 00e5 72000000 		.4byte	.LVL16
 1401 00e9 80000000 		.4byte	.LVL19
 1402 00ed 0100     		.2byte	0x1
 1403 00ef 52       		.byte	0x52
 1404 00f0 80000000 		.4byte	.LVL19
 1405 00f4 88000000 		.4byte	.LFE1
 1406 00f8 0400     		.2byte	0x4
 1407 00fa F3       		.byte	0xf3
 1408 00fb 01       		.uleb128 0x1
 1409 00fc 52       		.byte	0x52
 1410 00fd 9F       		.byte	0x9f
 1411 00fe 00000000 		.4byte	0
 1412 0102 00000000 		.4byte	0
 1413              	.LLST4:
 1414 0106 06000000 		.4byte	.LVL3
 1415 010a 1C000000 		.4byte	.LVL4
 1416 010e 0200     		.2byte	0x2
 1417 0110 30       		.byte	0x30
 1418 0111 9F       		.byte	0x9f
 1419 0112 1C000000 		.4byte	.LVL4
 1420 0116 2C000000 		.4byte	.LVL5
 1421 011a 0200     		.2byte	0x2
ARM GAS  C:\Users\euanm\AppData\Local\Temp\ccWfmr9c.s 			page 26


 1422 011c 31       		.byte	0x31
 1423 011d 9F       		.byte	0x9f
 1424 011e 52000000 		.4byte	.LVL11
 1425 0122 62000000 		.4byte	.LVL13
 1426 0126 0300     		.2byte	0x3
 1427 0128 75       		.byte	0x75
 1428 0129 01       		.sleb128 1
 1429 012a 9F       		.byte	0x9f
 1430 012b 62000000 		.4byte	.LVL13
 1431 012f 64000000 		.4byte	.LVL14
 1432 0133 0300     		.2byte	0x3
 1433 0135 75       		.byte	0x75
 1434 0136 02       		.sleb128 2
 1435 0137 9F       		.byte	0x9f
 1436 0138 64000000 		.4byte	.LVL14
 1437 013c 71000000 		.4byte	.LVL16-1
 1438 0140 0100     		.2byte	0x1
 1439 0142 51       		.byte	0x51
 1440 0143 72000000 		.4byte	.LVL16
 1441 0147 7C000000 		.4byte	.LVL17
 1442 014b 0200     		.2byte	0x2
 1443 014d 31       		.byte	0x31
 1444 014e 9F       		.byte	0x9f
 1445 014f 7C000000 		.4byte	.LVL17
 1446 0153 7E000000 		.4byte	.LVL18
 1447 0157 0200     		.2byte	0x2
 1448 0159 32       		.byte	0x32
 1449 015a 9F       		.byte	0x9f
 1450 015b 80000000 		.4byte	.LVL19
 1451 015f 88000000 		.4byte	.LFE1
 1452 0163 0100     		.2byte	0x1
 1453 0165 51       		.byte	0x51
 1454 0166 00000000 		.4byte	0
 1455 016a 00000000 		.4byte	0
 1456              	.LLST5:
 1457 016e 52000000 		.4byte	.LVL11
 1458 0172 5E000000 		.4byte	.LVL12
 1459 0176 0100     		.2byte	0x1
 1460 0178 50       		.byte	0x50
 1461 0179 00000000 		.4byte	0
 1462 017d 00000000 		.4byte	0
 1463              	.LLST6:
 1464 0181 00000000 		.4byte	.LVL21
 1465 0185 0A000000 		.4byte	.LVL22
 1466 0189 0200     		.2byte	0x2
 1467 018b 30       		.byte	0x30
 1468 018c 9F       		.byte	0x9f
 1469 018d 0A000000 		.4byte	.LVL22
 1470 0191 24000000 		.4byte	.LVL23
 1471 0195 0200     		.2byte	0x2
 1472 0197 31       		.byte	0x31
 1473 0198 9F       		.byte	0x9f
 1474 0199 24000000 		.4byte	.LVL23
 1475 019d 26000000 		.4byte	.LVL24
 1476 01a1 0200     		.2byte	0x2
 1477 01a3 32       		.byte	0x32
 1478 01a4 9F       		.byte	0x9f
ARM GAS  C:\Users\euanm\AppData\Local\Temp\ccWfmr9c.s 			page 27


 1479 01a5 26000000 		.4byte	.LVL24
 1480 01a9 2C000000 		.4byte	.LVL25
 1481 01ad 0200     		.2byte	0x2
 1482 01af 31       		.byte	0x31
 1483 01b0 9F       		.byte	0x9f
 1484 01b1 2C000000 		.4byte	.LVL25
 1485 01b5 34000000 		.4byte	.LVL26
 1486 01b9 0200     		.2byte	0x2
 1487 01bb 30       		.byte	0x30
 1488 01bc 9F       		.byte	0x9f
 1489 01bd 34000000 		.4byte	.LVL26
 1490 01c1 48000000 		.4byte	.LFE2
 1491 01c5 0200     		.2byte	0x2
 1492 01c7 31       		.byte	0x31
 1493 01c8 9F       		.byte	0x9f
 1494 01c9 00000000 		.4byte	0
 1495 01cd 00000000 		.4byte	0
 1496              	.LLST7:
 1497 01d1 00000000 		.4byte	.LVL27
 1498 01d5 24000000 		.4byte	.LVL28
 1499 01d9 0100     		.2byte	0x1
 1500 01db 50       		.byte	0x50
 1501 01dc 24000000 		.4byte	.LVL28
 1502 01e0 30000000 		.4byte	.LVL30
 1503 01e4 0400     		.2byte	0x4
 1504 01e6 F3       		.byte	0xf3
 1505 01e7 01       		.uleb128 0x1
 1506 01e8 50       		.byte	0x50
 1507 01e9 9F       		.byte	0x9f
 1508 01ea 30000000 		.4byte	.LVL30
 1509 01ee 58000000 		.4byte	.LVL34
 1510 01f2 0100     		.2byte	0x1
 1511 01f4 50       		.byte	0x50
 1512 01f5 58000000 		.4byte	.LVL34
 1513 01f9 60000000 		.4byte	.LVL35
 1514 01fd 0400     		.2byte	0x4
 1515 01ff F3       		.byte	0xf3
 1516 0200 01       		.uleb128 0x1
 1517 0201 50       		.byte	0x50
 1518 0202 9F       		.byte	0x9f
 1519 0203 60000000 		.4byte	.LVL35
 1520 0207 6C000000 		.4byte	.LVL37
 1521 020b 0100     		.2byte	0x1
 1522 020d 50       		.byte	0x50
 1523 020e 6C000000 		.4byte	.LVL37
 1524 0212 86000000 		.4byte	.LVL38
 1525 0216 0400     		.2byte	0x4
 1526 0218 F3       		.byte	0xf3
 1527 0219 01       		.uleb128 0x1
 1528 021a 50       		.byte	0x50
 1529 021b 9F       		.byte	0x9f
 1530 021c 86000000 		.4byte	.LVL38
 1531 0220 D4000000 		.4byte	.LVL42
 1532 0224 0100     		.2byte	0x1
 1533 0226 50       		.byte	0x50
 1534 0227 D4000000 		.4byte	.LVL42
 1535 022b DC000000 		.4byte	.LVL43
ARM GAS  C:\Users\euanm\AppData\Local\Temp\ccWfmr9c.s 			page 28


 1536 022f 0400     		.2byte	0x4
 1537 0231 F3       		.byte	0xf3
 1538 0232 01       		.uleb128 0x1
 1539 0233 50       		.byte	0x50
 1540 0234 9F       		.byte	0x9f
 1541 0235 DC000000 		.4byte	.LVL43
 1542 0239 F6000000 		.4byte	.LVL47
 1543 023d 0100     		.2byte	0x1
 1544 023f 50       		.byte	0x50
 1545 0240 F6000000 		.4byte	.LVL47
 1546 0244 FE000000 		.4byte	.LVL48
 1547 0248 0400     		.2byte	0x4
 1548 024a F3       		.byte	0xf3
 1549 024b 01       		.uleb128 0x1
 1550 024c 50       		.byte	0x50
 1551 024d 9F       		.byte	0x9f
 1552 024e FE000000 		.4byte	.LVL48
 1553 0252 0C010000 		.4byte	.LVL49
 1554 0256 0100     		.2byte	0x1
 1555 0258 50       		.byte	0x50
 1556 0259 0C010000 		.4byte	.LVL49
 1557 025d 18010000 		.4byte	.LVL50
 1558 0261 0400     		.2byte	0x4
 1559 0263 F3       		.byte	0xf3
 1560 0264 01       		.uleb128 0x1
 1561 0265 50       		.byte	0x50
 1562 0266 9F       		.byte	0x9f
 1563 0267 18010000 		.4byte	.LVL50
 1564 026b 30010000 		.4byte	.LVL52
 1565 026f 0100     		.2byte	0x1
 1566 0271 50       		.byte	0x50
 1567 0272 30010000 		.4byte	.LVL52
 1568 0276 5C010000 		.4byte	.LFE3
 1569 027a 0400     		.2byte	0x4
 1570 027c F3       		.byte	0xf3
 1571 027d 01       		.uleb128 0x1
 1572 027e 50       		.byte	0x50
 1573 027f 9F       		.byte	0x9f
 1574 0280 00000000 		.4byte	0
 1575 0284 00000000 		.4byte	0
 1576              	.LLST8:
 1577 0288 00000000 		.4byte	.LVL27
 1578 028c 24000000 		.4byte	.LVL28
 1579 0290 0100     		.2byte	0x1
 1580 0292 51       		.byte	0x51
 1581 0293 24000000 		.4byte	.LVL28
 1582 0297 26000000 		.4byte	.LVL29
 1583 029b 0100     		.2byte	0x1
 1584 029d 54       		.byte	0x54
 1585 029e 26000000 		.4byte	.LVL29
 1586 02a2 30000000 		.4byte	.LVL30
 1587 02a6 0400     		.2byte	0x4
 1588 02a8 F3       		.byte	0xf3
 1589 02a9 01       		.uleb128 0x1
 1590 02aa 51       		.byte	0x51
 1591 02ab 9F       		.byte	0x9f
 1592 02ac 30000000 		.4byte	.LVL30
ARM GAS  C:\Users\euanm\AppData\Local\Temp\ccWfmr9c.s 			page 29


 1593 02b0 32000000 		.4byte	.LVL31
 1594 02b4 0100     		.2byte	0x1
 1595 02b6 51       		.byte	0x51
 1596 02b7 32000000 		.4byte	.LVL31
 1597 02bb 46000000 		.4byte	.LVL32
 1598 02bf 0400     		.2byte	0x4
 1599 02c1 F3       		.byte	0xf3
 1600 02c2 01       		.uleb128 0x1
 1601 02c3 51       		.byte	0x51
 1602 02c4 9F       		.byte	0x9f
 1603 02c5 46000000 		.4byte	.LVL32
 1604 02c9 48000000 		.4byte	.LVL33
 1605 02cd 0100     		.2byte	0x1
 1606 02cf 51       		.byte	0x51
 1607 02d0 48000000 		.4byte	.LVL33
 1608 02d4 60000000 		.4byte	.LVL35
 1609 02d8 0400     		.2byte	0x4
 1610 02da F3       		.byte	0xf3
 1611 02db 01       		.uleb128 0x1
 1612 02dc 51       		.byte	0x51
 1613 02dd 9F       		.byte	0x9f
 1614 02de 60000000 		.4byte	.LVL35
 1615 02e2 62000000 		.4byte	.LVL36
 1616 02e6 0100     		.2byte	0x1
 1617 02e8 51       		.byte	0x51
 1618 02e9 62000000 		.4byte	.LVL36
 1619 02ed 86000000 		.4byte	.LVL38
 1620 02f1 0400     		.2byte	0x4
 1621 02f3 F3       		.byte	0xf3
 1622 02f4 01       		.uleb128 0x1
 1623 02f5 51       		.byte	0x51
 1624 02f6 9F       		.byte	0x9f
 1625 02f7 86000000 		.4byte	.LVL38
 1626 02fb B6000000 		.4byte	.LVL39
 1627 02ff 0100     		.2byte	0x1
 1628 0301 51       		.byte	0x51
 1629 0302 B6000000 		.4byte	.LVL39
 1630 0306 C2000000 		.4byte	.LVL40
 1631 030a 0400     		.2byte	0x4
 1632 030c F3       		.byte	0xf3
 1633 030d 01       		.uleb128 0x1
 1634 030e 51       		.byte	0x51
 1635 030f 9F       		.byte	0x9f
 1636 0310 C2000000 		.4byte	.LVL40
 1637 0314 C4000000 		.4byte	.LVL41
 1638 0318 0100     		.2byte	0x1
 1639 031a 51       		.byte	0x51
 1640 031b C4000000 		.4byte	.LVL41
 1641 031f DC000000 		.4byte	.LVL43
 1642 0323 0400     		.2byte	0x4
 1643 0325 F3       		.byte	0xf3
 1644 0326 01       		.uleb128 0x1
 1645 0327 51       		.byte	0x51
 1646 0328 9F       		.byte	0x9f
 1647 0329 DC000000 		.4byte	.LVL43
 1648 032d DE000000 		.4byte	.LVL44
 1649 0331 0100     		.2byte	0x1
ARM GAS  C:\Users\euanm\AppData\Local\Temp\ccWfmr9c.s 			page 30


 1650 0333 51       		.byte	0x51
 1651 0334 DE000000 		.4byte	.LVL44
 1652 0338 EA000000 		.4byte	.LVL45
 1653 033c 0400     		.2byte	0x4
 1654 033e F3       		.byte	0xf3
 1655 033f 01       		.uleb128 0x1
 1656 0340 51       		.byte	0x51
 1657 0341 9F       		.byte	0x9f
 1658 0342 EA000000 		.4byte	.LVL45
 1659 0346 EC000000 		.4byte	.LVL46
 1660 034a 0100     		.2byte	0x1
 1661 034c 51       		.byte	0x51
 1662 034d EC000000 		.4byte	.LVL46
 1663 0351 20010000 		.4byte	.LVL51
 1664 0355 0400     		.2byte	0x4
 1665 0357 F3       		.byte	0xf3
 1666 0358 01       		.uleb128 0x1
 1667 0359 51       		.byte	0x51
 1668 035a 9F       		.byte	0x9f
 1669 035b 20010000 		.4byte	.LVL51
 1670 035f 34010000 		.4byte	.LVL53
 1671 0363 0100     		.2byte	0x1
 1672 0365 51       		.byte	0x51
 1673 0366 34010000 		.4byte	.LVL53
 1674 036a 5C010000 		.4byte	.LFE3
 1675 036e 0100     		.2byte	0x1
 1676 0370 54       		.byte	0x54
 1677 0371 00000000 		.4byte	0
 1678 0375 00000000 		.4byte	0
 1679              		.section	.debug_aranges,"",%progbits
 1680 0000 34000000 		.4byte	0x34
 1681 0004 0200     		.2byte	0x2
 1682 0006 00000000 		.4byte	.Ldebug_info0
 1683 000a 04       		.byte	0x4
 1684 000b 00       		.byte	0
 1685 000c 0000     		.2byte	0
 1686 000e 0000     		.2byte	0
 1687 0010 00000000 		.4byte	.LFB0
 1688 0014 14000000 		.4byte	.LFE0-.LFB0
 1689 0018 00000000 		.4byte	.LFB1
 1690 001c 88000000 		.4byte	.LFE1-.LFB1
 1691 0020 00000000 		.4byte	.LFB2
 1692 0024 48000000 		.4byte	.LFE2-.LFB2
 1693 0028 00000000 		.4byte	.LFB3
 1694 002c 5C010000 		.4byte	.LFE3-.LFB3
 1695 0030 00000000 		.4byte	0
 1696 0034 00000000 		.4byte	0
 1697              		.section	.debug_ranges,"",%progbits
 1698              	.Ldebug_ranges0:
 1699 0000 00000000 		.4byte	.LFB0
 1700 0004 14000000 		.4byte	.LFE0
 1701 0008 00000000 		.4byte	.LFB1
 1702 000c 88000000 		.4byte	.LFE1
 1703 0010 00000000 		.4byte	.LFB2
 1704 0014 48000000 		.4byte	.LFE2
 1705 0018 00000000 		.4byte	.LFB3
 1706 001c 5C010000 		.4byte	.LFE3
ARM GAS  C:\Users\euanm\AppData\Local\Temp\ccWfmr9c.s 			page 31


 1707 0020 00000000 		.4byte	0
 1708 0024 00000000 		.4byte	0
 1709              		.section	.debug_line,"",%progbits
 1710              	.Ldebug_line0:
 1711 0000 AF010000 		.section	.debug_str,"MS",%progbits,1
 1711      0200F300 
 1711      00000201 
 1711      FB0E0D00 
 1711      01010101 
 1712              	.LASF22:
 1713 0000 6372635F 		.ascii	"crc_high\000"
 1713      68696768 
 1713      00
 1714              	.LASF36:
 1715 0009 7061636B 		.ascii	"packet.c\000"
 1715      65742E63 
 1715      00
 1716              	.LASF11:
 1717 0012 5F5F7569 		.ascii	"__uint8_t\000"
 1717      6E74385F 
 1717      7400
 1718              	.LASF34:
 1719 001c 68616E64 		.ascii	"handler_states\000"
 1719      6C65725F 
 1719      73746174 
 1719      657300
 1720              	.LASF26:
 1721 002b 68616E64 		.ascii	"handler_num\000"
 1721      6C65725F 
 1721      6E756D00 
 1722              	.LASF33:
 1723 0037 72785F64 		.ascii	"rx_data\000"
 1723      61746100 
 1724              	.LASF23:
 1725 003f 5041434B 		.ascii	"PACKET_STATE_t\000"
 1725      45545F53 
 1725      54415445 
 1725      5F7400
 1726              	.LASF32:
 1727 004e 7061636B 		.ascii	"packet_process_byte\000"
 1727      65745F70 
 1727      726F6365 
 1727      73735F62 
 1727      79746500 
 1728              	.LASF19:
 1729 0062 74785F62 		.ascii	"tx_buffer\000"
 1729      75666665 
 1729      7200
 1730              	.LASF29:
 1731 006c 64617461 		.ascii	"data\000"
 1731      00
 1732              	.LASF30:
 1733 0071 625F696E 		.ascii	"b_ind\000"
 1733      6400
 1734              	.LASF35:
 1735 0077 474E5520 		.ascii	"GNU C99 5.4.1 20160919 (release) [ARM/embedded-5-br"
 1735      43393920 
ARM GAS  C:\Users\euanm\AppData\Local\Temp\ccWfmr9c.s 			page 32


 1735      352E342E 
 1735      31203230 
 1735      31363039 
 1736 00aa 616E6368 		.ascii	"anch revision 240496] -mcpu=cortex-m4 -mfloat-abi=h"
 1736      20726576 
 1736      6973696F 
 1736      6E203234 
 1736      30343936 
 1737 00dd 61726420 		.ascii	"ard -mfpu=fpv4-sp-d16 -mno-thumb-interwork -mthumb "
 1737      2D6D6670 
 1737      753D6670 
 1737      76342D73 
 1737      702D6431 
 1738 0110 2D676764 		.ascii	"-ggdb -O2 -std=gnu99 -fomit-frame-pointer -falign-f"
 1738      62202D4F 
 1738      32202D73 
 1738      74643D67 
 1738      6E753939 
 1739 0143 756E6374 		.ascii	"unctions=16 -ffunction-sections -fdata-sections -fn"
 1739      696F6E73 
 1739      3D313620 
 1739      2D666675 
 1739      6E637469 
 1740 0176 6F2D636F 		.ascii	"o-common -fsingle-precision-constant\000"
 1740      6D6D6F6E 
 1740      202D6673 
 1740      696E676C 
 1740      652D7072 
 1741              	.LASF16:
 1742 019b 70726F63 		.ascii	"process_func\000"
 1742      6573735F 
 1742      66756E63 
 1742      00
 1743              	.LASF18:
 1744 01a8 72785F62 		.ascii	"rx_buffer\000"
 1744      75666665 
 1744      7200
 1745              	.LASF2:
 1746 01b2 756E7369 		.ascii	"unsigned char\000"
 1746      676E6564 
 1746      20636861 
 1746      7200
 1747              	.LASF6:
 1748 01c0 6C6F6E67 		.ascii	"long unsigned int\000"
 1748      20756E73 
 1748      69676E65 
 1748      6420696E 
 1748      7400
 1749              	.LASF4:
 1750 01d2 73686F72 		.ascii	"short unsigned int\000"
 1750      7420756E 
 1750      7369676E 
 1750      65642069 
 1750      6E7400
 1751              	.LASF37:
 1752 01e5 643A5C47 		.ascii	"d:\\Git\\A450S\\bldc-firmware\000"
 1752      69745C41 
ARM GAS  C:\Users\euanm\AppData\Local\Temp\ccWfmr9c.s 			page 33


 1752      34353053 
 1752      5C626C64 
 1752      632D6669 
 1753              	.LASF0:
 1754 0200 756E7369 		.ascii	"unsigned int\000"
 1754      676E6564 
 1754      20696E74 
 1754      00
 1755              	.LASF20:
 1756 020d 72785F64 		.ascii	"rx_data_ptr\000"
 1756      6174615F 
 1756      70747200 
 1757              	.LASF31:
 1758 0219 7061636B 		.ascii	"packet_timerfunc\000"
 1758      65745F74 
 1758      696D6572 
 1758      66756E63 
 1758      00
 1759              	.LASF8:
 1760 022a 6C6F6E67 		.ascii	"long long unsigned int\000"
 1760      206C6F6E 
 1760      6720756E 
 1760      7369676E 
 1760      65642069 
 1761              	.LASF12:
 1762 0241 75696E74 		.ascii	"uint8_t\000"
 1762      385F7400 
 1763              	.LASF28:
 1764 0249 7061636B 		.ascii	"packet_send_packet\000"
 1764      65745F73 
 1764      656E645F 
 1764      7061636B 
 1764      657400
 1765              	.LASF21:
 1766 025c 6372635F 		.ascii	"crc_low\000"
 1766      6C6F7700 
 1767              	.LASF14:
 1768 0264 72785F74 		.ascii	"rx_timeout\000"
 1768      696D656F 
 1768      757400
 1769              	.LASF24:
 1770 026f 735F6675 		.ascii	"s_func\000"
 1770      6E6300
 1771              	.LASF15:
 1772 0276 73656E64 		.ascii	"send_func\000"
 1772      5F66756E 
 1772      6300
 1773              	.LASF9:
 1774 0280 73697A65 		.ascii	"sizetype\000"
 1774      74797065 
 1774      00
 1775              	.LASF7:
 1776 0289 6C6F6E67 		.ascii	"long long int\000"
 1776      206C6F6E 
 1776      6720696E 
 1776      7400
 1777              	.LASF25:
ARM GAS  C:\Users\euanm\AppData\Local\Temp\ccWfmr9c.s 			page 34


 1778 0297 705F6675 		.ascii	"p_func\000"
 1778      6E6300
 1779              	.LASF38:
 1780 029e 6D656D63 		.ascii	"memcpy\000"
 1780      707900
 1781              	.LASF3:
 1782 02a5 73686F72 		.ascii	"short int\000"
 1782      7420696E 
 1782      7400
 1783              	.LASF17:
 1784 02af 7061796C 		.ascii	"payload_length\000"
 1784      6F61645F 
 1784      6C656E67 
 1784      746800
 1785              	.LASF39:
 1786 02be 63726331 		.ascii	"crc16\000"
 1786      3600
 1787              	.LASF5:
 1788 02c4 6C6F6E67 		.ascii	"long int\000"
 1788      20696E74 
 1788      00
 1789              	.LASF10:
 1790 02cd 63686172 		.ascii	"char\000"
 1790      00
 1791              	.LASF27:
 1792 02d2 7061636B 		.ascii	"packet_init\000"
 1792      65745F69 
 1792      6E697400 
 1793              	.LASF1:
 1794 02de 7369676E 		.ascii	"signed char\000"
 1794      65642063 
 1794      68617200 
 1795              	.LASF13:
 1796 02ea 72785F73 		.ascii	"rx_state\000"
 1796      74617465 
 1796      00
 1797              		.ident	"GCC: (GNU Tools for ARM Embedded Processors) 5.4.1 20160919 (release) [ARM/embedded-5-bran
ARM GAS  C:\Users\euanm\AppData\Local\Temp\ccWfmr9c.s 			page 35


DEFINED SYMBOLS
                            *ABS*:00000000 packet.c
C:\Users\euanm\AppData\Local\Temp\ccWfmr9c.s:22     .text.packet_init:00000000 $t
C:\Users\euanm\AppData\Local\Temp\ccWfmr9c.s:28     .text.packet_init:00000000 packet_init
C:\Users\euanm\AppData\Local\Temp\ccWfmr9c.s:49     .text.packet_init:00000010 $d
C:\Users\euanm\AppData\Local\Temp\ccWfmr9c.s:54     .text.packet_send_packet:00000000 $t
C:\Users\euanm\AppData\Local\Temp\ccWfmr9c.s:60     .text.packet_send_packet:00000000 packet_send_packet
C:\Users\euanm\AppData\Local\Temp\ccWfmr9c.s:205    .text.packet_send_packet:00000084 $d
C:\Users\euanm\AppData\Local\Temp\ccWfmr9c.s:210    .text.packet_timerfunc:00000000 $t
C:\Users\euanm\AppData\Local\Temp\ccWfmr9c.s:216    .text.packet_timerfunc:00000000 packet_timerfunc
C:\Users\euanm\AppData\Local\Temp\ccWfmr9c.s:269    .text.packet_timerfunc:00000044 $d
C:\Users\euanm\AppData\Local\Temp\ccWfmr9c.s:275    .text.packet_process_byte:00000000 $t
C:\Users\euanm\AppData\Local\Temp\ccWfmr9c.s:281    .text.packet_process_byte:00000000 packet_process_byte
C:\Users\euanm\AppData\Local\Temp\ccWfmr9c.s:308    .text.packet_process_byte:00000016 $d
C:\Users\euanm\AppData\Local\Temp\ccWfmr9c.s:545    .text.packet_process_byte:00000158 $d
C:\Users\euanm\AppData\Local\Temp\ccWfmr9c.s:550    .bss.handler_states:00000000 $d
C:\Users\euanm\AppData\Local\Temp\ccWfmr9c.s:554    .bss.handler_states:00000000 handler_states
                     .debug_frame:00000010 $d
C:\Users\euanm\AppData\Local\Temp\ccWfmr9c.s:315    .text.packet_process_byte:0000001d $d
C:\Users\euanm\AppData\Local\Temp\ccWfmr9c.s:315    .text.packet_process_byte:0000001e $t

UNDEFINED SYMBOLS
memcpy
crc16
